Log file open, 11/10/20 20:55:01
LogInit: Display: Running engine for game: BattleTank
LogPlatformFile: Not using cached read wrapper
LogTaskGraph: Started task graph with 5 named threads and 23 total threads with 3 sets of task threads.
LogStats: Stats thread started at 0.221081
LogD3D11RHI: Loaded GFSDK_Aftermath_Lib.x64.dll
LogICUInternationalization: ICU TimeZone Detection - Raw Offset: +3:00, Platform Override: ''
LogPluginManager: Mounting plugin Paper2D
LogPluginManager: Mounting plugin AISupport
LogPluginManager: Mounting plugin LightPropagationVolume
LogPluginManager: Mounting plugin CameraShakePreviewer
LogPluginManager: Mounting plugin ActorLayerUtilities
LogPluginManager: Mounting plugin AnimationSharing
LogPluginManager: Mounting plugin CLionSourceCodeAccess
LogPluginManager: Mounting plugin CodeLiteSourceCodeAccess
LogPluginManager: Mounting plugin GitSourceControl
LogPluginManager: Mounting plugin KDevelopSourceCodeAccess
LogPluginManager: Mounting plugin NullSourceCodeAccess
LogPluginManager: Mounting plugin PerforceSourceControl
LogPluginManager: Mounting plugin PlasticSourceControl
LogPluginManager: Mounting plugin RiderLink
LogPluginManager: Mounting plugin RiderSourceCodeAccess
LogPluginManager: Mounting plugin SubversionSourceControl
LogPluginManager: Mounting plugin UObjectPlugin
LogPluginManager: Mounting plugin VisualStudioCodeSourceCodeAccess
LogPluginManager: Mounting plugin VisualStudioSourceCodeAccess
LogPluginManager: Mounting plugin XCodeSourceCodeAccess
LogPluginManager: Mounting plugin AssetManagerEditor
LogPluginManager: Mounting plugin CryptoKeys
LogPluginManager: Mounting plugin CurveEditorTools
LogPluginManager: Mounting plugin DataValidation
LogPluginManager: Mounting plugin EditorScriptingUtilities
LogPluginManager: Mounting plugin FacialAnimation
LogPluginManager: Mounting plugin GameplayTagsEditor
LogPluginManager: Mounting plugin GeometryMode
LogPluginManager: Mounting plugin MacGraphicsSwitching
LogPluginManager: Mounting plugin MaterialAnalyzer
LogPluginManager: Mounting plugin MobileLauncherProfileWizard
LogPluginManager: Mounting plugin PluginBrowser
LogPluginManager: Mounting plugin SpeedTreeImporter
LogPluginManager: Mounting plugin DatasmithContent
LogPluginManager: Mounting plugin VariantManagerContent
LogPluginManager: Mounting plugin AlembicImporter
LogPluginManager: Mounting plugin AutomationUtils
LogPluginManager: Mounting plugin BackChannel
LogPluginManager: Mounting plugin ChaosCloth
LogPluginManager: Mounting plugin ChaosClothEditor
LogPluginManager: Mounting plugin ChaosEditor
LogPluginManager: Mounting plugin ChaosNiagara
LogPluginManager: Mounting plugin ChaosSolverPlugin
LogPluginManager: Mounting plugin CharacterAI
LogPluginManager: Mounting plugin GeometryCache
LogPluginManager: Mounting plugin GeometryCollectionPlugin
LogPluginManager: Mounting plugin GeometryProcessing
LogPluginManager: Mounting plugin PlanarCut
LogPluginManager: Mounting plugin PlatformCrypto
LogPluginManager: Mounting plugin ProxyLODPlugin
LogPluginManager: Mounting plugin SkeletalReduction
LogPluginManager: Mounting plugin Niagara
LogPluginManager: Mounting plugin MagicLeap
LogPluginManager: Mounting plugin MagicLeapLightEstimation
LogPluginManager: Mounting plugin MagicLeapMedia
LogPluginManager: Mounting plugin MagicLeapPassableWorld
LogPluginManager: Mounting plugin MLSDK
LogPluginManager: Mounting plugin AndroidMedia
LogPluginManager: Mounting plugin AvfMedia
LogPluginManager: Mounting plugin ImgMedia
LogPluginManager: Mounting plugin MediaCompositing
LogPluginManager: Mounting plugin MediaPlayerEditor
LogPluginManager: Mounting plugin WebMMedia
LogPluginManager: Mounting plugin WmfMedia
LogPluginManager: Mounting plugin MeshPainting
LogPluginManager: Mounting plugin TcpMessaging
LogPluginManager: Mounting plugin UdpMessaging
LogPluginManager: Mounting plugin ActorSequence
LogPluginManager: Mounting plugin LevelSequenceEditor
LogPluginManager: Mounting plugin MatineeToLevelSequence
LogPluginManager: Mounting plugin MovieRenderPipeline
LogPluginManager: Mounting plugin TemplateSequence
LogPluginManager: Mounting plugin NetcodeUnitTest
LogPluginManager: Mounting plugin NUTUnrealEngine4
LogPluginManager: Mounting plugin OnlineSubsystemGooglePlay
LogPluginManager: Mounting plugin OnlineSubsystemIOS
LogPluginManager: Mounting plugin OnlineSubsystem
LogPluginManager: Mounting plugin OnlineSubsystemNull
LogPluginManager: Mounting plugin OnlineSubsystemUtils
LogPluginManager: Mounting plugin LauncherChunkInstaller
LogPluginManager: Mounting plugin AndroidDeviceProfileSelector
LogPluginManager: Mounting plugin AndroidMoviePlayer
LogPluginManager: Mounting plugin AndroidPermission
LogPluginManager: Mounting plugin AppleImageUtils
LogPluginManager: Mounting plugin AppleMoviePlayer
LogPluginManager: Mounting plugin ArchVisCharacter
LogPluginManager: Mounting plugin AssetTags
LogPluginManager: Mounting plugin AudioCapture
LogPluginManager: Mounting plugin CableComponent
LogPluginManager: Mounting plugin CustomMeshComponent
LogPluginManager: Mounting plugin EditableMesh
LogPluginManager: Mounting plugin ExampleDeviceProfileSelector
LogPluginManager: Mounting plugin GoogleCloudMessaging
LogPluginManager: Mounting plugin GooglePAD
LogPluginManager: Mounting plugin IOSDeviceProfileSelector
LogPluginManager: Mounting plugin LinuxDeviceProfileSelector
LogPluginManager: Mounting plugin LocationServicesBPLibrary
LogPluginManager: Mounting plugin MobilePatchingUtils
LogPluginManager: Mounting plugin OculusVR
LogPluginManager: Mounting plugin PhysXVehicles
LogPluginManager: Mounting plugin PostSplashScreen
LogPluginManager: Mounting plugin ProceduralMeshComponent
LogPluginManager: Mounting plugin RuntimePhysXCooking
LogPluginManager: Mounting plugin SignificanceManager
LogPluginManager: Mounting plugin SoundFields
LogPluginManager: Mounting plugin SteamVR
LogPluginManager: Mounting plugin Synthesis
LogPluginManager: Mounting plugin WebMMoviePlayer
LogPluginManager: Mounting plugin WindowsMoviePlayer
LogPluginManager: Mounting plugin ScreenshotTools
LogInit: Using libcurl 7.55.1-DEV
LogInit:  - built for x86_64-pc-win32
LogInit:  - supports SSL with OpenSSL/1.1.1
LogInit:  - supports HTTP deflate (compression) using libz 1.2.8
LogInit:  - other features:
LogInit:      CURL_VERSION_SSL
LogInit:      CURL_VERSION_LIBZ
LogInit:      CURL_VERSION_IPV6
LogInit:      CURL_VERSION_ASYNCHDNS
LogInit:      CURL_VERSION_LARGEFILE
LogInit:      CURL_VERSION_IDN
LogInit:  CurlRequestOptions (configurable via config and command line):
LogInit:  - bVerifyPeer = true  - Libcurl will verify peer certificate
LogInit:  - bUseHttpProxy = false  - Libcurl will NOT use HTTP proxy
LogInit:  - bDontReuseConnections = false  - Libcurl will reuse connections
LogInit:  - MaxHostConnections = 16  - Libcurl will limit the number of connections to a host
LogInit:  - LocalHostAddr = Default
LogInit:  - BufferSize = 65536
LogOnline: OSS: Creating online subsystem instance for: NULL
LogInit: WinSock: version 1.1 (2.2), MaxSocks=32767, MaxUdp=65467
LogOnline: OSS: TryLoadSubsystemAndSetDefault: Loaded subsystem for module [NULL]
LogInit: Build: ++UE4+Release-4.25-CL-14469661
LogInit: Engine Version: 4.25.4-14469661+++UE4+Release-4.25
LogInit: Compatible Engine Version: 4.25.0-13144385+++UE4+Release-4.25
LogInit: Net CL: 13144385
LogInit: OS: Windows 10 (Release 2004) (), CPU: Intel(R) Core(TM) i7-6700HQ CPU @ 2.60GHz, GPU: Intel(R) HD Graphics 530
LogInit: Compiled (64-bit): Oct 11 2020 08:10:49
LogInit: Compiled with Visual C++: 19.24.28315.00
LogInit: Build Configuration: Development
LogInit: Branch Name: ++UE4+Release-4.25
LogInit: Command Line: 
LogInit: Base Directory: C:/Program Files/Epic Games/UE_4.25/Engine/Binaries/Win64/
LogInit: Allocator: TBB
LogInit: Installed Engine Build: 1
LogDevObjectVersion: Number of dev versions registered: 26
LogDevObjectVersion:   Dev-Blueprints (B0D832E4-1F89-4F0D-ACCF-7EB736FD4AA2): 10
LogDevObjectVersion:   Dev-Build (E1C64328-A22C-4D53-A36C-8E866417BD8C): 0
LogDevObjectVersion:   Dev-Core (375EC13C-06E4-48FB-B500-84F0262A717E): 4
LogDevObjectVersion:   Dev-Editor (E4B068ED-F494-42E9-A231-DA0B2E46BB41): 38
LogDevObjectVersion:   Dev-Framework (CFFC743F-43B0-4480-9391-14DF171D2073): 37
LogDevObjectVersion:   Dev-Mobile (B02B49B5-BB20-44E9-A304-32B752E40360): 2
LogDevObjectVersion:   Dev-Networking (A4E4105C-59A1-49B5-A7C5-40C4547EDFEE): 0
LogDevObjectVersion:   Dev-Online (39C831C9-5AE6-47DC-9A44-9C173E1C8E7C): 0
LogDevObjectVersion:   Dev-Physics (78F01B33-EBEA-4F98-B9B4-84EACCB95AA2): 4
LogDevObjectVersion:   Dev-Platform (6631380F-2D4D-43E0-8009-CF276956A95A): 0
LogDevObjectVersion:   Dev-Rendering (12F88B9F-8875-4AFC-A67C-D90C383ABD29): 43
LogDevObjectVersion:   Dev-Sequencer (7B5AE74C-D270-4C10-A958-57980B212A5A): 12
LogDevObjectVersion:   Dev-VR (D7296918-1DD6-4BDD-9DE2-64A83CC13884): 3
LogDevObjectVersion:   Dev-LoadTimes (C2A15278-BFE7-4AFE-6C17-90FF531DF755): 1
LogDevObjectVersion:   Private-Geometry (6EACA3D4-40EC-4CC1-B786-8BED09428FC5): 3
LogDevObjectVersion:   Dev-AnimPhys (29E575DD-E0A3-4627-9D10-D276232CDCEA): 17
LogDevObjectVersion:   Dev-Anim (AF43A65D-7FD3-4947-9873-3E8ED9C1BB05): 7
LogDevObjectVersion:   Dev-ReflectionCapture (6B266CEC-1EC7-4B8F-A30B-E4D90942FC07): 1
LogDevObjectVersion:   Dev-Automation (0DF73D61-A23F-47EA-B727-89E90C41499A): 1
LogDevObjectVersion:   FortniteMain (601D1886-AC64-4F84-AA16-D3DE0DEAC7D6): 31
LogDevObjectVersion:   Dev-Enterprise (9DFFBCD6-494F-0158-E221-12823C92A888): 10
LogDevObjectVersion:   Dev-Niagara (F2AED0AC-9AFE-416F-8664-AA7FFA26D6FC): 1
LogDevObjectVersion:   Dev-Destruction (174F1F0B-B4C6-45A5-B13F-2EE8D0FB917D): 10
LogDevObjectVersion:   Dev-Physics-Ext (35F94A83-E258-406C-A318-09F59610247C): 37
LogDevObjectVersion:   Dev-PhysicsMaterial-Chaos (B68FC16E-8B1B-42E2-B453-215C058844FE): 1
LogDevObjectVersion:   Dev-CineCamera (B2E18506-4273-CFC2-A54E-F4BB758BBA07): 1
LogInit: Presizing for max 25165824 objects, including 0 objects not considered by GC, pre-allocating 0 bytes for permanent pool.
LogConfig: Applying CVar settings from Section [/Script/Engine.StreamingSettings] File [C:/Users/TarmaDSho/Desktop/TANK04/BattleTank/Saved/Config/Windows/Engine.ini]
LogConfig: Setting CVar [[s.MinBulkDataSizeForAsyncLoading:131072]]
LogConfig: Setting CVar [[s.AsyncLoadingThreadEnabled:0]]
LogConfig: Setting CVar [[s.EventDrivenLoaderEnabled:1]]
LogConfig: Setting CVar [[s.WarnIfTimeLimitExceeded:0]]
LogConfig: Setting CVar [[s.TimeLimitExceededMultiplier:1.5]]
LogConfig: Setting CVar [[s.TimeLimitExceededMinTime:0.005]]
LogConfig: Setting CVar [[s.UseBackgroundLevelStreaming:1]]
LogConfig: Setting CVar [[s.PriorityAsyncLoadingExtraTime:15.0]]
LogConfig: Setting CVar [[s.LevelStreamingActorsUpdateTimeLimit:5.0]]
LogConfig: Setting CVar [[s.PriorityLevelStreamingActorsUpdateExtraTime:5.0]]
LogConfig: Setting CVar [[s.LevelStreamingComponentsRegistrationGranularity:10]]
LogConfig: Setting CVar [[s.UnregisterComponentsTimeLimit:1.0]]
LogConfig: Setting CVar [[s.LevelStreamingComponentsUnregistrationGranularity:5]]
LogConfig: Setting CVar [[s.FlushStreamingOnExit:1]]
LogInit: Object subsystem initialized
LogConfig: Setting CVar [[con.DebugEarlyDefault:1]]
LogConfig: Setting CVar [[r.setres:1280x720]]
[2020.11.10-17.55.01:993][  0]LogConfig: Setting CVar [[r.VSync:0]]
[2020.11.10-17.55.01:993][  0]LogConfig: Setting CVar [[r.RHICmdBypass:0]]
[2020.11.10-17.55.01:993][  0]LogConfig: Applying CVar settings from Section [/Script/Engine.RendererSettings] File [C:/Users/TarmaDSho/Desktop/TANK04/BattleTank/Saved/Config/Windows/Engine.ini]
[2020.11.10-17.55.01:993][  0]LogConfig: Setting CVar [[r.GPUCrashDebugging:0]]
[2020.11.10-17.55.01:993][  0]LogConfig: Applying CVar settings from Section [/Script/Engine.RendererOverrideSettings] File [C:/Users/TarmaDSho/Desktop/TANK04/BattleTank/Saved/Config/Windows/Engine.ini]
[2020.11.10-17.55.01:993][  0]LogConfig: Applying CVar settings from Section [/Script/Engine.StreamingSettings] File [C:/Users/TarmaDSho/Desktop/TANK04/BattleTank/Saved/Config/Windows/Engine.ini]
[2020.11.10-17.55.01:993][  0]LogConfig: Setting CVar [[s.MinBulkDataSizeForAsyncLoading:131072]]
[2020.11.10-17.55.01:994][  0]LogConfig: Setting CVar [[s.AsyncLoadingThreadEnabled:0]]
[2020.11.10-17.55.01:994][  0]LogConfig: Setting CVar [[s.EventDrivenLoaderEnabled:1]]
[2020.11.10-17.55.01:994][  0]LogConfig: Setting CVar [[s.WarnIfTimeLimitExceeded:0]]
[2020.11.10-17.55.01:994][  0]LogConfig: Setting CVar [[s.TimeLimitExceededMultiplier:1.5]]
[2020.11.10-17.55.01:994][  0]LogConfig: Setting CVar [[s.TimeLimitExceededMinTime:0.005]]
[2020.11.10-17.55.01:994][  0]LogConfig: Setting CVar [[s.UseBackgroundLevelStreaming:1]]
[2020.11.10-17.55.01:994][  0]LogConfig: Setting CVar [[s.PriorityAsyncLoadingExtraTime:15.0]]
[2020.11.10-17.55.01:994][  0]LogConfig: Setting CVar [[s.LevelStreamingActorsUpdateTimeLimit:5.0]]
[2020.11.10-17.55.01:994][  0]LogConfig: Setting CVar [[s.PriorityLevelStreamingActorsUpdateExtraTime:5.0]]
[2020.11.10-17.55.01:994][  0]LogConfig: Setting CVar [[s.LevelStreamingComponentsRegistrationGranularity:10]]
[2020.11.10-17.55.01:994][  0]LogConfig: Setting CVar [[s.UnregisterComponentsTimeLimit:1.0]]
[2020.11.10-17.55.01:994][  0]LogConfig: Setting CVar [[s.LevelStreamingComponentsUnregistrationGranularity:5]]
[2020.11.10-17.55.01:994][  0]LogConfig: Setting CVar [[s.FlushStreamingOnExit:1]]
[2020.11.10-17.55.01:994][  0]LogConfig: Applying CVar settings from Section [/Script/Engine.GarbageCollectionSettings] File [C:/Users/TarmaDSho/Desktop/TANK04/BattleTank/Saved/Config/Windows/Engine.ini]
[2020.11.10-17.55.01:994][  0]LogConfig: Setting CVar [[gc.MaxObjectsNotConsideredByGC:1]]
[2020.11.10-17.55.01:994][  0]LogConfig: Setting CVar [[gc.SizeOfPermanentObjectPool:0]]
[2020.11.10-17.55.01:994][  0]LogConfig: Setting CVar [[gc.FlushStreamingOnGC:0]]
[2020.11.10-17.55.01:994][  0]LogConfig: Setting CVar [[gc.NumRetriesBeforeForcingGC:10]]
[2020.11.10-17.55.01:994][  0]LogConfig: Setting CVar [[gc.AllowParallelGC:1]]
[2020.11.10-17.55.01:994][  0]LogConfig: Setting CVar [[gc.TimeBetweenPurgingPendingKillObjects:61.1]]
[2020.11.10-17.55.01:994][  0]LogConfig: Setting CVar [[gc.MaxObjectsInEditor:25165824]]
[2020.11.10-17.55.01:994][  0]LogConfig: Setting CVar [[gc.IncrementalBeginDestroyEnabled:1]]
[2020.11.10-17.55.01:994][  0]LogConfig: Setting CVar [[gc.CreateGCClusters:1]]
[2020.11.10-17.55.01:994][  0]LogConfig: Setting CVar [[gc.MinGCClusterSize:5]]
[2020.11.10-17.55.01:994][  0]LogConfig: Setting CVar [[gc.ActorClusteringEnabled:0]]
[2020.11.10-17.55.01:994][  0]LogConfig: Setting CVar [[gc.BlueprintClusteringEnabled:0]]
[2020.11.10-17.55.01:994][  0]LogConfig: Setting CVar [[gc.UseDisregardForGCOnDedicatedServers:0]]
[2020.11.10-17.55.01:994][  0]LogConfig: Applying CVar settings from Section [/Script/Engine.NetworkSettings] File [C:/Users/TarmaDSho/Desktop/TANK04/BattleTank/Saved/Config/Windows/Engine.ini]
[2020.11.10-17.55.01:994][  0]LogConfig: Applying CVar settings from Section [/Script/UnrealEd.CookerSettings] File [C:/Users/TarmaDSho/Desktop/TANK04/BattleTank/Saved/Config/Windows/Engine.ini]
[2020.11.10-17.55.02:000][  0]LogConfig: Applying CVar settings from Section [ViewDistanceQuality@3] File [C:/Users/TarmaDSho/Desktop/TANK04/BattleTank/Saved/Config/Windows/Scalability.ini]
[2020.11.10-17.55.02:000][  0]LogConfig: Setting CVar [[r.SkeletalMeshLODBias:0]]
[2020.11.10-17.55.02:000][  0]LogConfig: Setting CVar [[r.ViewDistanceScale:1.0]]
[2020.11.10-17.55.02:000][  0]LogConfig: Applying CVar settings from Section [AntiAliasingQuality@3] File [C:/Users/TarmaDSho/Desktop/TANK04/BattleTank/Saved/Config/Windows/Scalability.ini]
[2020.11.10-17.55.02:000][  0]LogConfig: Setting CVar [[r.PostProcessAAQuality:4]]
[2020.11.10-17.55.02:000][  0]LogConfig: Applying CVar settings from Section [ShadowQuality@3] File [C:/Users/TarmaDSho/Desktop/TANK04/BattleTank/Saved/Config/Windows/Scalability.ini]
[2020.11.10-17.55.02:000][  0]LogConfig: Setting CVar [[r.LightFunctionQuality:1]]
[2020.11.10-17.55.02:000][  0]LogConfig: Setting CVar [[r.ShadowQuality:5]]
[2020.11.10-17.55.02:000][  0]LogConfig: Setting CVar [[r.Shadow.CSM.MaxCascades:10]]
[2020.11.10-17.55.02:000][  0]LogConfig: Setting CVar [[r.Shadow.MaxResolution:2048]]
[2020.11.10-17.55.02:000][  0]LogConfig: Setting CVar [[r.Shadow.MaxCSMResolution:2048]]
[2020.11.10-17.55.02:000][  0]LogConfig: Setting CVar [[r.Shadow.RadiusThreshold:0.01]]
[2020.11.10-17.55.02:000][  0]LogConfig: Setting CVar [[r.Shadow.DistanceScale:1.0]]
[2020.11.10-17.55.02:000][  0]LogConfig: Setting CVar [[r.Shadow.CSM.TransitionScale:1.0]]
[2020.11.10-17.55.02:000][  0]LogConfig: Setting CVar [[r.Shadow.PreShadowResolutionFactor:1.0]]
[2020.11.10-17.55.02:000][  0]LogConfig: Setting CVar [[r.DistanceFieldShadowing:1]]
[2020.11.10-17.55.02:000][  0]LogConfig: Setting CVar [[r.DistanceFieldAO:1]]
[2020.11.10-17.55.02:000][  0]LogConfig: Setting CVar [[r.AOQuality:2]]
[2020.11.10-17.55.02:000][  0]LogConfig: Setting CVar [[r.VolumetricFog:1]]
[2020.11.10-17.55.02:000][  0]LogConfig: Setting CVar [[r.VolumetricFog.GridPixelSize:8]]
[2020.11.10-17.55.02:000][  0]LogConfig: Setting CVar [[r.VolumetricFog.GridSizeZ:128]]
[2020.11.10-17.55.02:000][  0]LogConfig: Setting CVar [[r.VolumetricFog.HistoryMissSupersampleCount:4]]
[2020.11.10-17.55.02:000][  0]LogConfig: Setting CVar [[r.LightMaxDrawDistanceScale:1]]
[2020.11.10-17.55.02:000][  0]LogConfig: Setting CVar [[r.CapsuleShadows:1]]
[2020.11.10-17.55.02:000][  0]LogConfig: Applying CVar settings from Section [PostProcessQuality@3] File [C:/Users/TarmaDSho/Desktop/TANK04/BattleTank/Saved/Config/Windows/Scalability.ini]
[2020.11.10-17.55.02:000][  0]LogConfig: Setting CVar [[r.MotionBlurQuality:4]]
[2020.11.10-17.55.02:000][  0]LogConfig: Setting CVar [[r.AmbientOcclusionMipLevelFactor:0.4]]
[2020.11.10-17.55.02:000][  0]LogConfig: Setting CVar [[r.AmbientOcclusionMaxQuality:100]]
[2020.11.10-17.55.02:000][  0]LogConfig: Setting CVar [[r.AmbientOcclusionLevels:-1]]
[2020.11.10-17.55.02:000][  0]LogConfig: Setting CVar [[r.AmbientOcclusionRadiusScale:1.0]]
[2020.11.10-17.55.02:000][  0]LogConfig: Setting CVar [[r.DepthOfFieldQuality:2]]
[2020.11.10-17.55.02:000][  0]LogConfig: Setting CVar [[r.RenderTargetPoolMin:400]]
[2020.11.10-17.55.02:000][  0]LogConfig: Setting CVar [[r.LensFlareQuality:2]]
[2020.11.10-17.55.02:000][  0]LogConfig: Setting CVar [[r.SceneColorFringeQuality:1]]
[2020.11.10-17.55.02:000][  0]LogConfig: Setting CVar [[r.EyeAdaptationQuality:2]]
[2020.11.10-17.55.02:000][  0]LogConfig: Setting CVar [[r.BloomQuality:5]]
[2020.11.10-17.55.02:000][  0]LogConfig: Setting CVar [[r.FastBlurThreshold:100]]
[2020.11.10-17.55.02:000][  0]LogConfig: Setting CVar [[r.Upscale.Quality:3]]
[2020.11.10-17.55.02:000][  0]LogConfig: Setting CVar [[r.Tonemapper.GrainQuantization:1]]
[2020.11.10-17.55.02:000][  0]LogConfig: Setting CVar [[r.LightShaftQuality:1]]
[2020.11.10-17.55.02:000][  0]LogConfig: Setting CVar [[r.Filter.SizeScale:1]]
[2020.11.10-17.55.02:000][  0]LogConfig: Setting CVar [[r.Tonemapper.Quality:5]]
[2020.11.10-17.55.02:000][  0]LogConfig: Setting CVar [[r.DOF.Gather.AccumulatorQuality:1        ; higher gathering accumulator quality]]
[2020.11.10-17.55.02:000][  0]LogConfig: Setting CVar [[r.DOF.Gather.PostfilterMethod:1          ; Median3x3 postfilering method]]
[2020.11.10-17.55.02:000][  0]LogConfig: Setting CVar [[r.DOF.Gather.EnableBokehSettings:0       ; no bokeh simulation when gathering]]
[2020.11.10-17.55.02:000][  0]LogConfig: Setting CVar [[r.DOF.Gather.RingCount:4                 ; medium number of samples when gathering]]
[2020.11.10-17.55.02:000][  0]LogConfig: Setting CVar [[r.DOF.Scatter.ForegroundCompositing:1    ; additive foreground scattering]]
[2020.11.10-17.55.02:000][  0]LogConfig: Setting CVar [[r.DOF.Scatter.BackgroundCompositing:2    ; additive background scattering]]
[2020.11.10-17.55.02:000][  0]LogConfig: Setting CVar [[r.DOF.Scatter.EnableBokehSettings:1      ; bokeh simulation when scattering]]
[2020.11.10-17.55.02:000][  0]LogConfig: Setting CVar [[r.DOF.Scatter.MaxSpriteRatio:0.1         ; only a maximum of 10% of scattered bokeh]]
[2020.11.10-17.55.02:000][  0]LogConfig: Setting CVar [[r.DOF.Recombine.Quality:1                ; cheap slight out of focus]]
[2020.11.10-17.55.02:000][  0]LogConfig: Setting CVar [[r.DOF.Recombine.EnableBokehSettings:0    ; no bokeh simulation on slight out of focus]]
[2020.11.10-17.55.02:001][  0]LogConfig: Setting CVar [[r.DOF.TemporalAAQuality:1                ; more stable temporal accumulation]]
[2020.11.10-17.55.02:001][  0]LogConfig: Setting CVar [[r.DOF.Kernel.MaxForegroundRadius:0.025]]
[2020.11.10-17.55.02:001][  0]LogConfig: Setting CVar [[r.DOF.Kernel.MaxBackgroundRadius:0.025]]
[2020.11.10-17.55.02:001][  0]LogConfig: Applying CVar settings from Section [TextureQuality@3] File [C:/Users/TarmaDSho/Desktop/TANK04/BattleTank/Saved/Config/Windows/Scalability.ini]
[2020.11.10-17.55.02:001][  0]LogConfig: Setting CVar [[r.Streaming.MipBias:0]]
[2020.11.10-17.55.02:001][  0]LogConfig: Setting CVar [[r.Streaming.AmortizeCPUToGPUCopy:0]]
[2020.11.10-17.55.02:001][  0]LogConfig: Setting CVar [[r.Streaming.MaxNumTexturesToStreamPerFrame:0]]
[2020.11.10-17.55.02:001][  0]LogConfig: Setting CVar [[r.Streaming.Boost:1]]
[2020.11.10-17.55.02:001][  0]LogConfig: Setting CVar [[r.MaxAnisotropy:8]]
[2020.11.10-17.55.02:001][  0]LogConfig: Setting CVar [[r.VT.MaxAnisotropy:8]]
[2020.11.10-17.55.02:001][  0]LogConfig: Setting CVar [[r.Streaming.LimitPoolSizeToVRAM:0]]
[2020.11.10-17.55.02:001][  0]LogConfig: Setting CVar [[r.Streaming.PoolSize:1000]]
[2020.11.10-17.55.02:001][  0]LogConfig: Setting CVar [[r.Streaming.MaxEffectiveScreenSize:0]]
[2020.11.10-17.55.02:001][  0]LogConfig: Applying CVar settings from Section [EffectsQuality@3] File [C:/Users/TarmaDSho/Desktop/TANK04/BattleTank/Saved/Config/Windows/Scalability.ini]
[2020.11.10-17.55.02:001][  0]LogConfig: Setting CVar [[r.TranslucencyLightingVolumeDim:64]]
[2020.11.10-17.55.02:001][  0]LogConfig: Setting CVar [[r.RefractionQuality:2]]
[2020.11.10-17.55.02:001][  0]LogConfig: Setting CVar [[r.SSR.Quality:3]]
[2020.11.10-17.55.02:001][  0]LogConfig: Setting CVar [[r.SSR.HalfResSceneColor:0]]
[2020.11.10-17.55.02:001][  0]LogConfig: Setting CVar [[r.SceneColorFormat:4]]
[2020.11.10-17.55.02:001][  0]LogConfig: Setting CVar [[r.DetailMode:2]]
[2020.11.10-17.55.02:001][  0]LogConfig: Setting CVar [[r.TranslucencyVolumeBlur:1]]
[2020.11.10-17.55.02:001][  0]LogConfig: Setting CVar [[r.MaterialQualityLevel:1 ; High quality]]
[2020.11.10-17.55.02:001][  0]LogConfig: Setting CVar [[r.SSS.Scale:1]]
[2020.11.10-17.55.02:001][  0]LogConfig: Setting CVar [[r.SSS.SampleSet:2]]
[2020.11.10-17.55.02:001][  0]LogConfig: Setting CVar [[r.SSS.Quality:1]]
[2020.11.10-17.55.02:001][  0]LogConfig: Setting CVar [[r.SSS.HalfRes:0]]
[2020.11.10-17.55.02:001][  0]LogConfig: Setting CVar [[r.SSGI.Quality:3]]
[2020.11.10-17.55.02:001][  0]LogConfig: Setting CVar [[r.EmitterSpawnRateScale:1.0]]
[2020.11.10-17.55.02:001][  0]LogConfig: Setting CVar [[r.ParticleLightQuality:2]]
[2020.11.10-17.55.02:001][  0]LogConfig: Setting CVar [[r.SkyAtmosphere.AerialPerspectiveLUT.FastApplyOnOpaque:1 ; Always have FastSkyLUT 1 in this case to avoid wrong sky]]
[2020.11.10-17.55.02:001][  0]LogConfig: Setting CVar [[r.SkyAtmosphere.AerialPerspectiveLUT.SampleCountPerSlice:1]]
[2020.11.10-17.55.02:001][  0]LogConfig: Setting CVar [[r.SkyAtmosphere.AerialPerspectiveLUT.DepthResolution:16.0]]
[2020.11.10-17.55.02:001][  0]LogConfig: Setting CVar [[r.SkyAtmosphere.FastSkyLUT:1]]
[2020.11.10-17.55.02:001][  0]LogConfig: Setting CVar [[r.SkyAtmosphere.FastSkyLUT.SampleCountMin:4.0]]
[2020.11.10-17.55.02:001][  0]LogConfig: Setting CVar [[r.SkyAtmosphere.FastSkyLUT.SampleCountMax:32.0]]
[2020.11.10-17.55.02:001][  0]LogConfig: Setting CVar [[r.SkyAtmosphere.SampleCountMin:4.0]]
[2020.11.10-17.55.02:001][  0]LogConfig: Setting CVar [[r.SkyAtmosphere.SampleCountMax:32.0]]
[2020.11.10-17.55.02:001][  0]LogConfig: Setting CVar [[r.SkyAtmosphere.TransmittanceLUT.UseSmallFormat:0]]
[2020.11.10-17.55.02:001][  0]LogConfig: Setting CVar [[r.SkyAtmosphere.TransmittanceLUT.SampleCount:10.0]]
[2020.11.10-17.55.02:001][  0]LogConfig: Setting CVar [[r.SkyAtmosphere.MultiScatteringLUT.SampleCount:15.0]]
[2020.11.10-17.55.02:001][  0]LogConfig: Applying CVar settings from Section [FoliageQuality@3] File [C:/Users/TarmaDSho/Desktop/TANK04/BattleTank/Saved/Config/Windows/Scalability.ini]
[2020.11.10-17.55.02:001][  0]LogConfig: Setting CVar [[foliage.DensityScale:1.0]]
[2020.11.10-17.55.02:001][  0]LogConfig: Setting CVar [[grass.DensityScale:1.0]]
[2020.11.10-17.55.02:001][  0]LogConfig: Applying CVar settings from Section [ShadingQuality@3] File [C:/Users/TarmaDSho/Desktop/TANK04/BattleTank/Saved/Config/Windows/Scalability.ini]
[2020.11.10-17.55.02:001][  0]LogConfig: Setting CVar [[r.HairStrands.SkyLighting.SampleCount:16]]
[2020.11.10-17.55.02:001][  0]LogConfig: Setting CVar [[r.HairStrands.SkyLighting.JitterIntegration:0]]
[2020.11.10-17.55.02:001][  0]LogConfig: Setting CVar [[r.HairStrands.SkyAO.SampleCount:16]]
[2020.11.10-17.55.02:001][  0]LogConfig: Setting CVar [[r.HairStrands.DeepShadow.SuperSampling:0]]
[2020.11.10-17.55.02:001][  0]LogConfig: Setting CVar [[r.HairStrands.VisibilityPPLL:0]]
[2020.11.10-17.55.02:001][  0]LogConfig: Setting CVar [[r.HairStrands.RasterizationScale:0.5]]
[2020.11.10-17.55.02:001][  0]LogConfig: Setting CVar [[r.HairStrands.VelocityRasterizationScale:1]]
[2020.11.10-17.55.02:001][  0]LogInit: Selected Device Profile: [Windows]
[2020.11.10-17.55.02:001][  0]LogInit: Applying CVar settings loaded from the selected device profile: [Windows]
[2020.11.10-17.55.02:001][  0]LogHAL: Display: Platform has ~ 24 GB [25663389696 / 34359738368 / 24], which maps to Larger [LargestMinGB=32, LargerMinGB=12, DefaultMinGB=8, SmallerMinGB=6, SmallestMinGB=0)
[2020.11.10-17.55.02:001][  0]LogInit: Going up to parent DeviceProfile []
[2020.11.10-17.55.02:001][  0]LogConfig: Applying CVar settings from Section [ViewDistanceQuality@3] File [C:/Users/TarmaDSho/Desktop/TANK04/BattleTank/Saved/Config/Windows/Scalability.ini]
[2020.11.10-17.55.02:002][  0]LogConfig: Setting CVar [[r.SkeletalMeshLODBias:0]]
[2020.11.10-17.55.02:002][  0]LogConfig: Setting CVar [[r.ViewDistanceScale:1.0]]
[2020.11.10-17.55.02:002][  0]LogConfig: Applying CVar settings from Section [AntiAliasingQuality@3] File [C:/Users/TarmaDSho/Desktop/TANK04/BattleTank/Saved/Config/Windows/Scalability.ini]
[2020.11.10-17.55.02:002][  0]LogConfig: Setting CVar [[r.PostProcessAAQuality:4]]
[2020.11.10-17.55.02:002][  0]LogConfig: Applying CVar settings from Section [ShadowQuality@3] File [C:/Users/TarmaDSho/Desktop/TANK04/BattleTank/Saved/Config/Windows/Scalability.ini]
[2020.11.10-17.55.02:002][  0]LogConfig: Setting CVar [[r.LightFunctionQuality:1]]
[2020.11.10-17.55.02:002][  0]LogConfig: Setting CVar [[r.ShadowQuality:5]]
[2020.11.10-17.55.02:002][  0]LogConfig: Setting CVar [[r.Shadow.CSM.MaxCascades:10]]
[2020.11.10-17.55.02:002][  0]LogConfig: Setting CVar [[r.Shadow.MaxResolution:2048]]
[2020.11.10-17.55.02:002][  0]LogConfig: Setting CVar [[r.Shadow.MaxCSMResolution:2048]]
[2020.11.10-17.55.02:002][  0]LogConfig: Setting CVar [[r.Shadow.RadiusThreshold:0.01]]
[2020.11.10-17.55.02:002][  0]LogConfig: Setting CVar [[r.Shadow.DistanceScale:1.0]]
[2020.11.10-17.55.02:002][  0]LogConfig: Setting CVar [[r.Shadow.CSM.TransitionScale:1.0]]
[2020.11.10-17.55.02:002][  0]LogConfig: Setting CVar [[r.Shadow.PreShadowResolutionFactor:1.0]]
[2020.11.10-17.55.02:002][  0]LogConfig: Setting CVar [[r.DistanceFieldShadowing:1]]
[2020.11.10-17.55.02:002][  0]LogConfig: Setting CVar [[r.DistanceFieldAO:1]]
[2020.11.10-17.55.02:002][  0]LogConfig: Setting CVar [[r.AOQuality:2]]
[2020.11.10-17.55.02:002][  0]LogConfig: Setting CVar [[r.VolumetricFog:1]]
[2020.11.10-17.55.02:002][  0]LogConfig: Setting CVar [[r.VolumetricFog.GridPixelSize:8]]
[2020.11.10-17.55.02:002][  0]LogConfig: Setting CVar [[r.VolumetricFog.GridSizeZ:128]]
[2020.11.10-17.55.02:002][  0]LogConfig: Setting CVar [[r.VolumetricFog.HistoryMissSupersampleCount:4]]
[2020.11.10-17.55.02:002][  0]LogConfig: Setting CVar [[r.LightMaxDrawDistanceScale:1]]
[2020.11.10-17.55.02:002][  0]LogConfig: Setting CVar [[r.CapsuleShadows:1]]
[2020.11.10-17.55.02:002][  0]LogConfig: Applying CVar settings from Section [PostProcessQuality@3] File [C:/Users/TarmaDSho/Desktop/TANK04/BattleTank/Saved/Config/Windows/Scalability.ini]
[2020.11.10-17.55.02:002][  0]LogConfig: Setting CVar [[r.MotionBlurQuality:4]]
[2020.11.10-17.55.02:002][  0]LogConfig: Setting CVar [[r.AmbientOcclusionMipLevelFactor:0.4]]
[2020.11.10-17.55.02:002][  0]LogConfig: Setting CVar [[r.AmbientOcclusionMaxQuality:100]]
[2020.11.10-17.55.02:002][  0]LogConfig: Setting CVar [[r.AmbientOcclusionLevels:-1]]
[2020.11.10-17.55.02:002][  0]LogConfig: Setting CVar [[r.AmbientOcclusionRadiusScale:1.0]]
[2020.11.10-17.55.02:002][  0]LogConfig: Setting CVar [[r.DepthOfFieldQuality:2]]
[2020.11.10-17.55.02:002][  0]LogConfig: Setting CVar [[r.RenderTargetPoolMin:400]]
[2020.11.10-17.55.02:002][  0]LogConfig: Setting CVar [[r.LensFlareQuality:2]]
[2020.11.10-17.55.02:002][  0]LogConfig: Setting CVar [[r.SceneColorFringeQuality:1]]
[2020.11.10-17.55.02:002][  0]LogConfig: Setting CVar [[r.EyeAdaptationQuality:2]]
[2020.11.10-17.55.02:002][  0]LogConfig: Setting CVar [[r.BloomQuality:5]]
[2020.11.10-17.55.02:002][  0]LogConfig: Setting CVar [[r.FastBlurThreshold:100]]
[2020.11.10-17.55.02:002][  0]LogConfig: Setting CVar [[r.Upscale.Quality:3]]
[2020.11.10-17.55.02:002][  0]LogConfig: Setting CVar [[r.Tonemapper.GrainQuantization:1]]
[2020.11.10-17.55.02:002][  0]LogConfig: Setting CVar [[r.LightShaftQuality:1]]
[2020.11.10-17.55.02:002][  0]LogConfig: Setting CVar [[r.Filter.SizeScale:1]]
[2020.11.10-17.55.02:002][  0]LogConfig: Setting CVar [[r.Tonemapper.Quality:5]]
[2020.11.10-17.55.02:002][  0]LogConfig: Setting CVar [[r.DOF.Gather.AccumulatorQuality:1        ; higher gathering accumulator quality]]
[2020.11.10-17.55.02:002][  0]LogConfig: Setting CVar [[r.DOF.Gather.PostfilterMethod:1          ; Median3x3 postfilering method]]
[2020.11.10-17.55.02:002][  0]LogConfig: Setting CVar [[r.DOF.Gather.EnableBokehSettings:0       ; no bokeh simulation when gathering]]
[2020.11.10-17.55.02:002][  0]LogConfig: Setting CVar [[r.DOF.Gather.RingCount:4                 ; medium number of samples when gathering]]
[2020.11.10-17.55.02:002][  0]LogConfig: Setting CVar [[r.DOF.Scatter.ForegroundCompositing:1    ; additive foreground scattering]]
[2020.11.10-17.55.02:002][  0]LogConfig: Setting CVar [[r.DOF.Scatter.BackgroundCompositing:2    ; additive background scattering]]
[2020.11.10-17.55.02:002][  0]LogConfig: Setting CVar [[r.DOF.Scatter.EnableBokehSettings:1      ; bokeh simulation when scattering]]
[2020.11.10-17.55.02:002][  0]LogConfig: Setting CVar [[r.DOF.Scatter.MaxSpriteRatio:0.1         ; only a maximum of 10% of scattered bokeh]]
[2020.11.10-17.55.02:002][  0]LogConfig: Setting CVar [[r.DOF.Recombine.Quality:1                ; cheap slight out of focus]]
[2020.11.10-17.55.02:002][  0]LogConfig: Setting CVar [[r.DOF.Recombine.EnableBokehSettings:0    ; no bokeh simulation on slight out of focus]]
[2020.11.10-17.55.02:002][  0]LogConfig: Setting CVar [[r.DOF.TemporalAAQuality:1                ; more stable temporal accumulation]]
[2020.11.10-17.55.02:002][  0]LogConfig: Setting CVar [[r.DOF.Kernel.MaxForegroundRadius:0.025]]
[2020.11.10-17.55.02:002][  0]LogConfig: Setting CVar [[r.DOF.Kernel.MaxBackgroundRadius:0.025]]
[2020.11.10-17.55.02:002][  0]LogConfig: Applying CVar settings from Section [TextureQuality@3] File [C:/Users/TarmaDSho/Desktop/TANK04/BattleTank/Saved/Config/Windows/Scalability.ini]
[2020.11.10-17.55.02:002][  0]LogConfig: Setting CVar [[r.Streaming.MipBias:0]]
[2020.11.10-17.55.02:002][  0]LogConfig: Setting CVar [[r.Streaming.AmortizeCPUToGPUCopy:0]]
[2020.11.10-17.55.02:002][  0]LogConfig: Setting CVar [[r.Streaming.MaxNumTexturesToStreamPerFrame:0]]
[2020.11.10-17.55.02:002][  0]LogConfig: Setting CVar [[r.Streaming.Boost:1]]
[2020.11.10-17.55.02:002][  0]LogConfig: Setting CVar [[r.MaxAnisotropy:8]]
[2020.11.10-17.55.02:002][  0]LogConfig: Setting CVar [[r.VT.MaxAnisotropy:8]]
[2020.11.10-17.55.02:002][  0]LogConfig: Setting CVar [[r.Streaming.LimitPoolSizeToVRAM:0]]
[2020.11.10-17.55.02:002][  0]LogConfig: Setting CVar [[r.Streaming.PoolSize:1000]]
[2020.11.10-17.55.02:002][  0]LogConfig: Setting CVar [[r.Streaming.MaxEffectiveScreenSize:0]]
[2020.11.10-17.55.02:002][  0]LogConfig: Applying CVar settings from Section [EffectsQuality@3] File [C:/Users/TarmaDSho/Desktop/TANK04/BattleTank/Saved/Config/Windows/Scalability.ini]
[2020.11.10-17.55.02:002][  0]LogConfig: Setting CVar [[r.TranslucencyLightingVolumeDim:64]]
[2020.11.10-17.55.02:002][  0]LogConfig: Setting CVar [[r.RefractionQuality:2]]
[2020.11.10-17.55.02:003][  0]LogConfig: Setting CVar [[r.SSR.Quality:3]]
[2020.11.10-17.55.02:003][  0]LogConfig: Setting CVar [[r.SSR.HalfResSceneColor:0]]
[2020.11.10-17.55.02:003][  0]LogConfig: Setting CVar [[r.SceneColorFormat:4]]
[2020.11.10-17.55.02:003][  0]LogConfig: Setting CVar [[r.DetailMode:2]]
[2020.11.10-17.55.02:003][  0]LogConfig: Setting CVar [[r.TranslucencyVolumeBlur:1]]
[2020.11.10-17.55.02:003][  0]LogConfig: Setting CVar [[r.MaterialQualityLevel:1 ; High quality]]
[2020.11.10-17.55.02:003][  0]LogConfig: Setting CVar [[r.SSS.Scale:1]]
[2020.11.10-17.55.02:003][  0]LogConfig: Setting CVar [[r.SSS.SampleSet:2]]
[2020.11.10-17.55.02:003][  0]LogConfig: Setting CVar [[r.SSS.Quality:1]]
[2020.11.10-17.55.02:003][  0]LogConfig: Setting CVar [[r.SSS.HalfRes:0]]
[2020.11.10-17.55.02:003][  0]LogConfig: Setting CVar [[r.SSGI.Quality:3]]
[2020.11.10-17.55.02:003][  0]LogConfig: Setting CVar [[r.EmitterSpawnRateScale:1.0]]
[2020.11.10-17.55.02:003][  0]LogConfig: Setting CVar [[r.ParticleLightQuality:2]]
[2020.11.10-17.55.02:003][  0]LogConfig: Setting CVar [[r.SkyAtmosphere.AerialPerspectiveLUT.FastApplyOnOpaque:1 ; Always have FastSkyLUT 1 in this case to avoid wrong sky]]
[2020.11.10-17.55.02:003][  0]LogConfig: Setting CVar [[r.SkyAtmosphere.AerialPerspectiveLUT.SampleCountPerSlice:1]]
[2020.11.10-17.55.02:003][  0]LogConfig: Setting CVar [[r.SkyAtmosphere.AerialPerspectiveLUT.DepthResolution:16.0]]
[2020.11.10-17.55.02:003][  0]LogConfig: Setting CVar [[r.SkyAtmosphere.FastSkyLUT:1]]
[2020.11.10-17.55.02:003][  0]LogConfig: Setting CVar [[r.SkyAtmosphere.FastSkyLUT.SampleCountMin:4.0]]
[2020.11.10-17.55.02:003][  0]LogConfig: Setting CVar [[r.SkyAtmosphere.FastSkyLUT.SampleCountMax:32.0]]
[2020.11.10-17.55.02:003][  0]LogConfig: Setting CVar [[r.SkyAtmosphere.SampleCountMin:4.0]]
[2020.11.10-17.55.02:003][  0]LogConfig: Setting CVar [[r.SkyAtmosphere.SampleCountMax:32.0]]
[2020.11.10-17.55.02:003][  0]LogConfig: Setting CVar [[r.SkyAtmosphere.TransmittanceLUT.UseSmallFormat:0]]
[2020.11.10-17.55.02:003][  0]LogConfig: Setting CVar [[r.SkyAtmosphere.TransmittanceLUT.SampleCount:10.0]]
[2020.11.10-17.55.02:003][  0]LogConfig: Setting CVar [[r.SkyAtmosphere.MultiScatteringLUT.SampleCount:15.0]]
[2020.11.10-17.55.02:003][  0]LogConfig: Applying CVar settings from Section [FoliageQuality@3] File [C:/Users/TarmaDSho/Desktop/TANK04/BattleTank/Saved/Config/Windows/Scalability.ini]
[2020.11.10-17.55.02:003][  0]LogConfig: Setting CVar [[foliage.DensityScale:1.0]]
[2020.11.10-17.55.02:003][  0]LogConfig: Setting CVar [[grass.DensityScale:1.0]]
[2020.11.10-17.55.02:003][  0]LogConfig: Applying CVar settings from Section [ShadingQuality@3] File [C:/Users/TarmaDSho/Desktop/TANK04/BattleTank/Saved/Config/Windows/Scalability.ini]
[2020.11.10-17.55.02:003][  0]LogConfig: Setting CVar [[r.HairStrands.SkyLighting.SampleCount:16]]
[2020.11.10-17.55.02:003][  0]LogConfig: Setting CVar [[r.HairStrands.SkyLighting.JitterIntegration:0]]
[2020.11.10-17.55.02:003][  0]LogConfig: Setting CVar [[r.HairStrands.SkyAO.SampleCount:16]]
[2020.11.10-17.55.02:003][  0]LogConfig: Setting CVar [[r.HairStrands.DeepShadow.SuperSampling:0]]
[2020.11.10-17.55.02:003][  0]LogConfig: Setting CVar [[r.HairStrands.VisibilityPPLL:0]]
[2020.11.10-17.55.02:003][  0]LogConfig: Setting CVar [[r.HairStrands.RasterizationScale:0.5]]
[2020.11.10-17.55.02:003][  0]LogConfig: Setting CVar [[r.HairStrands.VelocityRasterizationScale:1]]
[2020.11.10-17.55.02:003][  0]LogConfig: Applying CVar settings from Section [Startup] File [../../../Engine/Config/ConsoleVariables.ini]
[2020.11.10-17.55.02:003][  0]LogConfig: Setting CVar [[net.UseAdaptiveNetUpdateFrequency:0]]
[2020.11.10-17.55.02:003][  0]LogConfig: Setting CVar [[p.chaos.AllowCreatePhysxBodies:1]]
[2020.11.10-17.55.02:003][  0]LogConfig: Setting CVar [[fx.SkipVectorVMBackendOptimizations:1]]
[2020.11.10-17.55.02:003][  0]LogConfig: Applying CVar settings from Section [ConsoleVariables] File [C:/Users/TarmaDSho/Desktop/TANK04/BattleTank/Saved/Config/Windows/Engine.ini]
[2020.11.10-17.55.02:003][  0]LogInit: Computer: DESKTOP-MQFRF93
[2020.11.10-17.55.02:003][  0]LogInit: User: TarmaDSho
[2020.11.10-17.55.02:003][  0]LogInit: CPU Page size=4096, Cores=4
[2020.11.10-17.55.02:003][  0]LogInit: High frequency timer resolution =10.000000 MHz
[2020.11.10-17.55.02:004][  0]LogMemory: Memory total: Physical=23.9GB (24GB approx)
[2020.11.10-17.55.02:004][  0]LogMemory: Platform Memory Stats for Windows
[2020.11.10-17.55.02:004][  0]LogMemory: Process Physical Memory: 115.91 MB used, 115.91 MB peak
[2020.11.10-17.55.02:004][  0]LogMemory: Process Virtual Memory: 101.17 MB used, 101.17 MB peak
[2020.11.10-17.55.02:004][  0]LogMemory: Physical Memory: 10650.73 MB used,  13823.78 MB free, 24474.52 MB total
[2020.11.10-17.55.02:004][  0]LogMemory: Virtual Memory: 5149.84 MB used,  134212576.00 MB free, 134217728.00 MB total
[2020.11.10-17.55.02:009][  0]LogWindows: WindowsPlatformFeatures enabled
[2020.11.10-17.55.02:065][  0]LogInit: Physics initialised using underlying interface: PhysX
[2020.11.10-17.55.02:066][  0]LogInit: Using OS detected language (en-US).
[2020.11.10-17.55.02:066][  0]LogInit: Using OS detected locale (tr-TR).
[2020.11.10-17.55.02:071][  0]LogTextLocalizationManager: No specific localization for 'en-US' exists, so the 'en' localization will be used.
[2020.11.10-17.55.02:275][  0]LogInit: Setting process to per monitor DPI aware
[2020.11.10-17.55.02:332][  0]LogSlate: New Slate User Created.  User Index 0, Is Virtual User: 0
[2020.11.10-17.55.02:332][  0]LogSlate: Slate User Registered.  User Index 0, Is Virtual User: 0
[2020.11.10-17.55.02:561][  0]LogHMD: Failed to initialize OpenVR with code 110
[2020.11.10-17.55.02:561][  0]LogD3D11RHI: D3D11 min allowed feature level: 11_0
[2020.11.10-17.55.02:561][  0]LogD3D11RHI: D3D11 max allowed feature level: 11_0
[2020.11.10-17.55.02:561][  0]LogD3D11RHI: D3D11 adapters:
[2020.11.10-17.55.02:663][  0]LogD3D11RHI:    0. 'NVIDIA GeForce GTX 960M' (Feature Level 11_0)
[2020.11.10-17.55.02:663][  0]LogD3D11RHI:       4055/0/12237 MB DedicatedVideo/DedicatedSystem/SharedSystem, Outputs:2, VendorId:0x10de
[2020.11.10-17.55.02:688][  0]LogD3D11RHI:    1. 'Intel(R) HD Graphics 530' (Feature Level 11_0)
[2020.11.10-17.55.02:688][  0]LogD3D11RHI:       128/0/12237 MB DedicatedVideo/DedicatedSystem/SharedSystem, Outputs:0, VendorId:0x8086
[2020.11.10-17.55.02:692][  0]LogD3D11RHI:    2. 'Microsoft Basic Render Driver' (Feature Level 11_0)
[2020.11.10-17.55.02:692][  0]LogD3D11RHI:       0/0/12237 MB DedicatedVideo/DedicatedSystem/SharedSystem, Outputs:0, VendorId:0x1414
[2020.11.10-17.55.02:692][  0]LogD3D11RHI: Chosen D3D11 Adapter: 0
[2020.11.10-17.55.02:701][  0]LogD3D11RHI: Creating new Direct3DDevice
[2020.11.10-17.55.02:701][  0]LogD3D11RHI:     GPU DeviceId: 0x139b (for the marketing name, search the web for "GPU Device Id")
[2020.11.10-17.55.02:701][  0]LogWindows: EnumDisplayDevices:
[2020.11.10-17.55.02:701][  0]LogWindows:    0. 'Intel(R) HD Graphics 530' (P:1 D:1)
[2020.11.10-17.55.02:701][  0]LogWindows:    1. 'Intel(R) HD Graphics 530' (P:0 D:1)
[2020.11.10-17.55.02:702][  0]LogWindows:    2. 'Intel(R) HD Graphics 530' (P:0 D:0)
[2020.11.10-17.55.02:702][  0]LogWindows: DebugString: PrimaryIsNotTheChoosenAdapter PrimaryIsNotTheChoosenAdapter PrimaryIsNotTheChoosenAdapter FoundDriverCount:0 
[2020.11.10-17.55.02:702][  0]LogD3D11RHI:     Adapter Name: NVIDIA GeForce GTX 960M
[2020.11.10-17.55.02:702][  0]LogD3D11RHI:   Driver Version: Unknown (internal:Unknown, unified:Unknown)
[2020.11.10-17.55.02:702][  0]LogD3D11RHI:      Driver Date: Unknown
[2020.11.10-17.55.02:702][  0]LogRHI: Texture pool is 2839 MB (70% of 4055 MB)
[2020.11.10-17.55.02:770][  0]LogD3D11RHI: RHI has support for 64 bit atomics
[2020.11.10-17.55.02:770][  0]LogD3D11RHI: Async texture creation enabled
[2020.11.10-17.55.02:803][  0]LogD3D11RHI: GPU Timing Frequency: 1000.000000 (Debug: 2 1)
[2020.11.10-17.55.03:191][  0]LogTargetPlatformManager: Display: Loaded TargetPlatform 'AllDesktop'
[2020.11.10-17.55.03:221][  0]LogTargetPlatformManager: Display: Loaded TargetPlatform 'Android'
[2020.11.10-17.55.03:221][  0]LogTargetPlatformManager: Display: Loaded TargetPlatform 'Android_ASTC'
[2020.11.10-17.55.03:221][  0]LogTargetPlatformManager: Display: Loaded TargetPlatform 'Android_DXT'
[2020.11.10-17.55.03:221][  0]LogTargetPlatformManager: Display: Loaded TargetPlatform 'Android_ETC2'
[2020.11.10-17.55.03:221][  0]LogTargetPlatformManager: Display: Loaded TargetPlatform 'AndroidClient'
[2020.11.10-17.55.03:221][  0]LogTargetPlatformManager: Display: Loaded TargetPlatform 'Android_ASTCClient'
[2020.11.10-17.55.03:221][  0]LogTargetPlatformManager: Display: Loaded TargetPlatform 'Android_DXTClient'
[2020.11.10-17.55.03:221][  0]LogTargetPlatformManager: Display: Loaded TargetPlatform 'Android_ETC2Client'
[2020.11.10-17.55.03:221][  0]LogTargetPlatformManager: Display: Loaded TargetPlatform 'Android_Multi'
[2020.11.10-17.55.03:221][  0]LogTargetPlatformManager: Display: Loaded TargetPlatform 'Android_MultiClient'
[2020.11.10-17.55.03:265][  0]LogTargetPlatformManager: Display: Loaded TargetPlatform 'IOSClient'
[2020.11.10-17.55.03:265][  0]LogTargetPlatformManager: Display: Loaded TargetPlatform 'IOS'
[2020.11.10-17.55.03:278][  0]LogTargetPlatformManager: Display: Loaded TargetPlatform 'Linux'
[2020.11.10-17.55.03:288][  0]LogTargetPlatformManager: Display: Loaded TargetPlatform 'LinuxNoEditor'
[2020.11.10-17.55.03:298][  0]LogTargetPlatformManager: Display: Loaded TargetPlatform 'LinuxClient'
[2020.11.10-17.55.03:309][  0]LogTargetPlatformManager: Display: Loaded TargetPlatform 'LinuxServer'
[2020.11.10-17.55.03:320][  0]LogTargetPlatformManager: Display: Loaded TargetPlatform 'LinuxAArch64NoEditor'
[2020.11.10-17.55.03:330][  0]LogTargetPlatformManager: Display: Loaded TargetPlatform 'LinuxAArch64Client'
[2020.11.10-17.55.03:344][  0]LogTargetPlatformManager: Display: Loaded TargetPlatform 'LinuxAArch64Server'
[2020.11.10-17.55.03:372][  0]LogTargetPlatformManager: Display: Loaded TargetPlatform 'Lumin'
[2020.11.10-17.55.03:373][  0]LogTargetPlatformManager: Display: Loaded TargetPlatform 'LuminClient'
[2020.11.10-17.55.03:390][  0]LogTargetPlatformManager: Display: Loaded TargetPlatform 'TVOSClient'
[2020.11.10-17.55.03:390][  0]LogTargetPlatformManager: Display: Loaded TargetPlatform 'TVOS'
[2020.11.10-17.55.03:400][  0]LogTargetPlatformManager: Display: Loaded TargetPlatform 'WindowsNoEditor'
[2020.11.10-17.55.03:410][  0]LogTargetPlatformManager: Display: Loaded TargetPlatform 'Windows'
[2020.11.10-17.55.03:420][  0]LogTargetPlatformManager: Display: Loaded TargetPlatform 'WindowsClient'
[2020.11.10-17.55.03:430][  0]LogTargetPlatformManager: Display: Loaded TargetPlatform 'WindowsServer'
[2020.11.10-17.55.03:430][  0]LogTargetPlatformManager: Display: Building Assets For Windows
[2020.11.10-17.55.03:438][  0]LogAudioDebug: Display: Lib vorbis DLL was dynamically loaded.
[2020.11.10-17.55.03:500][  0]LogShaderCompilers: Guid format shader working directory is -9 characters bigger than the processId version (../../../../../../Users/TarmaDSho/Desktop/TANK04/BattleTank/Intermediate/Shaders/WorkingDirectory/3920/).
[2020.11.10-17.55.03:500][  0]LogShaderCompilers: Cleaned the shader compiler working directory 'C:/Users/TarmaDSho/AppData/Local/Temp/UnrealShaderWorkingDir/3BAED8B04D6081A52C165A9F938BDE34/'.
[2020.11.10-17.55.03:500][  0]LogXGEController: Cleaning working directory: C:/Users/TarmaDSho/AppData/Local/Temp/UnrealXGEWorkingDir/
[2020.11.10-17.55.03:502][  0]LogShaderCompilers: Display: Using XGE Shader Compiler (Interception Interface).
[2020.11.10-17.55.04:352][  0]LogDerivedDataCache: Display: Max Cache Size: 512 MB
[2020.11.10-17.55.04:412][  0]LogDerivedDataCache: Loaded boot cache 0.06s 75MB C:/Users/TarmaDSho/AppData/Local/UnrealEngine/4.25/DerivedDataCache/Boot.ddc.
[2020.11.10-17.55.04:413][  0]LogDerivedDataCache: Display: Loaded Boot cache: C:/Users/TarmaDSho/AppData/Local/UnrealEngine/4.25/DerivedDataCache/Boot.ddc
[2020.11.10-17.55.04:413][  0]LogDerivedDataCache: FDerivedDataBackendGraph:  Pak pak cache file ../../../../../../Users/TarmaDSho/Desktop/TANK04/BattleTank/DerivedDataCache/DDC.ddp not found, will not use a pak cache.
[2020.11.10-17.55.04:413][  0]LogDerivedDataCache: Unable to find inner node Pak for hierarchical cache Hierarchy.
[2020.11.10-17.55.04:413][  0]LogDerivedDataCache: FDerivedDataBackendGraph:  CompressedPak pak cache file ../../../../../../Users/TarmaDSho/Desktop/TANK04/BattleTank/DerivedDataCache/Compressed.ddp not found, will not use a pak cache.
[2020.11.10-17.55.04:413][  0]LogDerivedDataCache: Unable to find inner node CompressedPak for hierarchical cache Hierarchy.
[2020.11.10-17.55.04:424][  0]LogDerivedDataCache: Display: Pak cache opened for reading ../../../Engine/DerivedDataCache/Compressed.ddp.
[2020.11.10-17.55.04:425][  0]LogDerivedDataCache: FDerivedDataBackendGraph:  EnterprisePak pak cache file ../../../Enterprise/DerivedDataCache/Compressed.ddp not found, will not use a pak cache.
[2020.11.10-17.55.04:425][  0]LogDerivedDataCache: Unable to find inner node EnterprisePak for hierarchical cache Hierarchy.
[2020.11.10-17.55.04:426][  0]LogDerivedDataCache: Using Local data cache path C:/Users/TarmaDSho/AppData/Local/UnrealEngine/Common/DerivedDataCache: Writable
[2020.11.10-17.55.04:426][  0]LogDerivedDataCache: Shared data cache path not found in *engine.ini, will not use an Shared cache.
[2020.11.10-17.55.04:426][  0]LogDerivedDataCache: Unable to find inner node Shared for hierarchical cache Hierarchy.
[2020.11.10-17.55.04:484][  0]LogSlate: Using FreeType 2.10.0
[2020.11.10-17.55.04:484][  0]LogSlate: SlateFontServices - WITH_FREETYPE: 1, WITH_HARFBUZZ: 1
[2020.11.10-17.55.04:517][  0]LogAssetRegistry: FAssetRegistry took 0.0029 seconds to start up
[2020.11.10-17.55.04:767][  0]LogInit: Selected Device Profile: [Windows]
[2020.11.10-17.55.04:889][  0]LogMeshReduction: Using QuadricMeshReduction for automatic static mesh reduction
[2020.11.10-17.55.04:889][  0]LogMeshReduction: Using SimplygonMeshReduction for automatic skeletal mesh reduction
[2020.11.10-17.55.04:889][  0]LogMeshReduction: Using ProxyLODMeshReduction for automatic mesh merging
[2020.11.10-17.55.04:889][  0]LogMeshReduction: No distributed automatic mesh merging module available
[2020.11.10-17.55.04:889][  0]LogMeshMerging: No distributed automatic mesh merging module available
[2020.11.10-17.55.04:909][  0]LogNetVersion: BattleTank 1.0.0, NetCL: 13144385, EngineNetVer: 14, GameNetVer: 0 (Checksum: 1276994627)
[2020.11.10-17.55.05:442][  0]LogAISub: UAISubsystem::UAISubsystem AISubsystem (000002357AB80340), frame # 0
[2020.11.10-17.55.05:442][  0]LogAISub: UAISubsystem::UAISubsystem AIPerceptionSystem (000002357D70C680), frame # 0
[2020.11.10-17.55.05:443][  0]LogAISub: UAISubsystem::UAISubsystem EnvQueryManager (000002357D72E000), frame # 0
[2020.11.10-17.55.05:520][  0]LogPackageLocalizationCache: Processed 19 localized package path(s) for 1 prioritized culture(s) in 0.068689 seconds
[2020.11.10-17.55.05:526][  0]LogUObjectArray: 15917 objects as part of root set at end of initial load.
[2020.11.10-17.55.05:526][  0]LogUObjectAllocator: 3965568 out of 0 bytes used by permanent object pool.
[2020.11.10-17.55.05:526][  0]LogUObjectArray: CloseDisregardForGC: 0/0 objects in disregard for GC pool
[2020.11.10-17.55.05:872][  0]LogTcpMessaging: Initializing TcpMessaging bridge
[2020.11.10-17.55.05:877][  0]LogUdpMessaging: Initializing bridge on interface 0.0.0.0:0 to multicast group 230.0.0.1:6666.
[2020.11.10-17.55.05:959][  0]SourceControl: Source control is disabled
[2020.11.10-17.55.05:959][  0]SourceControl: Source control is disabled
[2020.11.10-17.55.05:962][  0]SourceControl: Source control is disabled
[2020.11.10-17.55.05:965][  0]SourceControl: Source control is disabled
[2020.11.10-17.55.05:975][  0]SourceControl: Source control is disabled
[2020.11.10-17.55.06:216][  0]LogAndroidPermission: UAndroidPermissionCallbackProxy::GetInstance
[2020.11.10-17.55.06:235][  0]LogAudioCaptureCore: Display: No Audio Capture implementations found. Audio input will be silent.
[2020.11.10-17.55.06:235][  0]LogAudioCaptureCore: Display: No Audio Capture implementations found. Audio input will be silent.
[2020.11.10-17.55.06:286][  0]LogOcInput: OculusInput pre-init called
[2020.11.10-17.55.06:297][  0]LogWindows: Failed to load 'OVRPlugin.dll' (GetLastError=126)
[2020.11.10-17.55.06:297][  0]LogWindows: File 'OVRPlugin.dll' does not exist
[2020.11.10-17.55.06:361][  0]LogEngine: Initializing Engine...
[2020.11.10-17.55.06:363][  0]LogHMD: Failed to initialize OpenVR with code 110
[2020.11.10-17.55.06:363][  0]LogMagicLeap: Warning: VR disabled because ZI is not enabled.  To enable, in the editor, Edit -> Project Settings -> Plugins -> Magic Leap Plugin -> Enable Zero Iteration
[2020.11.10-17.55.06:364][  0]LogStats: UGameplayTagsManager::InitializeManager -  0.000 s
[2020.11.10-17.55.06:510][  0]LogInit: Initializing FReadOnlyCVARCache
[2020.11.10-17.55.06:519][  0]LogAIModule: Creating AISystem for world Untitled
[2020.11.10-17.55.06:519][  0]LogAISub: UAISubsystem::UAISubsystem EnvQueryManager (0000023503AA0600), frame # 0
[2020.11.10-17.55.06:519][  0]LogAISub: UAISubsystem::UAISubsystem AIPerceptionSystem (0000023503A95E40), frame # 0
[2020.11.10-17.55.06:549][  0]LogAudioMixer: Display: Audio Mixer Platform Settings:
[2020.11.10-17.55.06:549][  0]LogAudioMixer: Display: 	Sample Rate:						  48000
[2020.11.10-17.55.06:549][  0]LogAudioMixer: Display: 	Callback Buffer Frame Size Requested: 1024
[2020.11.10-17.55.06:549][  0]LogAudioMixer: Display: 	Callback Buffer Frame Size To Use:	  1024
[2020.11.10-17.55.06:549][  0]LogAudioMixer: Display: 	Number of buffers to queue:			  2
[2020.11.10-17.55.06:549][  0]LogAudioMixer: Display: 	Max Channels (voices):				  32
[2020.11.10-17.55.06:549][  0]LogAudioMixer: Display: 	Number of Async Source Workers:		  0
[2020.11.10-17.55.06:549][  0]LogAudio: Display: AudioDevice MaxSources: 32
[2020.11.10-17.55.06:550][  0]LogAudio: Display: Using built-in audio occlusion.
[2020.11.10-17.55.06:550][  0]LogAudioMixer: Display: Initializing audio mixer.
[2020.11.10-17.55.06:571][  0]LogAudioMixer: Display: 0: FrontLeft
[2020.11.10-17.55.06:571][  0]LogAudioMixer: Display: 1: FrontRight
[2020.11.10-17.55.06:629][  0]LogAudioMixer: Display: Using Audio Device LG TV (Intel(R) Display Audio)
[2020.11.10-17.55.06:632][  0]LogAudioMixer: Display: Initializing Sound Submixes...
[2020.11.10-17.55.06:634][  0]LogAudioMixer: Display: Creating Master Submix 'MasterSubmixDefault'
[2020.11.10-17.55.06:634][  0]LogAudioMixer: Display: Creating Master Submix 'MasterReverbSubmixDefault'
[2020.11.10-17.55.06:635][  0]LogAudioMixer: Display: Creating Master Submix 'MasterEQSubmixDefault'
[2020.11.10-17.55.06:636][  0]LogInit: FAudioDevice initialized.
[2020.11.10-17.55.06:637][  0]LogNetVersion: Set ProjectVersion to 1.0.0.0. Version Checksum will be recalculated on next use.
[2020.11.10-17.55.06:735][  0]LogDerivedDataCache: Saved boot cache 0.10s 75MB C:/Users/TarmaDSho/AppData/Local/UnrealEngine/4.25/DerivedDataCache/Boot.ddc.
[2020.11.10-17.55.06:739][  0]LogInit: Texture streaming: Enabled
[2020.11.10-17.55.06:756][  0]LogEngineSessionManager: EngineSessionManager initialized
[2020.11.10-17.55.06:756][  0]LogEngineSessionManager: EngineSessionManager sent abnormal shutdown report. Type=Crashed, SessionId={5E8FEE17-471C-DFFB-6DB4-C1A988B0F854}
[2020.11.10-17.55.06:756][  0]LogEditorSessionSummary: Verbose: Initializing EditorSessionSummaryWriter for editor session tracking
[2020.11.10-17.55.06:758][  0]LogEditorSessionSummary: EditorSessionSummaryWriter initialized
[2020.11.10-17.55.06:848][  0]LogInit: Transaction tracking system initialized
[2020.11.10-17.55.06:868][  0]BlueprintLog: New page: Editor Load
[2020.11.10-17.55.06:939][  0]LocalizationService: Localization service is disabled
[2020.11.10-17.55.07:104][  0]LogCook: Display: Max memory allowance for cook 16384mb min free memory 0mb
[2020.11.10-17.55.07:105][  0]LogCook: Display: Mobile HDR setting 1
[2020.11.10-17.55.07:115][  0]LogFileCache: Scanning file cache for directory 'C:/Users/TarmaDSho/Desktop/TANK04/BattleTank/Content/' took 0.00s
[2020.11.10-17.55.07:506][  0]SourceControl: Source control is disabled
[2020.11.10-17.55.07:506][  0]LogUnrealEdMisc: Loading editor; pre map load, took 7.281
[2020.11.10-17.55.07:506][  0]Cmd: MAP LOAD FILE="../../../../../../Users/TarmaDSho/Desktop/TANK04/BattleTank/Content/Level/BattleGround.umap" TEMPLATE=0 SHOWPROGRESS=1 FEATURELEVEL=3
[2020.11.10-17.55.07:507][  0]LightingResults: New page: Lighting Build
[2020.11.10-17.55.07:507][  0]LogWorld: UWorld::CleanupWorld for Untitled, bSessionEnded=true, bCleanupResources=true
[2020.11.10-17.55.07:507][  0]LogSlate: InvalidateAllWidgets triggered.  All widgets were invalidated
[2020.11.10-17.55.07:508][  0]MapCheck: New page: Map Check
[2020.11.10-17.55.07:508][  0]LightingResults: New page: Lighting Build
[2020.11.10-17.55.07:519][  0]LogAISub: UAISubsystem::~UAISubsystem EnvQueryManager (0000023503AA0600), frame # 0
[2020.11.10-17.55.07:519][  0]LogAISub: UAISubsystem::~UAISubsystem AIPerceptionSystem (0000023503A95E40), frame # 0
[2020.11.10-17.55.07:520][  0]LogUObjectHash: Compacting FUObjectHashTables data took   0.78ms
[2020.11.10-17.55.07:903][  0]LogAIModule: Creating AISystem for world BattleGround
[2020.11.10-17.55.07:903][  0]LogAISub: UAISubsystem::UAISubsystem EnvQueryManager (0000023515B8C800), frame # 0
[2020.11.10-17.55.07:903][  0]LogAISub: UAISubsystem::UAISubsystem AIPerceptionSystem (0000023515B63880), frame # 0
[2020.11.10-17.55.07:990][  0]LogEditorServer: Finished looking for orphan Actors (0.000 secs)
[2020.11.10-17.55.08:030][  0]LogUObjectHash: Compacting FUObjectHashTables data took   0.95ms
[2020.11.10-17.55.08:030][  0]Cmd: MAP CHECKDEP NOCLEARLOG
[2020.11.10-17.55.08:031][  0]MapCheck: Map check complete: 0 Error(s), 0 Warning(s), took 0,151ms to complete.
[2020.11.10-17.55.08:031][  0]LogFileHelpers: Loading map 'BattleGround' took 0.524
[2020.11.10-17.55.08:033][  0]LogUnrealEdMisc: Total Editor Startup Time, took 7.808
[2020.11.10-17.55.08:181][  0]LogCollectionManager: Loaded 0 collections in 0.002592 seconds
[2020.11.10-17.55.08:198][  0]LogFileCache: Scanning file cache for directory 'C:/Users/TarmaDSho/Desktop/TANK04/BattleTank/Saved/Collections/' took 0.00s
[2020.11.10-17.55.08:198][  0]LogFileCache: Scanning file cache for directory 'C:/Users/TarmaDSho/Desktop/TANK04/BattleTank/Content/Developers/TarmaDSho/Collections/' took 0.00s
[2020.11.10-17.55.08:198][  0]LogFileCache: Scanning file cache for directory 'C:/Users/TarmaDSho/Desktop/TANK04/BattleTank/Content/Collections/' took 0.00s
[2020.11.10-17.55.08:198][  0]LogContentBrowser: Native class hierarchy populated in 0.0107 seconds. Added 3437 classes and 824 folders.
[2020.11.10-17.55.08:202][  0]LogContentBrowser: Native class hierarchy updated for 'WidgetCarousel' in 0.0003 seconds. Added 0 classes and 0 folders.
[2020.11.10-17.55.08:257][  0]LogContentBrowser: Native class hierarchy updated for 'AddContentDialog' in 0.0004 seconds. Added 0 classes and 0 folders.
[2020.11.10-17.55.08:318][  0]LogSlate: Updating window title bar state: overlay mode, drag disabled, window buttons hidden, title bar hidden
[2020.11.10-17.55.08:373][  0]LogSlate: Updating window title bar state: overlay mode, drag disabled, window buttons hidden, title bar hidden
[2020.11.10-17.55.08:382][  0]LogSlate: Updating window title bar state: overlay mode, drag disabled, window buttons hidden, title bar hidden
[2020.11.10-17.55.08:391][  0]LogSlate: Updating window title bar state: overlay mode, drag disabled, window buttons hidden, title bar hidden
[2020.11.10-17.55.08:430][  0]LogContentBrowser: Native class hierarchy updated for 'SceneOutliner' in 0.0004 seconds. Added 2 classes and 0 folders.
[2020.11.10-17.55.08:717][  0]LogSlate: Took 0.000353 seconds to synchronously load lazily loaded font '../../../Engine/Content/Slate/Fonts/Roboto-Regular.ttf' (155K)
[2020.11.10-17.55.08:719][  0]LogSlate: Took 0.000177 seconds to synchronously load lazily loaded font '../../../Engine/Content/Editor/Slate/Fonts/FontAwesome.ttf' (139K)
[2020.11.10-17.55.08:720][  0]LogSlate: Took 0.000100 seconds to synchronously load lazily loaded font '../../../Engine/Content/Slate/Fonts/Roboto-Bold.ttf' (160K)
[2020.11.10-17.55.08:816][  0]LogRenderer: Reallocating scene render targets to support 1152x676 Format 10 NumSamples 1 (Frame:1).
[2020.11.10-17.55.09:026][  0]LogContentBrowser: Native class hierarchy updated for 'HierarchicalLODOutliner' in 0.0007 seconds. Added 0 classes and 0 folders.
[2020.11.10-17.55.09:026][  0]LogLoad: (Engine Initialization) Total time: 8.80 seconds
[2020.11.10-17.55.09:026][  0]LogLoad: (Engine Initialization) Total Blueprint compile time: 0.00 seconds
[2020.11.10-17.55.09:087][  0]LogAssetRegistry: Asset discovery search completed in 4.5712 seconds
[2020.11.10-17.55.09:091][  0]LogCollectionManager: Fixed up redirectors for 0 collections in 0.000003 seconds (updated 0 objects)
[2020.11.10-17.55.09:093][  0]LogContentStreaming: Texture pool size now 1000 MB
[2020.11.10-17.55.09:122][  0]LogSlate: Took 0.000149 seconds to synchronously load lazily loaded font '../../../Engine/Content/Slate/Fonts/Roboto-Light.ttf' (167K)
[2020.11.10-17.55.10:079][ 50]LogSlate: Took 0.000215 seconds to synchronously load lazily loaded font '../../../Engine/Content/Slate/Fonts/Roboto-Light.ttf' (167K)
[2020.11.10-17.55.12:082][147]LogAssetEditorSubsystem: Opening Asset editor for Blueprint /Game/Tank/New_Tank/New_Tank_BP.New_Tank_BP
[2020.11.10-17.55.12:256][147]LogContentBrowser: Native class hierarchy updated for 'BlueprintGraph' in 0.0007 seconds. Added 125 classes and 0 folders.
[2020.11.10-17.55.13:271][147]LogSlate: Took 0.000216 seconds to synchronously load lazily loaded font '../../../Engine/Content/Slate/Fonts/Roboto-BoldCondensed.ttf' (158K)
[2020.11.10-17.55.13:318][148]LogSlate: Took 0.000152 seconds to synchronously load lazily loaded font '../../../Engine/Content/Slate/Fonts/Roboto-Italic.ttf' (157K)
[2020.11.10-17.55.24:240][751]LogSlate: Prevented a slow task dialog from being summoned while a context menu was open
[2020.11.10-17.55.26:011][847]Cmd: OBJ SAVEPACKAGE PACKAGE="/Game/Tank/New_Tank/New_Tank_BP" FILE="../../../../../../Users/TarmaDSho/Desktop/TANK04/BattleTank/Content/Tank/New_Tank/New_Tank_BP.uasset" SILENT=true
[2020.11.10-17.55.26:052][847]LogSavePackage: Moving '../../../../../../Users/TarmaDSho/Desktop/TANK04/BattleTank/Saved/New_Tank_BP940765A54CE20A761F46D6AC35397B28.tmp' to '../../../../../../Users/TarmaDSho/Desktop/TANK04/BattleTank/Content/Tank/New_Tank/New_Tank_BP.uasset'
[2020.11.10-17.55.26:073][847]AssetCheck: New page: Asset Save: New_Tank_BP
[2020.11.10-17.55.26:073][847]LogContentValidation: Display: Validating Blueprint /Game/Tank/New_Tank/New_Tank_BP.New_Tank_BP
[2020.11.10-17.55.26:458][870]BlueprintLog: New page: Compile New_Tank_BP
[2020.11.10-17.55.26:539][870]LogUObjectHash: Compacting FUObjectHashTables data took   4.16ms
[2020.11.10-17.55.26:588][870]LogSlate: Took 0.000126 seconds to synchronously load lazily loaded font '../../../Engine/Content/Slate/Fonts/DroidSansMono.ttf' (77K)
[2020.11.10-17.55.26:993][891]Cmd: OBJ SAVEPACKAGE PACKAGE="/Game/Tank/New_Tank/New_Tank_BP" FILE="../../../../../../Users/TarmaDSho/Desktop/TANK04/BattleTank/Content/Tank/New_Tank/New_Tank_BP.uasset" SILENT=true
[2020.11.10-17.55.27:029][891]LogSavePackage: Moving '../../../../../../Users/TarmaDSho/Desktop/TANK04/BattleTank/Saved/New_Tank_BP43988262459AA46D926F7B8E70028066.tmp' to '../../../../../../Users/TarmaDSho/Desktop/TANK04/BattleTank/Content/Tank/New_Tank/New_Tank_BP.uasset'
[2020.11.10-17.55.27:047][891]AssetCheck: New page: Asset Save: New_Tank_BP
[2020.11.10-17.55.27:047][891]LogContentValidation: Display: Validating Blueprint /Game/Tank/New_Tank/New_Tank_BP.New_Tank_BP
[2020.11.10-17.55.28:068][948]Cmd: OBJ SAVEPACKAGE PACKAGE="/Game/Level/BattleGround" FILE="../../../../../../Users/TarmaDSho/Desktop/TANK04/BattleTank/Content/Level/BattleGround.umap" SILENT=true AUTOSAVING=false KEEPDIRTY=false
[2020.11.10-17.55.28:100][948]LogUObjectHash: Compacting FUObjectHashTables data took   3.50ms
[2020.11.10-17.55.28:585][948]LogSavePackage: Moving '../../../../../../Users/TarmaDSho/Desktop/TANK04/BattleTank/Saved/BattleGroundB6814EDE4028BF74114B5BA077104239.tmp' to '../../../../../../Users/TarmaDSho/Desktop/TANK04/BattleTank/Content/Level/BattleGround.umap'
[2020.11.10-17.55.28:635][948]Cmd: OBJ SAVEPACKAGE PACKAGE="/Game/Level/BattleGround_BuiltData" FILE="../../../../../../Users/TarmaDSho/Desktop/TANK04/BattleTank/Content/Level/BattleGround_BuiltData.uasset" SILENT=true
[2020.11.10-17.55.29:106][948]LogSavePackage: Moving '../../../../../../Users/TarmaDSho/Desktop/TANK04/BattleTank/Saved/BattleGround_BuiltData3CD14C7742A6644AB99F1D8B7D037E91.tmp' to '../../../../../../Users/TarmaDSho/Desktop/TANK04/BattleTank/Content/Level/BattleGround_BuiltData.uasset'
[2020.11.10-17.55.29:127][948]AssetCheck: New page: Asset Save: multiple assets
[2020.11.10-17.55.29:127][948]LogContentValidation: Display: Validating World /Game/Level/BattleGround.BattleGround
[2020.11.10-17.55.29:127][948]LogContentValidation: Display: Validating MapBuildDataRegistry /Game/Level/BattleGround_BuiltData.BattleGround_BuiltData
[2020.11.10-17.55.29:643][972]LogTemp: Repeating last play command: Selected Viewport
[2020.11.10-17.55.29:670][972]LogPlayLevel: PlayLevel: No blueprints needed recompiling
[2020.11.10-17.55.29:671][972]PIE: New page: PIE session: BattleGround (10 Kas 2020 23:55:29)
[2020.11.10-17.55.29:672][972]LogOnline: OSS: Creating online subsystem instance for: NULL
[2020.11.10-17.55.29:673][972]LogOnline: OSS: TryLoadSubsystemAndSetDefault: Loaded subsystem for module [NULL]
[2020.11.10-17.55.29:673][972]LogPlayLevel: Creating play world package: /Game/Level/UEDPIE_0_BattleGround
[2020.11.10-17.55.29:736][972]LogPlayLevel: PIE: StaticDuplicateObject took: (0.061997s)
[2020.11.10-17.55.29:737][972]LogAIModule: Creating AISystem for world BattleGround
[2020.11.10-17.55.29:737][972]LogAISub: UAISubsystem::UAISubsystem EnvQueryManager (00000235966FD600), frame # 972
[2020.11.10-17.55.29:737][972]LogAISub: UAISubsystem::UAISubsystem AIPerceptionSystem (0000023503A6E200), frame # 972
[2020.11.10-17.55.29:737][972]LogPlayLevel: PIE: World Init took: (0.001481s)
[2020.11.10-17.55.29:737][972]LogPlayLevel: PIE: Created PIE world by copying editor world from /Game/Level/BattleGround.BattleGround to /Game/Level/UEDPIE_0_BattleGround.BattleGround (0.063682s)
[2020.11.10-17.55.29:765][972]LogUObjectHash: Compacting FUObjectHashTables data took   2.66ms
[2020.11.10-17.55.29:767][972]LogAudioMixer: Display: Audio Mixer Platform Settings:
[2020.11.10-17.55.29:767][972]LogAudioMixer: Display: 	Sample Rate:						  48000
[2020.11.10-17.55.29:767][972]LogAudioMixer: Display: 	Callback Buffer Frame Size Requested: 1024
[2020.11.10-17.55.29:767][972]LogAudioMixer: Display: 	Callback Buffer Frame Size To Use:	  1024
[2020.11.10-17.55.29:767][972]LogAudioMixer: Display: 	Number of buffers to queue:			  2
[2020.11.10-17.55.29:767][972]LogAudioMixer: Display: 	Max Channels (voices):				  32
[2020.11.10-17.55.29:767][972]LogAudioMixer: Display: 	Number of Async Source Workers:		  0
[2020.11.10-17.55.29:767][972]LogAudio: Display: AudioDevice MaxSources: 32
[2020.11.10-17.55.29:768][972]LogAudio: Display: Using built-in audio occlusion.
[2020.11.10-17.55.29:768][972]LogAudioMixer: Display: Initializing audio mixer.
[2020.11.10-17.55.29:770][972]LogAudioMixer: Display: 0: FrontLeft
[2020.11.10-17.55.29:770][972]LogAudioMixer: Display: 1: FrontRight
[2020.11.10-17.55.29:781][972]LogAudioMixer: Display: Using Audio Device LG TV (Intel(R) Display Audio)
[2020.11.10-17.55.29:781][972]LogAudioMixer: Display: Initializing Sound Submixes...
[2020.11.10-17.55.29:781][972]LogAudioMixer: Display: Creating Master Submix 'MasterSubmixDefault'
[2020.11.10-17.55.29:781][972]LogAudioMixer: Display: Creating Master Submix 'MasterReverbSubmixDefault'
[2020.11.10-17.55.29:782][972]LogAudioMixer: Display: Creating Master Submix 'MasterEQSubmixDefault'
[2020.11.10-17.55.29:799][972]LogInit: FAudioDevice initialized.
[2020.11.10-17.55.29:812][972]LogLoad: Game class is 'BattleTankGameMode_BP_C'
[2020.11.10-17.55.29:822][972]LogWorld: Bringing World /Game/Level/UEDPIE_0_BattleGround.BattleGround up for play (max tick rate 60) at 2020.11.10-20.55.29
[2020.11.10-17.55.29:822][972]LogWorld: Bringing up level for play took: 0.007955
[2020.11.10-17.55.29:823][972]LogOnline: OSS: Creating online subsystem instance for: :Context_6
[2020.11.10-17.55.29:826][972]LogContentBrowser: Native class hierarchy updated for 'MovieSceneCapture' in 0.0005 seconds. Added 20 classes and 0 folders.
[2020.11.10-17.55.29:828][972]LogOutputDevice: Warning: 

Script Stack (0 frames):

[2020.11.10-17.55.34:064][972]LogStats: FPlatformStackWalk::StackWalkAndDump -  4.236 s
[2020.11.10-17.55.34:064][972]LogOutputDevice: Error: === Handled ensure: ===
[2020.11.10-17.55.34:064][972]LogOutputDevice: Error: 
[2020.11.10-17.55.34:065][972]LogOutputDevice: Error: Ensure condition failed: Component->HasBegunPlay() [File:D:/Build/++UE4/Sync/Engine/Source/Runtime/Engine/Private/Actor.cpp] [Line: 3435]
[2020.11.10-17.55.34:065][972]LogOutputDevice: Error: Failed to route BeginPlay (TankTrack /Game/Level/UEDPIE_0_BattleGround.BattleGround:PersistentLevel.New_Tank_BP_2.LeftTrack)
[2020.11.10-17.55.34:065][972]LogOutputDevice: Error: Stack: 
[2020.11.10-17.55.34:065][972]LogOutputDevice: Error: [Callstack] 0x00007ffab002b421 UE4Editor-Engine.dll!DispatchCheckVerify<bool,<lambda_03779ca5ff7280c2c24d3f9ce3fe54c0> >() [D:\Build\++UE4\Sync\Engine\Source\Runtime\Core\Public\Misc\AssertionMacros.h:161]
[2020.11.10-17.55.34:065][972]LogOutputDevice: Error: [Callstack] 0x00007ffaae7b4b88 UE4Editor-Engine.dll!AActor::BeginPlay() [D:\Build\++UE4\Sync\Engine\Source\Runtime\Engine\Private\Actor.cpp:3435]
[2020.11.10-17.55.34:065][972]LogOutputDevice: Error: [Callstack] 0x00007ffaae7c097c UE4Editor-Engine.dll!AActor::DispatchBeginPlay() [D:\Build\++UE4\Sync\Engine\Source\Runtime\Engine\Private\Actor.cpp:3397]
[2020.11.10-17.55.34:065][972]LogOutputDevice: Error: [Callstack] 0x00007ffaafa6958d UE4Editor-Engine.dll!AWorldSettings::NotifyBeginPlay() [D:\Build\++UE4\Sync\Engine\Source\Runtime\Engine\Private\WorldSettings.cpp:246]
[2020.11.10-17.55.34:065][972]LogOutputDevice: Error: [Callstack] 0x00007ffaaeea3151 UE4Editor-Engine.dll!AGameStateBase::HandleBeginPlay() [D:\Build\++UE4\Sync\Engine\Source\Runtime\Engine\Private\GameStateBase.cpp:205]
[2020.11.10-17.55.34:065][972]LogOutputDevice: Error: [Callstack] 0x00007ffaafa13a2e UE4Editor-Engine.dll!UWorld::BeginPlay() [D:\Build\++UE4\Sync\Engine\Source\Runtime\Engine\Private\World.cpp:4184]
[2020.11.10-17.55.34:065][972]LogOutputDevice: Error: [Callstack] 0x00007ffaaeec44e9 UE4Editor-Engine.dll!UGameInstance::StartPlayInEditorGameInstance() [D:\Build\++UE4\Sync\Engine\Source\Runtime\Engine\Private\GameInstance.cpp:478]
[2020.11.10-17.55.34:065][972]LogOutputDevice: Error: [Callstack] 0x00007ffabb8c595c UE4Editor-UnrealEd.dll!UEditorEngine::CreateInnerProcessPIEGameInstance() [D:\Build\++UE4\Sync\Engine\Source\Editor\UnrealEd\Private\PlayLevel.cpp:2792]
[2020.11.10-17.55.34:065][972]LogOutputDevice: Error: [Callstack] 0x00007ffabb8e682c UE4Editor-UnrealEd.dll!UEditorEngine::OnLoginPIEComplete_Deferred() [D:\Build\++UE4\Sync\Engine\Source\Editor\UnrealEd\Private\PlayLevel.cpp:1474]
[2020.11.10-17.55.34:065][972]LogOutputDevice: Error: [Callstack] 0x00007ffabb8c6899 UE4Editor-UnrealEd.dll!UEditorEngine::CreateNewPlayInEditorInstance() [D:\Build\++UE4\Sync\Engine\Source\Editor\UnrealEd\Private\PlayLevel.cpp:1708]
[2020.11.10-17.55.34:065][972]LogOutputDevice: Error: [Callstack] 0x00007ffabb9023da UE4Editor-UnrealEd.dll!UEditorEngine::StartPlayInEditorSession() [D:\Build\++UE4\Sync\Engine\Source\Editor\UnrealEd\Private\PlayLevel.cpp:2580]
[2020.11.10-17.55.34:065][972]LogOutputDevice: Error: [Callstack] 0x00007ffabb90569d UE4Editor-UnrealEd.dll!UEditorEngine::StartQueuedPlaySessionRequestImpl() [D:\Build\++UE4\Sync\Engine\Source\Editor\UnrealEd\Private\PlayLevel.cpp:1089]
[2020.11.10-17.55.34:065][972]LogOutputDevice: Error: [Callstack] 0x00007ffabb905078 UE4Editor-UnrealEd.dll!UEditorEngine::StartQueuedPlaySessionRequest() [D:\Build\++UE4\Sync\Engine\Source\Editor\UnrealEd\Private\PlayLevel.cpp:1016]
[2020.11.10-17.55.34:065][972]LogOutputDevice: Error: [Callstack] 0x00007ffabb38a854 UE4Editor-UnrealEd.dll!UEditorEngine::Tick() [D:\Build\++UE4\Sync\Engine\Source\Editor\UnrealEd\Private\EditorEngine.cpp:1611]
[2020.11.10-17.55.34:065][972]LogOutputDevice: Error: [Callstack] 0x00007ffabbc637e6 UE4Editor-UnrealEd.dll!UUnrealEdEngine::Tick() [D:\Build\++UE4\Sync\Engine\Source\Editor\UnrealEd\Private\UnrealEdEngine.cpp:414]
[2020.11.10-17.55.34:065][972]LogOutputDevice: Error: [Callstack] 0x00007ff63fa77800 UE4Editor.exe!FEngineLoop::Tick() [D:\Build\++UE4\Sync\Engine\Source\Runtime\Launch\Private\LaunchEngineLoop.cpp:4850]
[2020.11.10-17.55.34:065][972]LogOutputDevice: Error: [Callstack] 0x00007ff63fa8ba7c UE4Editor.exe!GuardedMain() [D:\Build\++UE4\Sync\Engine\Source\Runtime\Launch\Private\Launch.cpp:169]
[2020.11.10-17.55.34:065][972]LogOutputDevice: Error: [Callstack] 0x00007ff63fa8bb5a UE4Editor.exe!GuardedMainWrapper() [D:\Build\++UE4\Sync\Engine\Source\Runtime\Launch\Private\Windows\LaunchWindows.cpp:137]
[2020.11.10-17.55.34:065][972]LogOutputDevice: Error: [Callstack] 0x00007ff63fa9e31d UE4Editor.exe!WinMain() [D:\Build\++UE4\Sync\Engine\Source\Runtime\Launch\Private\Windows\LaunchWindows.cpp:268]
[2020.11.10-17.55.34:065][972]LogOutputDevice: Error: [Callstack] 0x00007ff63faa145a UE4Editor.exe!__scrt_common_main_seh() [d:\agent\_work\5\s\src\vctools\crt\vcstartup\src\startup\exe_common.inl:288]
[2020.11.10-17.55.34:065][972]LogOutputDevice: Error: [Callstack] 0x00007ffb1ac27034 KERNEL32.DLL!UnknownFunction []
[2020.11.10-17.55.34:065][972]LogOutputDevice: Error: [Callstack] 0x00007ffb1c21cec1 ntdll.dll!UnknownFunction []
[2020.11.10-17.55.34:065][972]LogOutputDevice: Error: 
[2020.11.10-17.55.34:067][972]LogStats:                SubmitErrorReport -  0.000 s
[2020.11.10-17.55.36:398][972]LogStats:                    SendNewReport -  2.332 s
[2020.11.10-17.55.36:398][972]LogStats:             FDebug::EnsureFailed -  6.570 s
[2020.11.10-17.55.36:400][972]PIE: Server logged in
[2020.11.10-17.55.36:402][972]PIE: Play in editor total start time 6,732 seconds.
[2020.11.10-17.55.47:099][270]LogSlate: Updating window title bar state: overlay mode, drag disabled, window buttons hidden, title bar hidden
[2020.11.10-17.55.47:099][270]LogWorld: BeginTearingDown for /Game/Level/UEDPIE_0_BattleGround
[2020.11.10-17.55.47:099][270]LogWorld: UWorld::CleanupWorld for BattleGround, bSessionEnded=true, bCleanupResources=true
[2020.11.10-17.55.47:101][270]LogSlate: InvalidateAllWidgets triggered.  All widgets were invalidated
[2020.11.10-17.55.47:111][270]LogPlayLevel: Display: Shutting down PIE online subsystems
[2020.11.10-17.55.47:119][270]LogSlate: InvalidateAllWidgets triggered.  All widgets were invalidated
[2020.11.10-17.55.47:146][270]LogSlate: Updating window title bar state: overlay mode, drag disabled, window buttons hidden, title bar hidden
[2020.11.10-17.55.47:185][270]LogAISub: UAISubsystem::~UAISubsystem AIPerceptionSystem (0000023503A6E200), frame # 1270
[2020.11.10-17.55.47:185][270]LogAISub: UAISubsystem::~UAISubsystem EnvQueryManager (00000235966FD600), frame # 1270
[2020.11.10-17.55.47:222][270]LogUObjectHash: Compacting FUObjectHashTables data took   3.67ms
[2020.11.10-17.55.47:277][271]LogPlayLevel: Display: Destroying online subsystem :Context_6
[2020.11.10-17.57.37:196][651]Candidate modules for hot reload:
[2020.11.10-17.57.37:196][651]  BattleTank
[2020.11.10-17.57.37:196][651]Launching UnrealBuildTool... [C:/Program Files/Epic Games/UE_4.25/Engine/Binaries/DotNET/UnrealBuildTool.exe  -ModuleWithSuffix=BattleTank,3021 BattleTankEditor Win64 Development -Project="C:/Users/TarmaDSho/Desktop/TANK04/BattleTank/BattleTank.uproject" "C:/Users/TarmaDSho/Desktop/TANK04/BattleTank/BattleTank.uproject"  -IgnoreJunk]
[2020.11.10-17.57.37:199][651]Warning: Starting HotReload took  0.0s.
[2020.11.10-17.57.41:673][902]CompilerResultsLog: New page: Compilation - 10 Kas 2020 23:57:41
[2020.11.10-17.57.41:673][902]CompilerResultsLog: Using 'git status' to determine working set for adaptive non-unity build (C:\Users\TarmaDSho\Desktop\TANK04).
[2020.11.10-17.57.41:673][902]CompilerResultsLog: Building BattleTankEditor...
[2020.11.10-17.57.41:674][902]CompilerResultsLog: Using Visual Studio 2019 14.27.29112 toolchain (C:\Program Files (x86)\Microsoft Visual Studio\2019\Community\VC\Tools\MSVC\14.27.29110) and Windows 10.0.18362.0 SDK (C:\Program Files (x86)\Windows Kits\10).
[2020.11.10-17.57.41:674][902]CompilerResultsLog: Distributing 4 actions to XGE
[2020.11.10-17.57.41:674][902]CompilerResultsLog: --------------------Build System Warning---------------------------------------
[2020.11.10-17.57.41:674][902]CompilerResultsLog: License is invalid:
[2020.11.10-17.57.41:674][902]CompilerResultsLog:     License information is invalid. Please try reloading your license file using the Coordinator Monitor application on the Coordinator machine, or reinstall IncrediBuild.
[2020.11.10-17.57.41:674][902]CompilerResultsLog:     This build will run in standalone mode.
[2020.11.10-17.57.41:674][902]CompilerResultsLog: 
[2020.11.10-17.57.41:674][902]CompilerResultsLog: -------------------------------------------------------------------------------
[2020.11.10-17.57.41:674][902]CompilerResultsLog: --------------------Project: Default-------------------------------------------
[2020.11.10-17.57.41:674][902]CompilerResultsLog: TankAiminngComponent.cpp (0:01.32 at +0:00)
[2020.11.10-17.57.41:674][902]CompilerResultsLog: UE4Editor-BattleTank-3021.dll (0:00.98 at +0:01)
[2020.11.10-17.57.41:674][902]CompilerResultsLog:    Creating library C:\Users\TarmaDSho\Desktop\TANK04\BattleTank\Intermediate\Build\Win64\UE4Editor\Development\BattleTank\UE4Editor-BattleTank-3021.suppressed.lib and object C:\Users\TarmaDSho\Desktop\TANK04\BattleTank\Intermediate\Build\Win64\UE4Editor\Development\BattleTank\UE4Editor-BattleTank-3021.suppressed.exp
[2020.11.10-17.57.41:674][902]CompilerResultsLog: UE4Editor-BattleTank-3021.lib (0:00.15 at +0:02)
[2020.11.10-17.57.41:674][902]CompilerResultsLog:    Creating library C:\Users\TarmaDSho\Desktop\TANK04\BattleTank\Intermediate\Build\Win64\UE4Editor\Development\BattleTank\UE4Editor-BattleTank-3021.lib and object C:\Users\TarmaDSho\Desktop\TANK04\BattleTank\Intermediate\Build\Win64\UE4Editor\Development\BattleTank\UE4Editor-BattleTank-3021.exp
[2020.11.10-17.57.41:674][902]CompilerResultsLog: BattleTankEditor.target (0:00.37 at +0:02)
[2020.11.10-17.57.41:674][902]CompilerResultsLog: ---------------------- Done ----------------------
[2020.11.10-17.57.41:674][902]CompilerResultsLog: 
[2020.11.10-17.57.41:674][902]CompilerResultsLog:     Rebuild All: 1 succeeded, 0 failed, 0 skipped
[2020.11.10-17.57.41:674][902]CompilerResultsLog: 
[2020.11.10-17.57.41:675][902]CompilerResultsLog: 1 build system warning(s):
[2020.11.10-17.57.41:675][902]CompilerResultsLog:    - License is invalid
[2020.11.10-17.57.41:675][902]CompilerResultsLog: 
[2020.11.10-17.57.41:675][902]CompilerResultsLog: Total time in XGE executor: 3,18 seconds
[2020.11.10-17.57.41:675][902]CompilerResultsLog: Total execution time: 4,32 seconds
[2020.11.10-17.57.41:675][902]LogMainFrame: MainFrame: Module compiling took 4.486 seconds
[2020.11.10-17.57.41:720][902]LogClass: EFiringState HotReload.
[2020.11.10-17.57.41:724][902]LogHotReload: Re-instancing TankAiminngComponent after hot-reload.
[2020.11.10-17.57.41:724][902]LogOutputDevice: Warning: 

Script Stack (0 frames):

[2020.11.10-17.57.42:626][902]LogStats: FPlatformStackWalk::StackWalkAndDump -  0.902 s
[2020.11.10-17.57.42:626][902]LogOutputDevice: Error: === Handled ensure: ===
[2020.11.10-17.57.42:627][902]LogOutputDevice: Error: 
[2020.11.10-17.57.42:627][902]LogOutputDevice: Error: Ensure condition failed: bArchetypeReinstanced [File:D:/Build/++UE4/Sync/Engine/Source/Editor/UnrealEd/Private/Kismet2/KismetReinstanceUtilities.cpp] [Line: 1657]
[2020.11.10-17.57.42:627][902]LogOutputDevice: Error: Reinstancing non-actor (/Engine/Transient.World_4:PersistentLevel.New_Tank_BP_C_0.TankAiminng); failed to resolve archetype object - property values may be lost.
[2020.11.10-17.57.42:627][902]LogOutputDevice: Error: Stack: 
[2020.11.10-17.57.42:627][902]LogOutputDevice: Error: [Callstack] 0x00007ffabbf758ce UE4Editor-UnrealEd.dll!DispatchCheckVerify<bool,<lambda_a2b97994ef53902bdcf425a4bd4a12eb> >() [D:\Build\++UE4\Sync\Engine\Source\Runtime\Core\Public\Misc\AssertionMacros.h:161]
[2020.11.10-17.57.42:627][902]LogOutputDevice: Error: [Callstack] 0x00007ffabb7cc279 UE4Editor-UnrealEd.dll!ReplaceObjectHelper() [D:\Build\++UE4\Sync\Engine\Source\Editor\UnrealEd\Private\Kismet2\KismetReinstanceUtilities.cpp:1657]
[2020.11.10-17.57.42:627][902]LogOutputDevice: Error: [Callstack] 0x00007ffabb7c9d90 UE4Editor-UnrealEd.dll!FBlueprintCompileReinstancer::ReplaceInstancesOfClass_Inner() [D:\Build\++UE4\Sync\Engine\Source\Editor\UnrealEd\Private\Kismet2\KismetReinstanceUtilities.cpp:2038]
[2020.11.10-17.57.42:627][902]LogOutputDevice: Error: [Callstack] 0x00007ffabb7c8ea5 UE4Editor-UnrealEd.dll!FBlueprintCompileReinstancer::ReplaceInstancesOfClass() [D:\Build\++UE4\Sync\Engine\Source\Editor\UnrealEd\Private\Kismet2\KismetReinstanceUtilities.cpp:1500]
[2020.11.10-17.57.42:627][902]LogOutputDevice: Error: [Callstack] 0x00007ffabb7c5ece UE4Editor-UnrealEd.dll!FBlueprintCompileReinstancer::ReinstanceInner() [D:\Build\++UE4\Sync\Engine\Source\Editor\UnrealEd\Private\Kismet2\KismetReinstanceUtilities.cpp:708]
[2020.11.10-17.57.42:627][902]LogOutputDevice: Error: [Callstack] 0x00007ffabb7c63ee UE4Editor-UnrealEd.dll!FBlueprintCompileReinstancer::ReinstanceObjects() [D:\Build\++UE4\Sync\Engine\Source\Editor\UnrealEd\Private\Kismet2\KismetReinstanceUtilities.cpp:782]
[2020.11.10-17.57.42:627][902]LogOutputDevice: Error: [Callstack] 0x00007ffa9b186c97 UE4Editor-HotReload.dll!FHotReloadModule::ReinstanceClass() [D:\Build\++UE4\Sync\Engine\Source\Developer\HotReload\Private\HotReload.cpp:1270]
[2020.11.10-17.57.42:627][902]LogOutputDevice: Error: [Callstack] 0x00007ffa9b186e01 UE4Editor-HotReload.dll!FHotReloadModule::ReinstanceClasses() [D:\Build\++UE4\Sync\Engine\Source\Developer\HotReload\Private\HotReload.cpp:1256]
[2020.11.10-17.57.42:627][902]LogOutputDevice: Error: [Callstack] 0x00007ffa9b17f836 UE4Editor-HotReload.dll!TBaseRawMethodDelegateInstance<0,FHotReloadModule,void __cdecl(void)>::ExecuteIfSafe() [D:\Build\++UE4\Sync\Engine\Source\Runtime\Core\Public\Delegates\DelegateInstancesImpl.h:546]
[2020.11.10-17.57.42:627][902]LogOutputDevice: Error: [Callstack] 0x00007ffabf4aed1d UE4Editor-CoreUObject.dll!TBaseMulticastDelegate<void>::Broadcast() [D:\Build\++UE4\Sync\Engine\Source\Runtime\Core\Public\Delegates\DelegateSignatureImpl.inl:1013]
[2020.11.10-17.57.42:627][902]LogOutputDevice: Error: [Callstack] 0x00007ffabf836839 UE4Editor-CoreUObject.dll!UClassReplaceHotReloadClasses() [D:\Build\++UE4\Sync\Engine\Source\Runtime\CoreUObject\Private\UObject\UObjectBase.cpp:796]
[2020.11.10-17.57.42:627][902]LogOutputDevice: Error: [Callstack] 0x00007ffabf815bc6 UE4Editor-CoreUObject.dll!ProcessNewlyLoadedUObjects() [D:\Build\++UE4\Sync\Engine\Source\Runtime\CoreUObject\Private\UObject\UObjectBase.cpp:955]
[2020.11.10-17.57.42:627][902]LogOutputDevice: Error: [Callstack] 0x00007ffabf734465 UE4Editor-CoreUObject.dll!TBaseStaticDelegateInstance<void __cdecl(FName,bool)>::ExecuteIfSafe() [D:\Build\++UE4\Sync\Engine\Source\Runtime\Core\Public\Delegates\DelegateInstancesImpl.h:859]
[2020.11.10-17.57.42:627][902]LogOutputDevice: Error: [Callstack] 0x00007ffabfe4986a UE4Editor-Core.dll!TBaseMulticastDelegate<void,FName,bool>::Broadcast() [D:\Build\++UE4\Sync\Engine\Source\Runtime\Core\Public\Delegates\DelegateSignatureImpl.inl:1013]
[2020.11.10-17.57.42:627][902]LogOutputDevice: Error: [Callstack] 0x00007ffabfe699f0 UE4Editor-Core.dll!FModuleManager::LoadModuleWithFailureReason() [D:\Build\++UE4\Sync\Engine\Source\Runtime\Core\Private\Modules\ModuleManager.cpp:500]
[2020.11.10-17.57.42:627][902]LogOutputDevice: Error: [Callstack] 0x00007ffabfe68b08 UE4Editor-Core.dll!FModuleManager::LoadModule() [D:\Build\++UE4\Sync\Engine\Source\Runtime\Core\Private\Modules\ModuleManager.cpp:334]
[2020.11.10-17.57.42:627][902]LogOutputDevice: Error: [Callstack] 0x00007ffa9b17b9b2 UE4Editor-HotReload.dll!FHotReloadModule::DoHotReloadInternal() [D:\Build\++UE4\Sync\Engine\Source\Developer\HotReload\Private\HotReload.cpp:799]
[2020.11.10-17.57.42:627][902]LogOutputDevice: Error: [Callstack] 0x00007ffa9b179617 UE4Editor-HotReload.dll!UE4Function_Private::TFunctionRefCaller<<lambda_d85446a946c3f6776c68ebfeb93e5785>,void __cdecl(TMap<FName,FString,FDefaultSetAllocator,TDefaultMapHashableKeyFuncs<FName,FString,0> > const &,bool,enum ECompilationResult::Type)>::Call() [D:\Build\++UE4\Sync\Engine\Source\Runtime\Core\Public\Templates\Function.h:549]
[2020.11.10-17.57.42:627][902]LogOutputDevice: Error: [Callstack] 0x00007ffa9b17a1ad UE4Editor-HotReload.dll!FHotReloadModule::CheckForFinishedModuleDLLCompile() [D:\Build\++UE4\Sync\Engine\Source\Developer\HotReload\Private\HotReload.cpp:1865]
[2020.11.10-17.57.42:627][902]LogOutputDevice: Error: [Callstack] 0x00007ffa9b18c057 UE4Editor-HotReload.dll!FHotReloadModule::Tick() [D:\Build\++UE4\Sync\Engine\Source\Developer\HotReload\Private\HotReload.cpp:1427]
[2020.11.10-17.57.42:627][902]LogOutputDevice: Error: [Callstack] 0x00007ffabfbcd0a9 UE4Editor-Core.dll!FTicker::Tick() [D:\Build\++UE4\Sync\Engine\Source\Runtime\Core\Private\Containers\Ticker.cpp:95]
[2020.11.10-17.57.42:627][902]LogOutputDevice: Error: [Callstack] 0x00007ff63fa7a213 UE4Editor.exe!FEngineLoop::Tick() [D:\Build\++UE4\Sync\Engine\Source\Runtime\Launch\Private\LaunchEngineLoop.cpp:5051]
[2020.11.10-17.57.42:627][902]LogOutputDevice: Error: [Callstack] 0x00007ff63fa8ba7c UE4Editor.exe!GuardedMain() [D:\Build\++UE4\Sync\Engine\Source\Runtime\Launch\Private\Launch.cpp:169]
[2020.11.10-17.57.42:627][902]LogOutputDevice: Error: [Callstack] 0x00007ff63fa8bb5a UE4Editor.exe!GuardedMainWrapper() [D:\Build\++UE4\Sync\Engine\Source\Runtime\Launch\Private\Windows\LaunchWindows.cpp:137]
[2020.11.10-17.57.42:627][902]LogOutputDevice: Error: [Callstack] 0x00007ff63fa9e31d UE4Editor.exe!WinMain() [D:\Build\++UE4\Sync\Engine\Source\Runtime\Launch\Private\Windows\LaunchWindows.cpp:268]
[2020.11.10-17.57.42:627][902]LogOutputDevice: Error: [Callstack] 0x00007ff63faa145a UE4Editor.exe!__scrt_common_main_seh() [d:\agent\_work\5\s\src\vctools\crt\vcstartup\src\startup\exe_common.inl:288]
[2020.11.10-17.57.42:627][902]LogOutputDevice: Error: [Callstack] 0x00007ffb1ac27034 KERNEL32.DLL!UnknownFunction []
[2020.11.10-17.57.42:627][902]LogOutputDevice: Error: [Callstack] 0x00007ffb1c21cec1 ntdll.dll!UnknownFunction []
[2020.11.10-17.57.42:627][902]LogOutputDevice: Error: 
[2020.11.10-17.57.42:628][902]LogStats:                SubmitErrorReport -  0.000 s
[2020.11.10-17.57.43:373][902]LogStats:                    SendNewReport -  0.745 s
[2020.11.10-17.57.43:373][902]LogStats:             FDebug::EnsureFailed -  1.649 s
[2020.11.10-17.57.43:412][902]LogHotReload: Re-instancing TankTrack after hot-reload.
[2020.11.10-17.57.43:449][902]LogContentBrowser: Native class hierarchy updated for 'BattleTank' in 0.0007 seconds. Added 10 classes and 3 folders.
[2020.11.10-17.57.43:456][902]Display: HotReload successful (8 functions remapped  0 scriptstructs remapped)
[2020.11.10-17.57.43:578][902]LogContentBrowser: Native class hierarchy populated in 0.0117 seconds. Added 3437 classes and 824 folders.
[2020.11.10-17.57.43:578][902]Display: HotReload took  6.4s.
[2020.11.10-17.57.50:453][277]BlueprintLog: New page: Compile New_Tank_BP
[2020.11.10-17.57.50:570][277]LogUObjectHash: Compacting FUObjectHashTables data took   4.75ms
[2020.11.10-17.57.50:714][282]BlueprintLog: New page: Compile New_Tank_BP
[2020.11.10-17.57.50:792][282]LogUObjectHash: Compacting FUObjectHashTables data took   3.65ms
[2020.11.10-17.57.56:543][600]LogSlate: Prevented a slow task dialog from being summoned while a context menu was open
[2020.11.10-17.57.58:331][696]Cmd: OBJ SAVEPACKAGE PACKAGE="/Game/Tank/New_Tank/New_Tank_BP" FILE="../../../../../../Users/TarmaDSho/Desktop/TANK04/BattleTank/Content/Tank/New_Tank/New_Tank_BP.uasset" SILENT=true
[2020.11.10-17.57.58:368][696]LogSavePackage: Moving '../../../../../../Users/TarmaDSho/Desktop/TANK04/BattleTank/Saved/New_Tank_BPED31062347F4FFF67910C088449812C3.tmp' to '../../../../../../Users/TarmaDSho/Desktop/TANK04/BattleTank/Content/Tank/New_Tank/New_Tank_BP.uasset'
[2020.11.10-17.57.58:390][696]AssetCheck: New page: Asset Save: New_Tank_BP
[2020.11.10-17.57.58:390][696]LogContentValidation: Display: Validating Blueprint /Game/Tank/New_Tank/New_Tank_BP.New_Tank_BP
[2020.11.10-17.57.58:960][730]BlueprintLog: New page: Compile New_Tank_BP
[2020.11.10-17.57.59:014][730]LogUObjectHash: Compacting FUObjectHashTables data took   2.98ms
[2020.11.10-17.57.59:134][734]BlueprintLog: New page: Compile New_Tank_BP
[2020.11.10-17.57.59:196][734]LogUObjectHash: Compacting FUObjectHashTables data took   2.97ms
[2020.11.10-17.57.59:313][738]BlueprintLog: New page: Compile New_Tank_BP
[2020.11.10-17.57.59:375][738]LogUObjectHash: Compacting FUObjectHashTables data took   4.17ms
[2020.11.10-17.57.59:948][765]Cmd: OBJ SAVEPACKAGE PACKAGE="/Game/Tank/New_Tank/New_Tank_BP" FILE="../../../../../../Users/TarmaDSho/Desktop/TANK04/BattleTank/Content/Tank/New_Tank/New_Tank_BP.uasset" SILENT=true
[2020.11.10-17.57.59:982][765]LogSavePackage: Moving '../../../../../../Users/TarmaDSho/Desktop/TANK04/BattleTank/Saved/New_Tank_BPAFF6AE044D2EE4C1637DB3A8195D7140.tmp' to '../../../../../../Users/TarmaDSho/Desktop/TANK04/BattleTank/Content/Tank/New_Tank/New_Tank_BP.uasset'
[2020.11.10-17.57.59:999][765]AssetCheck: New page: Asset Save: New_Tank_BP
[2020.11.10-17.57.59:999][765]LogContentValidation: Display: Validating Blueprint /Game/Tank/New_Tank/New_Tank_BP.New_Tank_BP
[2020.11.10-17.58.03:053][938]Cmd: OBJ SAVEPACKAGE PACKAGE="/Game/Level/BattleGround" FILE="../../../../../../Users/TarmaDSho/Desktop/TANK04/BattleTank/Content/Level/BattleGround.umap" SILENT=true AUTOSAVING=false KEEPDIRTY=false
[2020.11.10-17.58.03:085][938]LogUObjectHash: Compacting FUObjectHashTables data took   2.97ms
[2020.11.10-17.58.03:548][938]LogSavePackage: Moving '../../../../../../Users/TarmaDSho/Desktop/TANK04/BattleTank/Saved/BattleGround5F13CA724DA6ECB7961C70B481F5838B.tmp' to '../../../../../../Users/TarmaDSho/Desktop/TANK04/BattleTank/Content/Level/BattleGround.umap'
[2020.11.10-17.58.03:600][938]Cmd: OBJ SAVEPACKAGE PACKAGE="/Game/Level/BattleGround_BuiltData" FILE="../../../../../../Users/TarmaDSho/Desktop/TANK04/BattleTank/Content/Level/BattleGround_BuiltData.uasset" SILENT=true
[2020.11.10-17.58.03:930][938]LogSavePackage: Moving '../../../../../../Users/TarmaDSho/Desktop/TANK04/BattleTank/Saved/BattleGround_BuiltDataE2B3BEED4FE3035CF03DB2BA91921B4D.tmp' to '../../../../../../Users/TarmaDSho/Desktop/TANK04/BattleTank/Content/Level/BattleGround_BuiltData.uasset'
[2020.11.10-17.58.03:952][938]AssetCheck: New page: Asset Save: multiple assets
[2020.11.10-17.58.03:952][938]LogContentValidation: Display: Validating World /Game/Level/BattleGround.BattleGround
[2020.11.10-17.58.03:952][938]LogContentValidation: Display: Validating MapBuildDataRegistry /Game/Level/BattleGround_BuiltData.BattleGround_BuiltData
[2020.11.10-17.58.04:333][954]LogTemp: Repeating last play command: Selected Viewport
[2020.11.10-17.58.04:376][954]LogPlayLevel: PlayLevel: No blueprints needed recompiling
[2020.11.10-17.58.04:376][954]PIE: New page: PIE session: BattleGround (10 Kas 2020 23:58:04)
[2020.11.10-17.58.04:397][954]LogPlayLevel: Creating play world package: /Game/Level/UEDPIE_0_BattleGround
[2020.11.10-17.58.04:461][954]LogPlayLevel: PIE: StaticDuplicateObject took: (0.062566s)
[2020.11.10-17.58.04:462][954]LogAIModule: Creating AISystem for world BattleGround
[2020.11.10-17.58.04:462][954]LogAISub: UAISubsystem::UAISubsystem EnvQueryManager (0000023635C07E00), frame # 2954
[2020.11.10-17.58.04:462][954]LogAISub: UAISubsystem::UAISubsystem AIPerceptionSystem (000002350F61B100), frame # 2954
[2020.11.10-17.58.04:463][954]LogPlayLevel: PIE: World Init took: (0.001924s)
[2020.11.10-17.58.04:463][954]LogPlayLevel: PIE: Created PIE world by copying editor world from /Game/Level/BattleGround.BattleGround to /Game/Level/UEDPIE_0_BattleGround.BattleGround (0.064759s)
[2020.11.10-17.58.04:491][954]LogUObjectHash: Compacting FUObjectHashTables data took   2.61ms
[2020.11.10-17.58.04:492][954]LogAudioMixer: Display: Audio Mixer Platform Settings:
[2020.11.10-17.58.04:492][954]LogAudioMixer: Display: 	Sample Rate:						  48000
[2020.11.10-17.58.04:492][954]LogAudioMixer: Display: 	Callback Buffer Frame Size Requested: 1024
[2020.11.10-17.58.04:492][954]LogAudioMixer: Display: 	Callback Buffer Frame Size To Use:	  1024
[2020.11.10-17.58.04:492][954]LogAudioMixer: Display: 	Number of buffers to queue:			  2
[2020.11.10-17.58.04:492][954]LogAudioMixer: Display: 	Max Channels (voices):				  32
[2020.11.10-17.58.04:492][954]LogAudioMixer: Display: 	Number of Async Source Workers:		  0
[2020.11.10-17.58.04:492][954]LogAudio: Display: AudioDevice MaxSources: 32
[2020.11.10-17.58.04:493][954]LogAudio: Display: Using built-in audio occlusion.
[2020.11.10-17.58.04:493][954]LogAudioMixer: Display: Initializing audio mixer.
[2020.11.10-17.58.04:496][954]LogAudioMixer: Display: 0: FrontLeft
[2020.11.10-17.58.04:496][954]LogAudioMixer: Display: 1: FrontRight
[2020.11.10-17.58.04:508][954]LogAudioMixer: Display: Using Audio Device LG TV (Intel(R) Display Audio)
[2020.11.10-17.58.04:508][954]LogAudioMixer: Display: Initializing Sound Submixes...
[2020.11.10-17.58.04:508][954]LogAudioMixer: Display: Creating Master Submix 'MasterSubmixDefault'
[2020.11.10-17.58.04:508][954]LogAudioMixer: Display: Creating Master Submix 'MasterReverbSubmixDefault'
[2020.11.10-17.58.04:509][954]LogAudioMixer: Display: Creating Master Submix 'MasterEQSubmixDefault'
[2020.11.10-17.58.04:525][954]LogInit: FAudioDevice initialized.
[2020.11.10-17.58.04:538][954]LogLoad: Game class is 'BattleTankGameMode_BP_C'
[2020.11.10-17.58.04:547][954]LogWorld: Bringing World /Game/Level/UEDPIE_0_BattleGround.BattleGround up for play (max tick rate 60) at 2020.11.10-20.58.04
[2020.11.10-17.58.04:547][954]LogWorld: Bringing up level for play took: 0.006992
[2020.11.10-17.58.04:548][954]LogOnline: OSS: Creating online subsystem instance for: :Context_7
[2020.11.10-17.58.04:551][954]LogScript: Warning: Accessed None trying to read property TankAiminng
	New_Tank_BP_1_C /Game/Level/UEDPIE_0_BattleGround.BattleGround:PersistentLevel.New_Tank_BP_2
	Function /Game/Tank/New_Tank/New_Tank_BP_1.New_Tank_BP_1_C:ExecuteUbergraph_New_Tank_BP_1:0266
[2020.11.10-17.58.04:551][954]PIE: Error: Blueprint Runtime Error: "Accessed None trying to read property TankAiminng". Blueprint:  New_Tank_BP_1 Function:  Execute Ubergraph New Tank BP 1 Graph:  EventGraph Node:  Initialise
[2020.11.10-17.58.04:552][954]PIE: Server logged in
[2020.11.10-17.58.04:553][954]PIE: Play in editor total start time 0,183 seconds.
[2020.11.10-17.58.07:360][954]LogWindows: Error: === Critical error: ===
[2020.11.10-17.58.07:360][954]LogWindows: Error: 
[2020.11.10-17.58.07:360][954]LogWindows: Error: Unhandled Exception: EXCEPTION_ACCESS_VIOLATION reading address 0x000000c0
[2020.11.10-17.58.07:360][954]LogWindows: Error: 
[2020.11.10-17.58.07:360][954]LogWindows: Error: [Callstack] 0x00007ffb094e3b8a UE4Editor-BattleTank-3021.dll!UTankAiminngComponent::AimAt() [C:\Users\TarmaDSho\Desktop\TANK04\BattleTank\Source\BattleTank\Private\TankAiminngComponent.cpp:71]
[2020.11.10-17.58.07:360][954]LogWindows: Error: [Callstack] 0x00007ffb094e3196 UE4Editor-BattleTank-3021.dll!ATankAIController::Tick() [C:\Users\TarmaDSho\Desktop\TANK04\BattleTank\Source\BattleTank\Private\TankAIController.cpp:29]
[2020.11.10-17.58.07:360][954]LogWindows: Error: [Callstack] 0x00007ffaaf07b148 UE4Editor-Engine.dll!AController::TickActor() [D:\Build\++UE4\Sync\Engine\Source\Runtime\Engine\Private\LevelTick.cpp:416]
[2020.11.10-17.58.07:360][954]LogWindows: Error: [Callstack] 0x00007ffaae7c9f84 UE4Editor-Engine.dll!FActorTickFunction::ExecuteTick() [D:\Build\++UE4\Sync\Engine\Source\Runtime\Engine\Private\Actor.cpp:171]
[2020.11.10-17.58.07:360][954]LogWindows: Error: [Callstack] 0x00007ffaaf88936f UE4Editor-Engine.dll!FTickFunctionTask::DoTask() [D:\Build\++UE4\Sync\Engine\Source\Runtime\Engine\Private\TickTaskManager.cpp:283]
[2020.11.10-17.58.07:360][954]LogWindows: Error: [Callstack] 0x00007ffaaf88e3c7 UE4Editor-Engine.dll!TGraphTask<FTickFunctionTask>::ExecuteTask() [D:\Build\++UE4\Sync\Engine\Source\Runtime\Core\Public\Async\TaskGraphInterfaces.h:849]
[2020.11.10-17.58.07:360][954]LogWindows: Error: [Callstack] 0x00007ffabfbb87d8 UE4Editor-Core.dll!FNamedTaskThread::ProcessTasksNamedThread() [D:\Build\++UE4\Sync\Engine\Source\Runtime\Core\Private\Async\TaskGraph.cpp:692]
[2020.11.10-17.58.07:360][954]LogWindows: Error: [Callstack] 0x00007ffabfbb8aa3 UE4Editor-Core.dll!FNamedTaskThread::ProcessTasksUntilQuit() [D:\Build\++UE4\Sync\Engine\Source\Runtime\Core\Private\Async\TaskGraph.cpp:587]
[2020.11.10-17.58.07:360][954]LogWindows: Error: [Callstack] 0x00007ffabfbcf027 UE4Editor-Core.dll!FTaskGraphImplementation::WaitUntilTasksComplete() [D:\Build\++UE4\Sync\Engine\Source\Runtime\Core\Private\Async\TaskGraph.cpp:1478]
[2020.11.10-17.58.07:360][954]LogWindows: Error: [Callstack] 0x00007ffaaf8aa402 UE4Editor-Engine.dll!FTickTaskSequencer::ReleaseTickGroup() [D:\Build\++UE4\Sync\Engine\Source\Runtime\Engine\Private\TickTaskManager.cpp:558]
[2020.11.10-17.58.07:361][954]LogWindows: Error: [Callstack] 0x00007ffaaf8af6ca UE4Editor-Engine.dll!FTickTaskManager::RunTickGroup() [D:\Build\++UE4\Sync\Engine\Source\Runtime\Engine\Private\TickTaskManager.cpp:1523]
[2020.11.10-17.58.07:361][954]LogWindows: Error: [Callstack] 0x00007ffaaf06d0bf UE4Editor-Engine.dll!UWorld::RunTickGroup() [D:\Build\++UE4\Sync\Engine\Source\Runtime\Engine\Private\LevelTick.cpp:783]
[2020.11.10-17.58.07:361][954]LogWindows: Error: [Callstack] 0x00007ffaaf077957 UE4Editor-Engine.dll!UWorld::Tick() [D:\Build\++UE4\Sync\Engine\Source\Runtime\Engine\Private\LevelTick.cpp:1558]
[2020.11.10-17.58.07:361][954]LogWindows: Error: [Callstack] 0x00007ffabb38af57 UE4Editor-UnrealEd.dll!UEditorEngine::Tick() [D:\Build\++UE4\Sync\Engine\Source\Editor\UnrealEd\Private\EditorEngine.cpp:1693]
[2020.11.10-17.58.07:361][954]LogWindows: Error: [Callstack] 0x00007ffabbc637e6 UE4Editor-UnrealEd.dll!UUnrealEdEngine::Tick() [D:\Build\++UE4\Sync\Engine\Source\Editor\UnrealEd\Private\UnrealEdEngine.cpp:414]
[2020.11.10-17.58.07:361][954]LogWindows: Error: [Callstack] 0x00007ff63fa77800 UE4Editor.exe!FEngineLoop::Tick() [D:\Build\++UE4\Sync\Engine\Source\Runtime\Launch\Private\LaunchEngineLoop.cpp:4850]
[2020.11.10-17.58.07:361][954]LogWindows: Error: [Callstack] 0x00007ff63fa8ba7c UE4Editor.exe!GuardedMain() [D:\Build\++UE4\Sync\Engine\Source\Runtime\Launch\Private\Launch.cpp:169]
[2020.11.10-17.58.07:361][954]LogWindows: Error: [Callstack] 0x00007ff63fa8bb5a UE4Editor.exe!GuardedMainWrapper() [D:\Build\++UE4\Sync\Engine\Source\Runtime\Launch\Private\Windows\LaunchWindows.cpp:137]
[2020.11.10-17.58.07:361][954]LogWindows: Error: [Callstack] 0x00007ff63fa9e31d UE4Editor.exe!WinMain() [D:\Build\++UE4\Sync\Engine\Source\Runtime\Launch\Private\Windows\LaunchWindows.cpp:268]
[2020.11.10-17.58.07:361][954]LogWindows: Error: [Callstack] 0x00007ff63faa145a UE4Editor.exe!__scrt_common_main_seh() [d:\agent\_work\5\s\src\vctools\crt\vcstartup\src\startup\exe_common.inl:288]
[2020.11.10-17.58.07:361][954]LogWindows: Error: [Callstack] 0x00007ffb1ac27034 KERNEL32.DLL!UnknownFunction []
[2020.11.10-17.58.07:361][954]LogWindows: Error: [Callstack] 0x00007ffb1c21cec1 ntdll.dll!UnknownFunction []
[2020.11.10-17.58.07:361][954]LogWindows: Error: 
[2020.11.10-17.58.07:377][954]LogExit: Executing StaticShutdownAfterError
[2020.11.10-17.58.07:382][954]LogWindows: FPlatformMisc::RequestExit(1)
[2020.11.10-17.58.07:382][954]LogCore: Engine exit requested (reason: Win RequestExit)
[2020.11.10-17.58.07:387][954]Log file closed, 11/10/20 20:58:07
