Log file open, 11/03/20 18:36:20
LogInit: Display: Running engine for game: BattleTank
LogPlatformFile: Not using cached read wrapper
LogTaskGraph: Started task graph with 5 named threads and 23 total threads with 3 sets of task threads.
LogStats: Stats thread started at 0.225080
LogD3D11RHI: Loaded GFSDK_Aftermath_Lib.x64.dll
LogICUInternationalization: ICU TimeZone Detection - Raw Offset: +3:00, Platform Override: ''
LogPluginManager: Mounting plugin Paper2D
LogPluginManager: Mounting plugin AISupport
LogPluginManager: Mounting plugin LightPropagationVolume
LogPluginManager: Mounting plugin CameraShakePreviewer
LogPluginManager: Mounting plugin ActorLayerUtilities
LogPluginManager: Mounting plugin AnimationSharing
LogPluginManager: Mounting plugin CLionSourceCodeAccess
LogPluginManager: Mounting plugin CodeLiteSourceCodeAccess
LogPluginManager: Mounting plugin GitSourceControl
LogPluginManager: Mounting plugin KDevelopSourceCodeAccess
LogPluginManager: Mounting plugin NullSourceCodeAccess
LogPluginManager: Mounting plugin PerforceSourceControl
LogPluginManager: Mounting plugin PlasticSourceControl
LogPluginManager: Mounting plugin RiderLink
LogPluginManager: Mounting plugin RiderSourceCodeAccess
LogPluginManager: Mounting plugin SubversionSourceControl
LogPluginManager: Mounting plugin UObjectPlugin
LogPluginManager: Mounting plugin VisualStudioCodeSourceCodeAccess
LogPluginManager: Mounting plugin VisualStudioSourceCodeAccess
LogPluginManager: Mounting plugin XCodeSourceCodeAccess
LogPluginManager: Mounting plugin AssetManagerEditor
LogPluginManager: Mounting plugin CryptoKeys
LogPluginManager: Mounting plugin CurveEditorTools
LogPluginManager: Mounting plugin DataValidation
LogPluginManager: Mounting plugin EditorScriptingUtilities
LogPluginManager: Mounting plugin FacialAnimation
LogPluginManager: Mounting plugin GameplayTagsEditor
LogPluginManager: Mounting plugin GeometryMode
LogPluginManager: Mounting plugin MacGraphicsSwitching
LogPluginManager: Mounting plugin MaterialAnalyzer
LogPluginManager: Mounting plugin MobileLauncherProfileWizard
LogPluginManager: Mounting plugin PluginBrowser
LogPluginManager: Mounting plugin SpeedTreeImporter
LogPluginManager: Mounting plugin DatasmithContent
LogPluginManager: Mounting plugin VariantManagerContent
LogPluginManager: Mounting plugin AlembicImporter
LogPluginManager: Mounting plugin AutomationUtils
LogPluginManager: Mounting plugin BackChannel
LogPluginManager: Mounting plugin ChaosCloth
LogPluginManager: Mounting plugin ChaosClothEditor
LogPluginManager: Mounting plugin ChaosEditor
LogPluginManager: Mounting plugin ChaosNiagara
LogPluginManager: Mounting plugin ChaosSolverPlugin
LogPluginManager: Mounting plugin CharacterAI
LogPluginManager: Mounting plugin GeometryCache
LogPluginManager: Mounting plugin GeometryCollectionPlugin
LogPluginManager: Mounting plugin GeometryProcessing
LogPluginManager: Mounting plugin PlanarCut
LogPluginManager: Mounting plugin PlatformCrypto
LogPluginManager: Mounting plugin ProxyLODPlugin
LogPluginManager: Mounting plugin SkeletalReduction
LogPluginManager: Mounting plugin Niagara
LogPluginManager: Mounting plugin MagicLeap
LogPluginManager: Mounting plugin MagicLeapLightEstimation
LogPluginManager: Mounting plugin MagicLeapMedia
LogPluginManager: Mounting plugin MagicLeapPassableWorld
LogPluginManager: Mounting plugin MLSDK
LogPluginManager: Mounting plugin AndroidMedia
LogPluginManager: Mounting plugin AvfMedia
LogPluginManager: Mounting plugin ImgMedia
LogPluginManager: Mounting plugin MediaCompositing
LogPluginManager: Mounting plugin MediaPlayerEditor
LogPluginManager: Mounting plugin WebMMedia
LogPluginManager: Mounting plugin WmfMedia
LogPluginManager: Mounting plugin MeshPainting
LogPluginManager: Mounting plugin TcpMessaging
LogPluginManager: Mounting plugin UdpMessaging
LogPluginManager: Mounting plugin ActorSequence
LogPluginManager: Mounting plugin LevelSequenceEditor
LogPluginManager: Mounting plugin MatineeToLevelSequence
LogPluginManager: Mounting plugin MovieRenderPipeline
LogPluginManager: Mounting plugin TemplateSequence
LogPluginManager: Mounting plugin NetcodeUnitTest
LogPluginManager: Mounting plugin NUTUnrealEngine4
LogPluginManager: Mounting plugin OnlineSubsystemGooglePlay
LogPluginManager: Mounting plugin OnlineSubsystemIOS
LogPluginManager: Mounting plugin OnlineSubsystem
LogPluginManager: Mounting plugin OnlineSubsystemNull
LogPluginManager: Mounting plugin OnlineSubsystemUtils
LogPluginManager: Mounting plugin LauncherChunkInstaller
LogPluginManager: Mounting plugin AndroidDeviceProfileSelector
LogPluginManager: Mounting plugin AndroidMoviePlayer
LogPluginManager: Mounting plugin AndroidPermission
LogPluginManager: Mounting plugin AppleImageUtils
LogPluginManager: Mounting plugin AppleMoviePlayer
LogPluginManager: Mounting plugin ArchVisCharacter
LogPluginManager: Mounting plugin AssetTags
LogPluginManager: Mounting plugin AudioCapture
LogPluginManager: Mounting plugin CableComponent
LogPluginManager: Mounting plugin CustomMeshComponent
LogPluginManager: Mounting plugin EditableMesh
LogPluginManager: Mounting plugin ExampleDeviceProfileSelector
LogPluginManager: Mounting plugin GoogleCloudMessaging
LogPluginManager: Mounting plugin GooglePAD
LogPluginManager: Mounting plugin IOSDeviceProfileSelector
LogPluginManager: Mounting plugin LinuxDeviceProfileSelector
LogPluginManager: Mounting plugin LocationServicesBPLibrary
LogPluginManager: Mounting plugin MobilePatchingUtils
LogPluginManager: Mounting plugin OculusVR
LogPluginManager: Mounting plugin PhysXVehicles
LogPluginManager: Mounting plugin PostSplashScreen
LogPluginManager: Mounting plugin ProceduralMeshComponent
LogPluginManager: Mounting plugin RuntimePhysXCooking
LogPluginManager: Mounting plugin SignificanceManager
LogPluginManager: Mounting plugin SoundFields
LogPluginManager: Mounting plugin SteamVR
LogPluginManager: Mounting plugin Synthesis
LogPluginManager: Mounting plugin WebMMoviePlayer
LogPluginManager: Mounting plugin WindowsMoviePlayer
LogPluginManager: Mounting plugin ScreenshotTools
LogInit: Using libcurl 7.55.1-DEV
LogInit:  - built for x86_64-pc-win32
LogInit:  - supports SSL with OpenSSL/1.1.1
LogInit:  - supports HTTP deflate (compression) using libz 1.2.8
LogInit:  - other features:
LogInit:      CURL_VERSION_SSL
LogInit:      CURL_VERSION_LIBZ
LogInit:      CURL_VERSION_IPV6
LogInit:      CURL_VERSION_ASYNCHDNS
LogInit:      CURL_VERSION_LARGEFILE
LogInit:      CURL_VERSION_IDN
LogInit:  CurlRequestOptions (configurable via config and command line):
LogInit:  - bVerifyPeer = true  - Libcurl will verify peer certificate
LogInit:  - bUseHttpProxy = false  - Libcurl will NOT use HTTP proxy
LogInit:  - bDontReuseConnections = false  - Libcurl will reuse connections
LogInit:  - MaxHostConnections = 16  - Libcurl will limit the number of connections to a host
LogInit:  - LocalHostAddr = Default
LogInit:  - BufferSize = 65536
LogOnline: OSS: Creating online subsystem instance for: NULL
LogInit: WinSock: version 1.1 (2.2), MaxSocks=32767, MaxUdp=65467
LogOnline: OSS: TryLoadSubsystemAndSetDefault: Loaded subsystem for module [NULL]
LogInit: Build: ++UE4+Release-4.25-CL-14469661
LogInit: Engine Version: 4.25.4-14469661+++UE4+Release-4.25
LogInit: Compatible Engine Version: 4.25.0-13144385+++UE4+Release-4.25
LogInit: Net CL: 13144385
LogInit: OS: Windows 10 (Release 2004) (), CPU: Intel(R) Core(TM) i7-6700HQ CPU @ 2.60GHz, GPU: Intel(R) HD Graphics 530
LogInit: Compiled (64-bit): Oct 11 2020 08:10:49
LogInit: Compiled with Visual C++: 19.24.28315.00
LogInit: Build Configuration: Development
LogInit: Branch Name: ++UE4+Release-4.25
LogInit: Command Line: 
LogInit: Base Directory: C:/Program Files/Epic Games/UE_4.25/Engine/Binaries/Win64/
LogInit: Allocator: TBB
LogInit: Installed Engine Build: 1
LogDevObjectVersion: Number of dev versions registered: 26
LogDevObjectVersion:   Dev-Blueprints (B0D832E4-1F89-4F0D-ACCF-7EB736FD4AA2): 10
LogDevObjectVersion:   Dev-Build (E1C64328-A22C-4D53-A36C-8E866417BD8C): 0
LogDevObjectVersion:   Dev-Core (375EC13C-06E4-48FB-B500-84F0262A717E): 4
LogDevObjectVersion:   Dev-Editor (E4B068ED-F494-42E9-A231-DA0B2E46BB41): 38
LogDevObjectVersion:   Dev-Framework (CFFC743F-43B0-4480-9391-14DF171D2073): 37
LogDevObjectVersion:   Dev-Mobile (B02B49B5-BB20-44E9-A304-32B752E40360): 2
LogDevObjectVersion:   Dev-Networking (A4E4105C-59A1-49B5-A7C5-40C4547EDFEE): 0
LogDevObjectVersion:   Dev-Online (39C831C9-5AE6-47DC-9A44-9C173E1C8E7C): 0
LogDevObjectVersion:   Dev-Physics (78F01B33-EBEA-4F98-B9B4-84EACCB95AA2): 4
LogDevObjectVersion:   Dev-Platform (6631380F-2D4D-43E0-8009-CF276956A95A): 0
LogDevObjectVersion:   Dev-Rendering (12F88B9F-8875-4AFC-A67C-D90C383ABD29): 43
LogDevObjectVersion:   Dev-Sequencer (7B5AE74C-D270-4C10-A958-57980B212A5A): 12
LogDevObjectVersion:   Dev-VR (D7296918-1DD6-4BDD-9DE2-64A83CC13884): 3
LogDevObjectVersion:   Dev-LoadTimes (C2A15278-BFE7-4AFE-6C17-90FF531DF755): 1
LogDevObjectVersion:   Private-Geometry (6EACA3D4-40EC-4CC1-B786-8BED09428FC5): 3
LogDevObjectVersion:   Dev-AnimPhys (29E575DD-E0A3-4627-9D10-D276232CDCEA): 17
LogDevObjectVersion:   Dev-Anim (AF43A65D-7FD3-4947-9873-3E8ED9C1BB05): 7
LogDevObjectVersion:   Dev-ReflectionCapture (6B266CEC-1EC7-4B8F-A30B-E4D90942FC07): 1
LogDevObjectVersion:   Dev-Automation (0DF73D61-A23F-47EA-B727-89E90C41499A): 1
LogDevObjectVersion:   FortniteMain (601D1886-AC64-4F84-AA16-D3DE0DEAC7D6): 31
LogDevObjectVersion:   Dev-Enterprise (9DFFBCD6-494F-0158-E221-12823C92A888): 10
LogDevObjectVersion:   Dev-Niagara (F2AED0AC-9AFE-416F-8664-AA7FFA26D6FC): 1
LogDevObjectVersion:   Dev-Destruction (174F1F0B-B4C6-45A5-B13F-2EE8D0FB917D): 10
LogDevObjectVersion:   Dev-Physics-Ext (35F94A83-E258-406C-A318-09F59610247C): 37
LogDevObjectVersion:   Dev-PhysicsMaterial-Chaos (B68FC16E-8B1B-42E2-B453-215C058844FE): 1
LogDevObjectVersion:   Dev-CineCamera (B2E18506-4273-CFC2-A54E-F4BB758BBA07): 1
LogInit: Presizing for max 25165824 objects, including 0 objects not considered by GC, pre-allocating 0 bytes for permanent pool.
LogConfig: Applying CVar settings from Section [/Script/Engine.StreamingSettings] File [C:/Users/TarmaDSho/Desktop/TANK04/BattleTank/Saved/Config/Windows/Engine.ini]
LogConfig: Setting CVar [[s.MinBulkDataSizeForAsyncLoading:131072]]
LogConfig: Setting CVar [[s.AsyncLoadingThreadEnabled:0]]
LogConfig: Setting CVar [[s.EventDrivenLoaderEnabled:1]]
LogConfig: Setting CVar [[s.WarnIfTimeLimitExceeded:0]]
LogConfig: Setting CVar [[s.TimeLimitExceededMultiplier:1.5]]
LogConfig: Setting CVar [[s.TimeLimitExceededMinTime:0.005]]
LogConfig: Setting CVar [[s.UseBackgroundLevelStreaming:1]]
LogConfig: Setting CVar [[s.PriorityAsyncLoadingExtraTime:15.0]]
LogConfig: Setting CVar [[s.LevelStreamingActorsUpdateTimeLimit:5.0]]
LogConfig: Setting CVar [[s.PriorityLevelStreamingActorsUpdateExtraTime:5.0]]
LogConfig: Setting CVar [[s.LevelStreamingComponentsRegistrationGranularity:10]]
LogConfig: Setting CVar [[s.UnregisterComponentsTimeLimit:1.0]]
LogConfig: Setting CVar [[s.LevelStreamingComponentsUnregistrationGranularity:5]]
LogConfig: Setting CVar [[s.FlushStreamingOnExit:1]]
LogInit: Object subsystem initialized
LogConfig: Setting CVar [[con.DebugEarlyDefault:1]]
LogConfig: Setting CVar [[r.setres:1280x720]]
[2020.11.03-15.36.21:164][  0]LogConfig: Setting CVar [[r.VSync:0]]
[2020.11.03-15.36.21:164][  0]LogConfig: Setting CVar [[r.RHICmdBypass:0]]
[2020.11.03-15.36.21:164][  0]LogConfig: Applying CVar settings from Section [/Script/Engine.RendererSettings] File [C:/Users/TarmaDSho/Desktop/TANK04/BattleTank/Saved/Config/Windows/Engine.ini]
[2020.11.03-15.36.21:164][  0]LogConfig: Setting CVar [[r.GPUCrashDebugging:0]]
[2020.11.03-15.36.21:164][  0]LogConfig: Applying CVar settings from Section [/Script/Engine.RendererOverrideSettings] File [C:/Users/TarmaDSho/Desktop/TANK04/BattleTank/Saved/Config/Windows/Engine.ini]
[2020.11.03-15.36.21:164][  0]LogConfig: Applying CVar settings from Section [/Script/Engine.StreamingSettings] File [C:/Users/TarmaDSho/Desktop/TANK04/BattleTank/Saved/Config/Windows/Engine.ini]
[2020.11.03-15.36.21:164][  0]LogConfig: Setting CVar [[s.MinBulkDataSizeForAsyncLoading:131072]]
[2020.11.03-15.36.21:164][  0]LogConfig: Setting CVar [[s.AsyncLoadingThreadEnabled:0]]
[2020.11.03-15.36.21:164][  0]LogConfig: Setting CVar [[s.EventDrivenLoaderEnabled:1]]
[2020.11.03-15.36.21:164][  0]LogConfig: Setting CVar [[s.WarnIfTimeLimitExceeded:0]]
[2020.11.03-15.36.21:164][  0]LogConfig: Setting CVar [[s.TimeLimitExceededMultiplier:1.5]]
[2020.11.03-15.36.21:164][  0]LogConfig: Setting CVar [[s.TimeLimitExceededMinTime:0.005]]
[2020.11.03-15.36.21:164][  0]LogConfig: Setting CVar [[s.UseBackgroundLevelStreaming:1]]
[2020.11.03-15.36.21:164][  0]LogConfig: Setting CVar [[s.PriorityAsyncLoadingExtraTime:15.0]]
[2020.11.03-15.36.21:164][  0]LogConfig: Setting CVar [[s.LevelStreamingActorsUpdateTimeLimit:5.0]]
[2020.11.03-15.36.21:164][  0]LogConfig: Setting CVar [[s.PriorityLevelStreamingActorsUpdateExtraTime:5.0]]
[2020.11.03-15.36.21:164][  0]LogConfig: Setting CVar [[s.LevelStreamingComponentsRegistrationGranularity:10]]
[2020.11.03-15.36.21:164][  0]LogConfig: Setting CVar [[s.UnregisterComponentsTimeLimit:1.0]]
[2020.11.03-15.36.21:164][  0]LogConfig: Setting CVar [[s.LevelStreamingComponentsUnregistrationGranularity:5]]
[2020.11.03-15.36.21:164][  0]LogConfig: Setting CVar [[s.FlushStreamingOnExit:1]]
[2020.11.03-15.36.21:164][  0]LogConfig: Applying CVar settings from Section [/Script/Engine.GarbageCollectionSettings] File [C:/Users/TarmaDSho/Desktop/TANK04/BattleTank/Saved/Config/Windows/Engine.ini]
[2020.11.03-15.36.21:164][  0]LogConfig: Setting CVar [[gc.MaxObjectsNotConsideredByGC:1]]
[2020.11.03-15.36.21:164][  0]LogConfig: Setting CVar [[gc.SizeOfPermanentObjectPool:0]]
[2020.11.03-15.36.21:164][  0]LogConfig: Setting CVar [[gc.FlushStreamingOnGC:0]]
[2020.11.03-15.36.21:164][  0]LogConfig: Setting CVar [[gc.NumRetriesBeforeForcingGC:10]]
[2020.11.03-15.36.21:164][  0]LogConfig: Setting CVar [[gc.AllowParallelGC:1]]
[2020.11.03-15.36.21:164][  0]LogConfig: Setting CVar [[gc.TimeBetweenPurgingPendingKillObjects:61.1]]
[2020.11.03-15.36.21:164][  0]LogConfig: Setting CVar [[gc.MaxObjectsInEditor:25165824]]
[2020.11.03-15.36.21:164][  0]LogConfig: Setting CVar [[gc.IncrementalBeginDestroyEnabled:1]]
[2020.11.03-15.36.21:164][  0]LogConfig: Setting CVar [[gc.CreateGCClusters:1]]
[2020.11.03-15.36.21:164][  0]LogConfig: Setting CVar [[gc.MinGCClusterSize:5]]
[2020.11.03-15.36.21:164][  0]LogConfig: Setting CVar [[gc.ActorClusteringEnabled:0]]
[2020.11.03-15.36.21:164][  0]LogConfig: Setting CVar [[gc.BlueprintClusteringEnabled:0]]
[2020.11.03-15.36.21:164][  0]LogConfig: Setting CVar [[gc.UseDisregardForGCOnDedicatedServers:0]]
[2020.11.03-15.36.21:164][  0]LogConfig: Applying CVar settings from Section [/Script/Engine.NetworkSettings] File [C:/Users/TarmaDSho/Desktop/TANK04/BattleTank/Saved/Config/Windows/Engine.ini]
[2020.11.03-15.36.21:164][  0]LogConfig: Applying CVar settings from Section [/Script/UnrealEd.CookerSettings] File [C:/Users/TarmaDSho/Desktop/TANK04/BattleTank/Saved/Config/Windows/Engine.ini]
[2020.11.03-15.36.21:170][  0]LogConfig: Applying CVar settings from Section [ViewDistanceQuality@3] File [C:/Users/TarmaDSho/Desktop/TANK04/BattleTank/Saved/Config/Windows/Scalability.ini]
[2020.11.03-15.36.21:170][  0]LogConfig: Setting CVar [[r.SkeletalMeshLODBias:0]]
[2020.11.03-15.36.21:170][  0]LogConfig: Setting CVar [[r.ViewDistanceScale:1.0]]
[2020.11.03-15.36.21:170][  0]LogConfig: Applying CVar settings from Section [AntiAliasingQuality@3] File [C:/Users/TarmaDSho/Desktop/TANK04/BattleTank/Saved/Config/Windows/Scalability.ini]
[2020.11.03-15.36.21:170][  0]LogConfig: Setting CVar [[r.PostProcessAAQuality:4]]
[2020.11.03-15.36.21:170][  0]LogConfig: Applying CVar settings from Section [ShadowQuality@3] File [C:/Users/TarmaDSho/Desktop/TANK04/BattleTank/Saved/Config/Windows/Scalability.ini]
[2020.11.03-15.36.21:170][  0]LogConfig: Setting CVar [[r.LightFunctionQuality:1]]
[2020.11.03-15.36.21:170][  0]LogConfig: Setting CVar [[r.ShadowQuality:5]]
[2020.11.03-15.36.21:170][  0]LogConfig: Setting CVar [[r.Shadow.CSM.MaxCascades:10]]
[2020.11.03-15.36.21:170][  0]LogConfig: Setting CVar [[r.Shadow.MaxResolution:2048]]
[2020.11.03-15.36.21:170][  0]LogConfig: Setting CVar [[r.Shadow.MaxCSMResolution:2048]]
[2020.11.03-15.36.21:170][  0]LogConfig: Setting CVar [[r.Shadow.RadiusThreshold:0.01]]
[2020.11.03-15.36.21:170][  0]LogConfig: Setting CVar [[r.Shadow.DistanceScale:1.0]]
[2020.11.03-15.36.21:170][  0]LogConfig: Setting CVar [[r.Shadow.CSM.TransitionScale:1.0]]
[2020.11.03-15.36.21:170][  0]LogConfig: Setting CVar [[r.Shadow.PreShadowResolutionFactor:1.0]]
[2020.11.03-15.36.21:170][  0]LogConfig: Setting CVar [[r.DistanceFieldShadowing:1]]
[2020.11.03-15.36.21:170][  0]LogConfig: Setting CVar [[r.DistanceFieldAO:1]]
[2020.11.03-15.36.21:170][  0]LogConfig: Setting CVar [[r.AOQuality:2]]
[2020.11.03-15.36.21:170][  0]LogConfig: Setting CVar [[r.VolumetricFog:1]]
[2020.11.03-15.36.21:170][  0]LogConfig: Setting CVar [[r.VolumetricFog.GridPixelSize:8]]
[2020.11.03-15.36.21:170][  0]LogConfig: Setting CVar [[r.VolumetricFog.GridSizeZ:128]]
[2020.11.03-15.36.21:170][  0]LogConfig: Setting CVar [[r.VolumetricFog.HistoryMissSupersampleCount:4]]
[2020.11.03-15.36.21:170][  0]LogConfig: Setting CVar [[r.LightMaxDrawDistanceScale:1]]
[2020.11.03-15.36.21:170][  0]LogConfig: Setting CVar [[r.CapsuleShadows:1]]
[2020.11.03-15.36.21:170][  0]LogConfig: Applying CVar settings from Section [PostProcessQuality@3] File [C:/Users/TarmaDSho/Desktop/TANK04/BattleTank/Saved/Config/Windows/Scalability.ini]
[2020.11.03-15.36.21:170][  0]LogConfig: Setting CVar [[r.MotionBlurQuality:4]]
[2020.11.03-15.36.21:170][  0]LogConfig: Setting CVar [[r.AmbientOcclusionMipLevelFactor:0.4]]
[2020.11.03-15.36.21:170][  0]LogConfig: Setting CVar [[r.AmbientOcclusionMaxQuality:100]]
[2020.11.03-15.36.21:170][  0]LogConfig: Setting CVar [[r.AmbientOcclusionLevels:-1]]
[2020.11.03-15.36.21:170][  0]LogConfig: Setting CVar [[r.AmbientOcclusionRadiusScale:1.0]]
[2020.11.03-15.36.21:170][  0]LogConfig: Setting CVar [[r.DepthOfFieldQuality:2]]
[2020.11.03-15.36.21:170][  0]LogConfig: Setting CVar [[r.RenderTargetPoolMin:400]]
[2020.11.03-15.36.21:170][  0]LogConfig: Setting CVar [[r.LensFlareQuality:2]]
[2020.11.03-15.36.21:170][  0]LogConfig: Setting CVar [[r.SceneColorFringeQuality:1]]
[2020.11.03-15.36.21:170][  0]LogConfig: Setting CVar [[r.EyeAdaptationQuality:2]]
[2020.11.03-15.36.21:170][  0]LogConfig: Setting CVar [[r.BloomQuality:5]]
[2020.11.03-15.36.21:170][  0]LogConfig: Setting CVar [[r.FastBlurThreshold:100]]
[2020.11.03-15.36.21:170][  0]LogConfig: Setting CVar [[r.Upscale.Quality:3]]
[2020.11.03-15.36.21:170][  0]LogConfig: Setting CVar [[r.Tonemapper.GrainQuantization:1]]
[2020.11.03-15.36.21:170][  0]LogConfig: Setting CVar [[r.LightShaftQuality:1]]
[2020.11.03-15.36.21:170][  0]LogConfig: Setting CVar [[r.Filter.SizeScale:1]]
[2020.11.03-15.36.21:170][  0]LogConfig: Setting CVar [[r.Tonemapper.Quality:5]]
[2020.11.03-15.36.21:170][  0]LogConfig: Setting CVar [[r.DOF.Gather.AccumulatorQuality:1        ; higher gathering accumulator quality]]
[2020.11.03-15.36.21:170][  0]LogConfig: Setting CVar [[r.DOF.Gather.PostfilterMethod:1          ; Median3x3 postfilering method]]
[2020.11.03-15.36.21:170][  0]LogConfig: Setting CVar [[r.DOF.Gather.EnableBokehSettings:0       ; no bokeh simulation when gathering]]
[2020.11.03-15.36.21:170][  0]LogConfig: Setting CVar [[r.DOF.Gather.RingCount:4                 ; medium number of samples when gathering]]
[2020.11.03-15.36.21:170][  0]LogConfig: Setting CVar [[r.DOF.Scatter.ForegroundCompositing:1    ; additive foreground scattering]]
[2020.11.03-15.36.21:170][  0]LogConfig: Setting CVar [[r.DOF.Scatter.BackgroundCompositing:2    ; additive background scattering]]
[2020.11.03-15.36.21:170][  0]LogConfig: Setting CVar [[r.DOF.Scatter.EnableBokehSettings:1      ; bokeh simulation when scattering]]
[2020.11.03-15.36.21:170][  0]LogConfig: Setting CVar [[r.DOF.Scatter.MaxSpriteRatio:0.1         ; only a maximum of 10% of scattered bokeh]]
[2020.11.03-15.36.21:170][  0]LogConfig: Setting CVar [[r.DOF.Recombine.Quality:1                ; cheap slight out of focus]]
[2020.11.03-15.36.21:170][  0]LogConfig: Setting CVar [[r.DOF.Recombine.EnableBokehSettings:0    ; no bokeh simulation on slight out of focus]]
[2020.11.03-15.36.21:170][  0]LogConfig: Setting CVar [[r.DOF.TemporalAAQuality:1                ; more stable temporal accumulation]]
[2020.11.03-15.36.21:170][  0]LogConfig: Setting CVar [[r.DOF.Kernel.MaxForegroundRadius:0.025]]
[2020.11.03-15.36.21:170][  0]LogConfig: Setting CVar [[r.DOF.Kernel.MaxBackgroundRadius:0.025]]
[2020.11.03-15.36.21:170][  0]LogConfig: Applying CVar settings from Section [TextureQuality@3] File [C:/Users/TarmaDSho/Desktop/TANK04/BattleTank/Saved/Config/Windows/Scalability.ini]
[2020.11.03-15.36.21:170][  0]LogConfig: Setting CVar [[r.Streaming.MipBias:0]]
[2020.11.03-15.36.21:170][  0]LogConfig: Setting CVar [[r.Streaming.AmortizeCPUToGPUCopy:0]]
[2020.11.03-15.36.21:170][  0]LogConfig: Setting CVar [[r.Streaming.MaxNumTexturesToStreamPerFrame:0]]
[2020.11.03-15.36.21:170][  0]LogConfig: Setting CVar [[r.Streaming.Boost:1]]
[2020.11.03-15.36.21:170][  0]LogConfig: Setting CVar [[r.MaxAnisotropy:8]]
[2020.11.03-15.36.21:170][  0]LogConfig: Setting CVar [[r.VT.MaxAnisotropy:8]]
[2020.11.03-15.36.21:170][  0]LogConfig: Setting CVar [[r.Streaming.LimitPoolSizeToVRAM:0]]
[2020.11.03-15.36.21:170][  0]LogConfig: Setting CVar [[r.Streaming.PoolSize:1000]]
[2020.11.03-15.36.21:170][  0]LogConfig: Setting CVar [[r.Streaming.MaxEffectiveScreenSize:0]]
[2020.11.03-15.36.21:170][  0]LogConfig: Applying CVar settings from Section [EffectsQuality@3] File [C:/Users/TarmaDSho/Desktop/TANK04/BattleTank/Saved/Config/Windows/Scalability.ini]
[2020.11.03-15.36.21:170][  0]LogConfig: Setting CVar [[r.TranslucencyLightingVolumeDim:64]]
[2020.11.03-15.36.21:170][  0]LogConfig: Setting CVar [[r.RefractionQuality:2]]
[2020.11.03-15.36.21:170][  0]LogConfig: Setting CVar [[r.SSR.Quality:3]]
[2020.11.03-15.36.21:170][  0]LogConfig: Setting CVar [[r.SSR.HalfResSceneColor:0]]
[2020.11.03-15.36.21:170][  0]LogConfig: Setting CVar [[r.SceneColorFormat:4]]
[2020.11.03-15.36.21:170][  0]LogConfig: Setting CVar [[r.DetailMode:2]]
[2020.11.03-15.36.21:170][  0]LogConfig: Setting CVar [[r.TranslucencyVolumeBlur:1]]
[2020.11.03-15.36.21:170][  0]LogConfig: Setting CVar [[r.MaterialQualityLevel:1 ; High quality]]
[2020.11.03-15.36.21:170][  0]LogConfig: Setting CVar [[r.SSS.Scale:1]]
[2020.11.03-15.36.21:170][  0]LogConfig: Setting CVar [[r.SSS.SampleSet:2]]
[2020.11.03-15.36.21:170][  0]LogConfig: Setting CVar [[r.SSS.Quality:1]]
[2020.11.03-15.36.21:170][  0]LogConfig: Setting CVar [[r.SSS.HalfRes:0]]
[2020.11.03-15.36.21:170][  0]LogConfig: Setting CVar [[r.SSGI.Quality:3]]
[2020.11.03-15.36.21:170][  0]LogConfig: Setting CVar [[r.EmitterSpawnRateScale:1.0]]
[2020.11.03-15.36.21:170][  0]LogConfig: Setting CVar [[r.ParticleLightQuality:2]]
[2020.11.03-15.36.21:170][  0]LogConfig: Setting CVar [[r.SkyAtmosphere.AerialPerspectiveLUT.FastApplyOnOpaque:1 ; Always have FastSkyLUT 1 in this case to avoid wrong sky]]
[2020.11.03-15.36.21:170][  0]LogConfig: Setting CVar [[r.SkyAtmosphere.AerialPerspectiveLUT.SampleCountPerSlice:1]]
[2020.11.03-15.36.21:170][  0]LogConfig: Setting CVar [[r.SkyAtmosphere.AerialPerspectiveLUT.DepthResolution:16.0]]
[2020.11.03-15.36.21:170][  0]LogConfig: Setting CVar [[r.SkyAtmosphere.FastSkyLUT:1]]
[2020.11.03-15.36.21:170][  0]LogConfig: Setting CVar [[r.SkyAtmosphere.FastSkyLUT.SampleCountMin:4.0]]
[2020.11.03-15.36.21:170][  0]LogConfig: Setting CVar [[r.SkyAtmosphere.FastSkyLUT.SampleCountMax:32.0]]
[2020.11.03-15.36.21:170][  0]LogConfig: Setting CVar [[r.SkyAtmosphere.SampleCountMin:4.0]]
[2020.11.03-15.36.21:170][  0]LogConfig: Setting CVar [[r.SkyAtmosphere.SampleCountMax:32.0]]
[2020.11.03-15.36.21:170][  0]LogConfig: Setting CVar [[r.SkyAtmosphere.TransmittanceLUT.UseSmallFormat:0]]
[2020.11.03-15.36.21:170][  0]LogConfig: Setting CVar [[r.SkyAtmosphere.TransmittanceLUT.SampleCount:10.0]]
[2020.11.03-15.36.21:170][  0]LogConfig: Setting CVar [[r.SkyAtmosphere.MultiScatteringLUT.SampleCount:15.0]]
[2020.11.03-15.36.21:170][  0]LogConfig: Applying CVar settings from Section [FoliageQuality@3] File [C:/Users/TarmaDSho/Desktop/TANK04/BattleTank/Saved/Config/Windows/Scalability.ini]
[2020.11.03-15.36.21:170][  0]LogConfig: Setting CVar [[foliage.DensityScale:1.0]]
[2020.11.03-15.36.21:170][  0]LogConfig: Setting CVar [[grass.DensityScale:1.0]]
[2020.11.03-15.36.21:170][  0]LogConfig: Applying CVar settings from Section [ShadingQuality@3] File [C:/Users/TarmaDSho/Desktop/TANK04/BattleTank/Saved/Config/Windows/Scalability.ini]
[2020.11.03-15.36.21:170][  0]LogConfig: Setting CVar [[r.HairStrands.SkyLighting.SampleCount:16]]
[2020.11.03-15.36.21:170][  0]LogConfig: Setting CVar [[r.HairStrands.SkyLighting.JitterIntegration:0]]
[2020.11.03-15.36.21:170][  0]LogConfig: Setting CVar [[r.HairStrands.SkyAO.SampleCount:16]]
[2020.11.03-15.36.21:170][  0]LogConfig: Setting CVar [[r.HairStrands.DeepShadow.SuperSampling:0]]
[2020.11.03-15.36.21:170][  0]LogConfig: Setting CVar [[r.HairStrands.VisibilityPPLL:0]]
[2020.11.03-15.36.21:170][  0]LogConfig: Setting CVar [[r.HairStrands.RasterizationScale:0.5]]
[2020.11.03-15.36.21:170][  0]LogConfig: Setting CVar [[r.HairStrands.VelocityRasterizationScale:1]]
[2020.11.03-15.36.21:170][  0]LogInit: Selected Device Profile: [Windows]
[2020.11.03-15.36.21:170][  0]LogInit: Applying CVar settings loaded from the selected device profile: [Windows]
[2020.11.03-15.36.21:170][  0]LogHAL: Display: Platform has ~ 24 GB [25663389696 / 34359738368 / 24], which maps to Larger [LargestMinGB=32, LargerMinGB=12, DefaultMinGB=8, SmallerMinGB=6, SmallestMinGB=0)
[2020.11.03-15.36.21:171][  0]LogInit: Going up to parent DeviceProfile []
[2020.11.03-15.36.21:171][  0]LogConfig: Applying CVar settings from Section [ViewDistanceQuality@3] File [C:/Users/TarmaDSho/Desktop/TANK04/BattleTank/Saved/Config/Windows/Scalability.ini]
[2020.11.03-15.36.21:171][  0]LogConfig: Setting CVar [[r.SkeletalMeshLODBias:0]]
[2020.11.03-15.36.21:171][  0]LogConfig: Setting CVar [[r.ViewDistanceScale:1.0]]
[2020.11.03-15.36.21:171][  0]LogConfig: Applying CVar settings from Section [AntiAliasingQuality@3] File [C:/Users/TarmaDSho/Desktop/TANK04/BattleTank/Saved/Config/Windows/Scalability.ini]
[2020.11.03-15.36.21:171][  0]LogConfig: Setting CVar [[r.PostProcessAAQuality:4]]
[2020.11.03-15.36.21:171][  0]LogConfig: Applying CVar settings from Section [ShadowQuality@3] File [C:/Users/TarmaDSho/Desktop/TANK04/BattleTank/Saved/Config/Windows/Scalability.ini]
[2020.11.03-15.36.21:171][  0]LogConfig: Setting CVar [[r.LightFunctionQuality:1]]
[2020.11.03-15.36.21:171][  0]LogConfig: Setting CVar [[r.ShadowQuality:5]]
[2020.11.03-15.36.21:171][  0]LogConfig: Setting CVar [[r.Shadow.CSM.MaxCascades:10]]
[2020.11.03-15.36.21:171][  0]LogConfig: Setting CVar [[r.Shadow.MaxResolution:2048]]
[2020.11.03-15.36.21:171][  0]LogConfig: Setting CVar [[r.Shadow.MaxCSMResolution:2048]]
[2020.11.03-15.36.21:171][  0]LogConfig: Setting CVar [[r.Shadow.RadiusThreshold:0.01]]
[2020.11.03-15.36.21:171][  0]LogConfig: Setting CVar [[r.Shadow.DistanceScale:1.0]]
[2020.11.03-15.36.21:171][  0]LogConfig: Setting CVar [[r.Shadow.CSM.TransitionScale:1.0]]
[2020.11.03-15.36.21:171][  0]LogConfig: Setting CVar [[r.Shadow.PreShadowResolutionFactor:1.0]]
[2020.11.03-15.36.21:171][  0]LogConfig: Setting CVar [[r.DistanceFieldShadowing:1]]
[2020.11.03-15.36.21:171][  0]LogConfig: Setting CVar [[r.DistanceFieldAO:1]]
[2020.11.03-15.36.21:171][  0]LogConfig: Setting CVar [[r.AOQuality:2]]
[2020.11.03-15.36.21:171][  0]LogConfig: Setting CVar [[r.VolumetricFog:1]]
[2020.11.03-15.36.21:171][  0]LogConfig: Setting CVar [[r.VolumetricFog.GridPixelSize:8]]
[2020.11.03-15.36.21:171][  0]LogConfig: Setting CVar [[r.VolumetricFog.GridSizeZ:128]]
[2020.11.03-15.36.21:171][  0]LogConfig: Setting CVar [[r.VolumetricFog.HistoryMissSupersampleCount:4]]
[2020.11.03-15.36.21:171][  0]LogConfig: Setting CVar [[r.LightMaxDrawDistanceScale:1]]
[2020.11.03-15.36.21:171][  0]LogConfig: Setting CVar [[r.CapsuleShadows:1]]
[2020.11.03-15.36.21:171][  0]LogConfig: Applying CVar settings from Section [PostProcessQuality@3] File [C:/Users/TarmaDSho/Desktop/TANK04/BattleTank/Saved/Config/Windows/Scalability.ini]
[2020.11.03-15.36.21:171][  0]LogConfig: Setting CVar [[r.MotionBlurQuality:4]]
[2020.11.03-15.36.21:171][  0]LogConfig: Setting CVar [[r.AmbientOcclusionMipLevelFactor:0.4]]
[2020.11.03-15.36.21:171][  0]LogConfig: Setting CVar [[r.AmbientOcclusionMaxQuality:100]]
[2020.11.03-15.36.21:171][  0]LogConfig: Setting CVar [[r.AmbientOcclusionLevels:-1]]
[2020.11.03-15.36.21:171][  0]LogConfig: Setting CVar [[r.AmbientOcclusionRadiusScale:1.0]]
[2020.11.03-15.36.21:171][  0]LogConfig: Setting CVar [[r.DepthOfFieldQuality:2]]
[2020.11.03-15.36.21:171][  0]LogConfig: Setting CVar [[r.RenderTargetPoolMin:400]]
[2020.11.03-15.36.21:171][  0]LogConfig: Setting CVar [[r.LensFlareQuality:2]]
[2020.11.03-15.36.21:171][  0]LogConfig: Setting CVar [[r.SceneColorFringeQuality:1]]
[2020.11.03-15.36.21:171][  0]LogConfig: Setting CVar [[r.EyeAdaptationQuality:2]]
[2020.11.03-15.36.21:171][  0]LogConfig: Setting CVar [[r.BloomQuality:5]]
[2020.11.03-15.36.21:171][  0]LogConfig: Setting CVar [[r.FastBlurThreshold:100]]
[2020.11.03-15.36.21:171][  0]LogConfig: Setting CVar [[r.Upscale.Quality:3]]
[2020.11.03-15.36.21:171][  0]LogConfig: Setting CVar [[r.Tonemapper.GrainQuantization:1]]
[2020.11.03-15.36.21:171][  0]LogConfig: Setting CVar [[r.LightShaftQuality:1]]
[2020.11.03-15.36.21:171][  0]LogConfig: Setting CVar [[r.Filter.SizeScale:1]]
[2020.11.03-15.36.21:171][  0]LogConfig: Setting CVar [[r.Tonemapper.Quality:5]]
[2020.11.03-15.36.21:171][  0]LogConfig: Setting CVar [[r.DOF.Gather.AccumulatorQuality:1        ; higher gathering accumulator quality]]
[2020.11.03-15.36.21:171][  0]LogConfig: Setting CVar [[r.DOF.Gather.PostfilterMethod:1          ; Median3x3 postfilering method]]
[2020.11.03-15.36.21:171][  0]LogConfig: Setting CVar [[r.DOF.Gather.EnableBokehSettings:0       ; no bokeh simulation when gathering]]
[2020.11.03-15.36.21:171][  0]LogConfig: Setting CVar [[r.DOF.Gather.RingCount:4                 ; medium number of samples when gathering]]
[2020.11.03-15.36.21:171][  0]LogConfig: Setting CVar [[r.DOF.Scatter.ForegroundCompositing:1    ; additive foreground scattering]]
[2020.11.03-15.36.21:171][  0]LogConfig: Setting CVar [[r.DOF.Scatter.BackgroundCompositing:2    ; additive background scattering]]
[2020.11.03-15.36.21:171][  0]LogConfig: Setting CVar [[r.DOF.Scatter.EnableBokehSettings:1      ; bokeh simulation when scattering]]
[2020.11.03-15.36.21:171][  0]LogConfig: Setting CVar [[r.DOF.Scatter.MaxSpriteRatio:0.1         ; only a maximum of 10% of scattered bokeh]]
[2020.11.03-15.36.21:171][  0]LogConfig: Setting CVar [[r.DOF.Recombine.Quality:1                ; cheap slight out of focus]]
[2020.11.03-15.36.21:171][  0]LogConfig: Setting CVar [[r.DOF.Recombine.EnableBokehSettings:0    ; no bokeh simulation on slight out of focus]]
[2020.11.03-15.36.21:171][  0]LogConfig: Setting CVar [[r.DOF.TemporalAAQuality:1                ; more stable temporal accumulation]]
[2020.11.03-15.36.21:171][  0]LogConfig: Setting CVar [[r.DOF.Kernel.MaxForegroundRadius:0.025]]
[2020.11.03-15.36.21:171][  0]LogConfig: Setting CVar [[r.DOF.Kernel.MaxBackgroundRadius:0.025]]
[2020.11.03-15.36.21:171][  0]LogConfig: Applying CVar settings from Section [TextureQuality@3] File [C:/Users/TarmaDSho/Desktop/TANK04/BattleTank/Saved/Config/Windows/Scalability.ini]
[2020.11.03-15.36.21:171][  0]LogConfig: Setting CVar [[r.Streaming.MipBias:0]]
[2020.11.03-15.36.21:171][  0]LogConfig: Setting CVar [[r.Streaming.AmortizeCPUToGPUCopy:0]]
[2020.11.03-15.36.21:171][  0]LogConfig: Setting CVar [[r.Streaming.MaxNumTexturesToStreamPerFrame:0]]
[2020.11.03-15.36.21:171][  0]LogConfig: Setting CVar [[r.Streaming.Boost:1]]
[2020.11.03-15.36.21:171][  0]LogConfig: Setting CVar [[r.MaxAnisotropy:8]]
[2020.11.03-15.36.21:171][  0]LogConfig: Setting CVar [[r.VT.MaxAnisotropy:8]]
[2020.11.03-15.36.21:171][  0]LogConfig: Setting CVar [[r.Streaming.LimitPoolSizeToVRAM:0]]
[2020.11.03-15.36.21:171][  0]LogConfig: Setting CVar [[r.Streaming.PoolSize:1000]]
[2020.11.03-15.36.21:171][  0]LogConfig: Setting CVar [[r.Streaming.MaxEffectiveScreenSize:0]]
[2020.11.03-15.36.21:171][  0]LogConfig: Applying CVar settings from Section [EffectsQuality@3] File [C:/Users/TarmaDSho/Desktop/TANK04/BattleTank/Saved/Config/Windows/Scalability.ini]
[2020.11.03-15.36.21:172][  0]LogConfig: Setting CVar [[r.TranslucencyLightingVolumeDim:64]]
[2020.11.03-15.36.21:172][  0]LogConfig: Setting CVar [[r.RefractionQuality:2]]
[2020.11.03-15.36.21:172][  0]LogConfig: Setting CVar [[r.SSR.Quality:3]]
[2020.11.03-15.36.21:172][  0]LogConfig: Setting CVar [[r.SSR.HalfResSceneColor:0]]
[2020.11.03-15.36.21:172][  0]LogConfig: Setting CVar [[r.SceneColorFormat:4]]
[2020.11.03-15.36.21:172][  0]LogConfig: Setting CVar [[r.DetailMode:2]]
[2020.11.03-15.36.21:172][  0]LogConfig: Setting CVar [[r.TranslucencyVolumeBlur:1]]
[2020.11.03-15.36.21:172][  0]LogConfig: Setting CVar [[r.MaterialQualityLevel:1 ; High quality]]
[2020.11.03-15.36.21:172][  0]LogConfig: Setting CVar [[r.SSS.Scale:1]]
[2020.11.03-15.36.21:172][  0]LogConfig: Setting CVar [[r.SSS.SampleSet:2]]
[2020.11.03-15.36.21:172][  0]LogConfig: Setting CVar [[r.SSS.Quality:1]]
[2020.11.03-15.36.21:172][  0]LogConfig: Setting CVar [[r.SSS.HalfRes:0]]
[2020.11.03-15.36.21:172][  0]LogConfig: Setting CVar [[r.SSGI.Quality:3]]
[2020.11.03-15.36.21:172][  0]LogConfig: Setting CVar [[r.EmitterSpawnRateScale:1.0]]
[2020.11.03-15.36.21:172][  0]LogConfig: Setting CVar [[r.ParticleLightQuality:2]]
[2020.11.03-15.36.21:172][  0]LogConfig: Setting CVar [[r.SkyAtmosphere.AerialPerspectiveLUT.FastApplyOnOpaque:1 ; Always have FastSkyLUT 1 in this case to avoid wrong sky]]
[2020.11.03-15.36.21:172][  0]LogConfig: Setting CVar [[r.SkyAtmosphere.AerialPerspectiveLUT.SampleCountPerSlice:1]]
[2020.11.03-15.36.21:172][  0]LogConfig: Setting CVar [[r.SkyAtmosphere.AerialPerspectiveLUT.DepthResolution:16.0]]
[2020.11.03-15.36.21:172][  0]LogConfig: Setting CVar [[r.SkyAtmosphere.FastSkyLUT:1]]
[2020.11.03-15.36.21:172][  0]LogConfig: Setting CVar [[r.SkyAtmosphere.FastSkyLUT.SampleCountMin:4.0]]
[2020.11.03-15.36.21:172][  0]LogConfig: Setting CVar [[r.SkyAtmosphere.FastSkyLUT.SampleCountMax:32.0]]
[2020.11.03-15.36.21:172][  0]LogConfig: Setting CVar [[r.SkyAtmosphere.SampleCountMin:4.0]]
[2020.11.03-15.36.21:172][  0]LogConfig: Setting CVar [[r.SkyAtmosphere.SampleCountMax:32.0]]
[2020.11.03-15.36.21:172][  0]LogConfig: Setting CVar [[r.SkyAtmosphere.TransmittanceLUT.UseSmallFormat:0]]
[2020.11.03-15.36.21:172][  0]LogConfig: Setting CVar [[r.SkyAtmosphere.TransmittanceLUT.SampleCount:10.0]]
[2020.11.03-15.36.21:172][  0]LogConfig: Setting CVar [[r.SkyAtmosphere.MultiScatteringLUT.SampleCount:15.0]]
[2020.11.03-15.36.21:172][  0]LogConfig: Applying CVar settings from Section [FoliageQuality@3] File [C:/Users/TarmaDSho/Desktop/TANK04/BattleTank/Saved/Config/Windows/Scalability.ini]
[2020.11.03-15.36.21:172][  0]LogConfig: Setting CVar [[foliage.DensityScale:1.0]]
[2020.11.03-15.36.21:172][  0]LogConfig: Setting CVar [[grass.DensityScale:1.0]]
[2020.11.03-15.36.21:172][  0]LogConfig: Applying CVar settings from Section [ShadingQuality@3] File [C:/Users/TarmaDSho/Desktop/TANK04/BattleTank/Saved/Config/Windows/Scalability.ini]
[2020.11.03-15.36.21:172][  0]LogConfig: Setting CVar [[r.HairStrands.SkyLighting.SampleCount:16]]
[2020.11.03-15.36.21:172][  0]LogConfig: Setting CVar [[r.HairStrands.SkyLighting.JitterIntegration:0]]
[2020.11.03-15.36.21:172][  0]LogConfig: Setting CVar [[r.HairStrands.SkyAO.SampleCount:16]]
[2020.11.03-15.36.21:172][  0]LogConfig: Setting CVar [[r.HairStrands.DeepShadow.SuperSampling:0]]
[2020.11.03-15.36.21:172][  0]LogConfig: Setting CVar [[r.HairStrands.VisibilityPPLL:0]]
[2020.11.03-15.36.21:172][  0]LogConfig: Setting CVar [[r.HairStrands.RasterizationScale:0.5]]
[2020.11.03-15.36.21:172][  0]LogConfig: Setting CVar [[r.HairStrands.VelocityRasterizationScale:1]]
[2020.11.03-15.36.21:172][  0]LogConfig: Applying CVar settings from Section [Startup] File [../../../Engine/Config/ConsoleVariables.ini]
[2020.11.03-15.36.21:172][  0]LogConfig: Setting CVar [[net.UseAdaptiveNetUpdateFrequency:0]]
[2020.11.03-15.36.21:172][  0]LogConfig: Setting CVar [[p.chaos.AllowCreatePhysxBodies:1]]
[2020.11.03-15.36.21:172][  0]LogConfig: Setting CVar [[fx.SkipVectorVMBackendOptimizations:1]]
[2020.11.03-15.36.21:172][  0]LogConfig: Applying CVar settings from Section [ConsoleVariables] File [C:/Users/TarmaDSho/Desktop/TANK04/BattleTank/Saved/Config/Windows/Engine.ini]
[2020.11.03-15.36.21:172][  0]LogInit: Computer: DESKTOP-MQFRF93
[2020.11.03-15.36.21:172][  0]LogInit: User: TarmaDSho
[2020.11.03-15.36.21:172][  0]LogInit: CPU Page size=4096, Cores=4
[2020.11.03-15.36.21:172][  0]LogInit: High frequency timer resolution =10.000000 MHz
[2020.11.03-15.36.21:173][  0]LogMemory: Memory total: Physical=23.9GB (24GB approx)
[2020.11.03-15.36.21:173][  0]LogMemory: Platform Memory Stats for Windows
[2020.11.03-15.36.21:173][  0]LogMemory: Process Physical Memory: 115.86 MB used, 115.86 MB peak
[2020.11.03-15.36.21:173][  0]LogMemory: Process Virtual Memory: 101.11 MB used, 101.11 MB peak
[2020.11.03-15.36.21:173][  0]LogMemory: Physical Memory: 11050.55 MB used,  13423.96 MB free, 24474.52 MB total
[2020.11.03-15.36.21:173][  0]LogMemory: Virtual Memory: 5149.84 MB used,  134212576.00 MB free, 134217728.00 MB total
[2020.11.03-15.36.21:178][  0]LogWindows: WindowsPlatformFeatures enabled
[2020.11.03-15.36.21:233][  0]LogInit: Physics initialised using underlying interface: PhysX
[2020.11.03-15.36.21:234][  0]LogInit: Using OS detected language (en-US).
[2020.11.03-15.36.21:234][  0]LogInit: Using OS detected locale (tr-TR).
[2020.11.03-15.36.21:240][  0]LogTextLocalizationManager: No specific localization for 'en-US' exists, so the 'en' localization will be used.
[2020.11.03-15.36.21:438][  0]LogInit: Setting process to per monitor DPI aware
[2020.11.03-15.36.21:502][  0]LogSlate: New Slate User Created.  User Index 0, Is Virtual User: 0
[2020.11.03-15.36.21:502][  0]LogSlate: Slate User Registered.  User Index 0, Is Virtual User: 0
[2020.11.03-15.36.21:751][  0]LogHMD: Failed to initialize OpenVR with code 110
[2020.11.03-15.36.21:751][  0]LogD3D11RHI: D3D11 min allowed feature level: 11_0
[2020.11.03-15.36.21:751][  0]LogD3D11RHI: D3D11 max allowed feature level: 11_0
[2020.11.03-15.36.21:751][  0]LogD3D11RHI: D3D11 adapters:
[2020.11.03-15.36.21:852][  0]LogD3D11RHI:    0. 'NVIDIA GeForce GTX 960M' (Feature Level 11_0)
[2020.11.03-15.36.21:852][  0]LogD3D11RHI:       4055/0/12237 MB DedicatedVideo/DedicatedSystem/SharedSystem, Outputs:2, VendorId:0x10de
[2020.11.03-15.36.21:875][  0]LogD3D11RHI:    1. 'Intel(R) HD Graphics 530' (Feature Level 11_0)
[2020.11.03-15.36.21:875][  0]LogD3D11RHI:       128/0/12237 MB DedicatedVideo/DedicatedSystem/SharedSystem, Outputs:0, VendorId:0x8086
[2020.11.03-15.36.21:878][  0]LogD3D11RHI:    2. 'Microsoft Basic Render Driver' (Feature Level 11_0)
[2020.11.03-15.36.21:878][  0]LogD3D11RHI:       0/0/12237 MB DedicatedVideo/DedicatedSystem/SharedSystem, Outputs:0, VendorId:0x1414
[2020.11.03-15.36.21:878][  0]LogD3D11RHI: Chosen D3D11 Adapter: 0
[2020.11.03-15.36.21:885][  0]LogD3D11RHI: Creating new Direct3DDevice
[2020.11.03-15.36.21:885][  0]LogD3D11RHI:     GPU DeviceId: 0x139b (for the marketing name, search the web for "GPU Device Id")
[2020.11.03-15.36.21:885][  0]LogWindows: EnumDisplayDevices:
[2020.11.03-15.36.21:886][  0]LogWindows:    0. 'Intel(R) HD Graphics 530' (P:1 D:1)
[2020.11.03-15.36.21:886][  0]LogWindows:    1. 'Intel(R) HD Graphics 530' (P:0 D:1)
[2020.11.03-15.36.21:886][  0]LogWindows:    2. 'Intel(R) HD Graphics 530' (P:0 D:0)
[2020.11.03-15.36.21:886][  0]LogWindows: DebugString: PrimaryIsNotTheChoosenAdapter PrimaryIsNotTheChoosenAdapter PrimaryIsNotTheChoosenAdapter FoundDriverCount:0 
[2020.11.03-15.36.21:886][  0]LogD3D11RHI:     Adapter Name: NVIDIA GeForce GTX 960M
[2020.11.03-15.36.21:886][  0]LogD3D11RHI:   Driver Version: Unknown (internal:Unknown, unified:Unknown)
[2020.11.03-15.36.21:886][  0]LogD3D11RHI:      Driver Date: Unknown
[2020.11.03-15.36.21:886][  0]LogRHI: Texture pool is 2839 MB (70% of 4055 MB)
[2020.11.03-15.36.21:957][  0]LogD3D11RHI: RHI has support for 64 bit atomics
[2020.11.03-15.36.21:958][  0]LogD3D11RHI: Async texture creation enabled
[2020.11.03-15.36.21:997][  0]LogD3D11RHI: GPU Timing Frequency: 1000.000000 (Debug: 2 1)
[2020.11.03-15.36.22:363][  0]LogTargetPlatformManager: Display: Loaded TargetPlatform 'AllDesktop'
[2020.11.03-15.36.22:389][  0]LogTargetPlatformManager: Display: Loaded TargetPlatform 'Android'
[2020.11.03-15.36.22:389][  0]LogTargetPlatformManager: Display: Loaded TargetPlatform 'Android_ASTC'
[2020.11.03-15.36.22:389][  0]LogTargetPlatformManager: Display: Loaded TargetPlatform 'Android_DXT'
[2020.11.03-15.36.22:389][  0]LogTargetPlatformManager: Display: Loaded TargetPlatform 'Android_ETC2'
[2020.11.03-15.36.22:389][  0]LogTargetPlatformManager: Display: Loaded TargetPlatform 'AndroidClient'
[2020.11.03-15.36.22:389][  0]LogTargetPlatformManager: Display: Loaded TargetPlatform 'Android_ASTCClient'
[2020.11.03-15.36.22:389][  0]LogTargetPlatformManager: Display: Loaded TargetPlatform 'Android_DXTClient'
[2020.11.03-15.36.22:390][  0]LogTargetPlatformManager: Display: Loaded TargetPlatform 'Android_ETC2Client'
[2020.11.03-15.36.22:390][  0]LogTargetPlatformManager: Display: Loaded TargetPlatform 'Android_Multi'
[2020.11.03-15.36.22:390][  0]LogTargetPlatformManager: Display: Loaded TargetPlatform 'Android_MultiClient'
[2020.11.03-15.36.22:414][  0]LogTargetPlatformManager: Display: Loaded TargetPlatform 'IOSClient'
[2020.11.03-15.36.22:414][  0]LogTargetPlatformManager: Display: Loaded TargetPlatform 'IOS'
[2020.11.03-15.36.22:425][  0]LogTargetPlatformManager: Display: Loaded TargetPlatform 'Linux'
[2020.11.03-15.36.22:435][  0]LogTargetPlatformManager: Display: Loaded TargetPlatform 'LinuxNoEditor'
[2020.11.03-15.36.22:445][  0]LogTargetPlatformManager: Display: Loaded TargetPlatform 'LinuxClient'
[2020.11.03-15.36.22:455][  0]LogTargetPlatformManager: Display: Loaded TargetPlatform 'LinuxServer'
[2020.11.03-15.36.22:465][  0]LogTargetPlatformManager: Display: Loaded TargetPlatform 'LinuxAArch64NoEditor'
[2020.11.03-15.36.22:475][  0]LogTargetPlatformManager: Display: Loaded TargetPlatform 'LinuxAArch64Client'
[2020.11.03-15.36.22:485][  0]LogTargetPlatformManager: Display: Loaded TargetPlatform 'LinuxAArch64Server'
[2020.11.03-15.36.22:513][  0]LogTargetPlatformManager: Display: Loaded TargetPlatform 'Lumin'
[2020.11.03-15.36.22:513][  0]LogTargetPlatformManager: Display: Loaded TargetPlatform 'LuminClient'
[2020.11.03-15.36.22:529][  0]LogTargetPlatformManager: Display: Loaded TargetPlatform 'TVOSClient'
[2020.11.03-15.36.22:530][  0]LogTargetPlatformManager: Display: Loaded TargetPlatform 'TVOS'
[2020.11.03-15.36.22:540][  0]LogTargetPlatformManager: Display: Loaded TargetPlatform 'WindowsNoEditor'
[2020.11.03-15.36.22:551][  0]LogTargetPlatformManager: Display: Loaded TargetPlatform 'Windows'
[2020.11.03-15.36.22:561][  0]LogTargetPlatformManager: Display: Loaded TargetPlatform 'WindowsClient'
[2020.11.03-15.36.22:571][  0]LogTargetPlatformManager: Display: Loaded TargetPlatform 'WindowsServer'
[2020.11.03-15.36.22:571][  0]LogTargetPlatformManager: Display: Building Assets For Windows
[2020.11.03-15.36.22:580][  0]LogAudioDebug: Display: Lib vorbis DLL was dynamically loaded.
[2020.11.03-15.36.22:646][  0]LogShaderCompilers: Guid format shader working directory is -9 characters bigger than the processId version (../../../../../../Users/TarmaDSho/Desktop/TANK04/BattleTank/Intermediate/Shaders/WorkingDirectory/7800/).
[2020.11.03-15.36.22:647][  0]LogShaderCompilers: Cleaned the shader compiler working directory 'C:/Users/TarmaDSho/AppData/Local/Temp/UnrealShaderWorkingDir/FD54265946035AD12D3FEA9314EFC7BC/'.
[2020.11.03-15.36.22:647][  0]LogXGEController: Cleaning working directory: C:/Users/TarmaDSho/AppData/Local/Temp/UnrealXGEWorkingDir/
[2020.11.03-15.36.22:648][  0]LogShaderCompilers: Display: Using XGE Shader Compiler (Interception Interface).
[2020.11.03-15.36.23:498][  0]LogDerivedDataCache: Display: Max Cache Size: 512 MB
[2020.11.03-15.36.23:555][  0]LogDerivedDataCache: Loaded boot cache 0.06s 75MB C:/Users/TarmaDSho/AppData/Local/UnrealEngine/4.25/DerivedDataCache/Boot.ddc.
[2020.11.03-15.36.23:555][  0]LogDerivedDataCache: Display: Loaded Boot cache: C:/Users/TarmaDSho/AppData/Local/UnrealEngine/4.25/DerivedDataCache/Boot.ddc
[2020.11.03-15.36.23:555][  0]LogDerivedDataCache: FDerivedDataBackendGraph:  Pak pak cache file ../../../../../../Users/TarmaDSho/Desktop/TANK04/BattleTank/DerivedDataCache/DDC.ddp not found, will not use a pak cache.
[2020.11.03-15.36.23:555][  0]LogDerivedDataCache: Unable to find inner node Pak for hierarchical cache Hierarchy.
[2020.11.03-15.36.23:555][  0]LogDerivedDataCache: FDerivedDataBackendGraph:  CompressedPak pak cache file ../../../../../../Users/TarmaDSho/Desktop/TANK04/BattleTank/DerivedDataCache/Compressed.ddp not found, will not use a pak cache.
[2020.11.03-15.36.23:555][  0]LogDerivedDataCache: Unable to find inner node CompressedPak for hierarchical cache Hierarchy.
[2020.11.03-15.36.23:566][  0]LogDerivedDataCache: Display: Pak cache opened for reading ../../../Engine/DerivedDataCache/Compressed.ddp.
[2020.11.03-15.36.23:566][  0]LogDerivedDataCache: FDerivedDataBackendGraph:  EnterprisePak pak cache file ../../../Enterprise/DerivedDataCache/Compressed.ddp not found, will not use a pak cache.
[2020.11.03-15.36.23:566][  0]LogDerivedDataCache: Unable to find inner node EnterprisePak for hierarchical cache Hierarchy.
[2020.11.03-15.36.23:568][  0]LogDerivedDataCache: Using Local data cache path C:/Users/TarmaDSho/AppData/Local/UnrealEngine/Common/DerivedDataCache: Writable
[2020.11.03-15.36.23:568][  0]LogDerivedDataCache: Shared data cache path not found in *engine.ini, will not use an Shared cache.
[2020.11.03-15.36.23:568][  0]LogDerivedDataCache: Unable to find inner node Shared for hierarchical cache Hierarchy.
[2020.11.03-15.36.23:629][  0]LogSlate: Using FreeType 2.10.0
[2020.11.03-15.36.23:630][  0]LogSlate: SlateFontServices - WITH_FREETYPE: 1, WITH_HARFBUZZ: 1
[2020.11.03-15.36.23:662][  0]LogAssetRegistry: FAssetRegistry took 0.0030 seconds to start up
[2020.11.03-15.36.23:932][  0]LogInit: Selected Device Profile: [Windows]
[2020.11.03-15.36.24:062][  0]LogMeshReduction: Using QuadricMeshReduction for automatic static mesh reduction
[2020.11.03-15.36.24:062][  0]LogMeshReduction: Using SimplygonMeshReduction for automatic skeletal mesh reduction
[2020.11.03-15.36.24:062][  0]LogMeshReduction: Using ProxyLODMeshReduction for automatic mesh merging
[2020.11.03-15.36.24:062][  0]LogMeshReduction: No distributed automatic mesh merging module available
[2020.11.03-15.36.24:062][  0]LogMeshMerging: No distributed automatic mesh merging module available
[2020.11.03-15.36.24:082][  0]LogNetVersion: BattleTank 1.0.0, NetCL: 13144385, EngineNetVer: 14, GameNetVer: 0 (Checksum: 1276994627)
[2020.11.03-15.36.24:751][  0]LogAISub: UAISubsystem::UAISubsystem AISubsystem (000001C997BBC340), frame # 0
[2020.11.03-15.36.24:751][  0]LogAISub: UAISubsystem::UAISubsystem AIPerceptionSystem (000001C997B387C0), frame # 0
[2020.11.03-15.36.24:752][  0]LogAISub: UAISubsystem::UAISubsystem EnvQueryManager (000001C997B4E000), frame # 0
[2020.11.03-15.36.24:837][  0]LogPackageLocalizationCache: Processed 19 localized package path(s) for 1 prioritized culture(s) in 0.076778 seconds
[2020.11.03-15.36.24:843][  0]LogUObjectArray: 15917 objects as part of root set at end of initial load.
[2020.11.03-15.36.24:843][  0]LogUObjectAllocator: 3965568 out of 0 bytes used by permanent object pool.
[2020.11.03-15.36.24:843][  0]LogUObjectArray: CloseDisregardForGC: 0/0 objects in disregard for GC pool
[2020.11.03-15.36.25:252][  0]LogTcpMessaging: Initializing TcpMessaging bridge
[2020.11.03-15.36.25:256][  0]LogUdpMessaging: Initializing bridge on interface 0.0.0.0:0 to multicast group 230.0.0.1:6666.
[2020.11.03-15.36.25:336][  0]SourceControl: Source control is disabled
[2020.11.03-15.36.25:336][  0]SourceControl: Source control is disabled
[2020.11.03-15.36.25:340][  0]SourceControl: Source control is disabled
[2020.11.03-15.36.25:343][  0]SourceControl: Source control is disabled
[2020.11.03-15.36.25:356][  0]SourceControl: Source control is disabled
[2020.11.03-15.36.25:621][  0]LogAndroidPermission: UAndroidPermissionCallbackProxy::GetInstance
[2020.11.03-15.36.25:642][  0]LogAudioCaptureCore: Display: No Audio Capture implementations found. Audio input will be silent.
[2020.11.03-15.36.25:642][  0]LogAudioCaptureCore: Display: No Audio Capture implementations found. Audio input will be silent.
[2020.11.03-15.36.25:694][  0]LogOcInput: OculusInput pre-init called
[2020.11.03-15.36.25:705][  0]LogWindows: Failed to load 'OVRPlugin.dll' (GetLastError=126)
[2020.11.03-15.36.25:705][  0]LogWindows: File 'OVRPlugin.dll' does not exist
[2020.11.03-15.36.25:768][  0]LogEngine: Initializing Engine...
[2020.11.03-15.36.25:769][  0]LogHMD: Failed to initialize OpenVR with code 110
[2020.11.03-15.36.25:769][  0]LogMagicLeap: Warning: VR disabled because ZI is not enabled.  To enable, in the editor, Edit -> Project Settings -> Plugins -> Magic Leap Plugin -> Enable Zero Iteration
[2020.11.03-15.36.25:770][  0]LogStats: UGameplayTagsManager::InitializeManager -  0.000 s
[2020.11.03-15.36.25:901][  0]LogInit: Initializing FReadOnlyCVARCache
[2020.11.03-15.36.25:910][  0]LogAIModule: Creating AISystem for world Untitled
[2020.11.03-15.36.25:910][  0]LogAISub: UAISubsystem::UAISubsystem EnvQueryManager (000001C99D9C4600), frame # 0
[2020.11.03-15.36.25:910][  0]LogAISub: UAISubsystem::UAISubsystem AIPerceptionSystem (000001C99D9C9E40), frame # 0
[2020.11.03-15.36.25:940][  0]LogAudioMixer: Display: Audio Mixer Platform Settings:
[2020.11.03-15.36.25:940][  0]LogAudioMixer: Display: 	Sample Rate:						  48000
[2020.11.03-15.36.25:940][  0]LogAudioMixer: Display: 	Callback Buffer Frame Size Requested: 1024
[2020.11.03-15.36.25:940][  0]LogAudioMixer: Display: 	Callback Buffer Frame Size To Use:	  1024
[2020.11.03-15.36.25:940][  0]LogAudioMixer: Display: 	Number of buffers to queue:			  2
[2020.11.03-15.36.25:940][  0]LogAudioMixer: Display: 	Max Channels (voices):				  32
[2020.11.03-15.36.25:940][  0]LogAudioMixer: Display: 	Number of Async Source Workers:		  0
[2020.11.03-15.36.25:940][  0]LogAudio: Display: AudioDevice MaxSources: 32
[2020.11.03-15.36.25:940][  0]LogAudio: Display: Using built-in audio occlusion.
[2020.11.03-15.36.25:940][  0]LogAudioMixer: Display: Initializing audio mixer.
[2020.11.03-15.36.25:960][  0]LogAudioMixer: Display: 0: FrontLeft
[2020.11.03-15.36.25:960][  0]LogAudioMixer: Display: 1: FrontRight
[2020.11.03-15.36.26:016][  0]LogAudioMixer: Display: Using Audio Device LG TV (Intel(R) Display Audio)
[2020.11.03-15.36.26:019][  0]LogAudioMixer: Display: Initializing Sound Submixes...
[2020.11.03-15.36.26:021][  0]LogAudioMixer: Display: Creating Master Submix 'MasterSubmixDefault'
[2020.11.03-15.36.26:021][  0]LogAudioMixer: Display: Creating Master Submix 'MasterReverbSubmixDefault'
[2020.11.03-15.36.26:022][  0]LogAudioMixer: Display: Creating Master Submix 'MasterEQSubmixDefault'
[2020.11.03-15.36.26:023][  0]LogInit: FAudioDevice initialized.
[2020.11.03-15.36.26:024][  0]LogNetVersion: Set ProjectVersion to 1.0.0.0. Version Checksum will be recalculated on next use.
[2020.11.03-15.36.26:115][  0]LogDerivedDataCache: Saved boot cache 0.09s 75MB C:/Users/TarmaDSho/AppData/Local/UnrealEngine/4.25/DerivedDataCache/Boot.ddc.
[2020.11.03-15.36.26:120][  0]LogInit: Texture streaming: Enabled
[2020.11.03-15.36.26:137][  0]LogEngineSessionManager: EngineSessionManager initialized
[2020.11.03-15.36.26:137][  0]LogEngineSessionManager: EngineSessionManager sent abnormal shutdown report. Type=Crashed, SessionId={F8137AC4-4ACE-C883-BBEA-B7962A7C1857}
[2020.11.03-15.36.26:137][  0]LogEditorSessionSummary: Verbose: Initializing EditorSessionSummaryWriter for editor session tracking
[2020.11.03-15.36.26:139][  0]LogEditorSessionSummary: EditorSessionSummaryWriter initialized
[2020.11.03-15.36.26:227][  0]LogInit: Transaction tracking system initialized
[2020.11.03-15.36.26:249][  0]BlueprintLog: New page: Editor Load
[2020.11.03-15.36.26:321][  0]LocalizationService: Localization service is disabled
[2020.11.03-15.36.26:504][  0]LogCook: Display: Max memory allowance for cook 16384mb min free memory 0mb
[2020.11.03-15.36.26:504][  0]LogCook: Display: Mobile HDR setting 1
[2020.11.03-15.36.26:649][  0]LogFileCache: Scanning file cache for directory 'C:/Users/TarmaDSho/Desktop/TANK04/BattleTank/Content/' took 0.01s
[2020.11.03-15.36.26:911][  0]SourceControl: Source control is disabled
[2020.11.03-15.36.26:911][  0]LogUnrealEdMisc: Loading editor; pre map load, took 7.729
[2020.11.03-15.36.26:911][  0]Cmd: MAP LOAD FILE="../../../../../../Users/TarmaDSho/Desktop/TANK04/BattleTank/Content/Level/BattleGround.umap" TEMPLATE=0 SHOWPROGRESS=1 FEATURELEVEL=3
[2020.11.03-15.36.26:912][  0]LightingResults: New page: Lighting Build
[2020.11.03-15.36.26:913][  0]LogWorld: UWorld::CleanupWorld for Untitled, bSessionEnded=true, bCleanupResources=true
[2020.11.03-15.36.26:913][  0]LogSlate: InvalidateAllWidgets triggered.  All widgets were invalidated
[2020.11.03-15.36.26:913][  0]MapCheck: New page: Map Check
[2020.11.03-15.36.26:913][  0]LightingResults: New page: Lighting Build
[2020.11.03-15.36.26:923][  0]LogAISub: UAISubsystem::~UAISubsystem EnvQueryManager (000001C99D9C4600), frame # 0
[2020.11.03-15.36.26:923][  0]LogAISub: UAISubsystem::~UAISubsystem AIPerceptionSystem (000001C99D9C9E40), frame # 0
[2020.11.03-15.36.26:924][  0]LogUObjectHash: Compacting FUObjectHashTables data took   0.76ms
[2020.11.03-15.36.27:175][  0]LogAIModule: Creating AISystem for world BattleGround
[2020.11.03-15.36.27:175][  0]LogAISub: UAISubsystem::UAISubsystem EnvQueryManager (000001C98A967E00), frame # 0
[2020.11.03-15.36.27:175][  0]LogAISub: UAISubsystem::UAISubsystem AIPerceptionSystem (000001C98A2FDD00), frame # 0
[2020.11.03-15.36.27:269][  0]LogEditorServer: Finished looking for orphan Actors (0.000 secs)
[2020.11.03-15.36.27:309][  0]LogUObjectHash: Compacting FUObjectHashTables data took   0.90ms
[2020.11.03-15.36.27:310][  0]Cmd: MAP CHECKDEP NOCLEARLOG
[2020.11.03-15.36.27:310][  0]MapCheck: Map check complete: 0 Error(s), 0 Warning(s), took 0,154ms to complete.
[2020.11.03-15.36.27:310][  0]LogFileHelpers: Loading map 'BattleGround' took 0.399
[2020.11.03-15.36.27:312][  0]LogUnrealEdMisc: Total Editor Startup Time, took 8.130
[2020.11.03-15.36.27:460][  0]LogCollectionManager: Loaded 0 collections in 0.002551 seconds
[2020.11.03-15.36.27:477][  0]LogFileCache: Scanning file cache for directory 'C:/Users/TarmaDSho/Desktop/TANK04/BattleTank/Saved/Collections/' took 0.00s
[2020.11.03-15.36.27:477][  0]LogFileCache: Scanning file cache for directory 'C:/Users/TarmaDSho/Desktop/TANK04/BattleTank/Content/Developers/TarmaDSho/Collections/' took 0.00s
[2020.11.03-15.36.27:477][  0]LogFileCache: Scanning file cache for directory 'C:/Users/TarmaDSho/Desktop/TANK04/BattleTank/Content/Collections/' took 0.00s
[2020.11.03-15.36.27:477][  0]LogContentBrowser: Native class hierarchy populated in 0.0109 seconds. Added 3437 classes and 824 folders.
[2020.11.03-15.36.27:480][  0]LogContentBrowser: Native class hierarchy updated for 'WidgetCarousel' in 0.0003 seconds. Added 0 classes and 0 folders.
[2020.11.03-15.36.27:541][  0]LogContentBrowser: Native class hierarchy updated for 'AddContentDialog' in 0.0004 seconds. Added 0 classes and 0 folders.
[2020.11.03-15.36.27:598][  0]LogSlate: Updating window title bar state: overlay mode, drag disabled, window buttons hidden, title bar hidden
[2020.11.03-15.36.27:650][  0]LogSlate: Updating window title bar state: overlay mode, drag disabled, window buttons hidden, title bar hidden
[2020.11.03-15.36.27:659][  0]LogSlate: Updating window title bar state: overlay mode, drag disabled, window buttons hidden, title bar hidden
[2020.11.03-15.36.27:668][  0]LogSlate: Updating window title bar state: overlay mode, drag disabled, window buttons hidden, title bar hidden
[2020.11.03-15.36.27:703][  0]LogContentBrowser: Native class hierarchy updated for 'SceneOutliner' in 0.0004 seconds. Added 2 classes and 0 folders.
[2020.11.03-15.36.27:852][  0]LogSlate: Took 0.000210 seconds to synchronously load lazily loaded font '../../../Engine/Content/Slate/Fonts/Roboto-Regular.ttf' (155K)
[2020.11.03-15.36.27:855][  0]LogSlate: Took 0.000332 seconds to synchronously load lazily loaded font '../../../Engine/Content/Editor/Slate/Fonts/FontAwesome.ttf' (139K)
[2020.11.03-15.36.27:855][  0]LogSlate: Took 0.000137 seconds to synchronously load lazily loaded font '../../../Engine/Content/Slate/Fonts/Roboto-Bold.ttf' (160K)
[2020.11.03-15.36.27:861][  0]LogSlate: Took 0.000160 seconds to synchronously load lazily loaded font '../../../Engine/Content/Slate/Fonts/DroidSansMono.ttf' (77K)
[2020.11.03-15.36.27:937][  0]LogSlate: Took 0.000269 seconds to synchronously load lazily loaded font '../../../Engine/Content/Slate/Fonts/Roboto-Light.ttf' (167K)
[2020.11.03-15.36.28:035][  0]LogRenderer: Reallocating scene render targets to support 1152x676 Format 10 NumSamples 1 (Frame:1).
[2020.11.03-15.36.28:221][  0]LogContentBrowser: Native class hierarchy updated for 'HierarchicalLODOutliner' in 0.0004 seconds. Added 0 classes and 0 folders.
[2020.11.03-15.36.28:221][  0]LogLoad: (Engine Initialization) Total time: 9.04 seconds
[2020.11.03-15.36.28:221][  0]LogLoad: (Engine Initialization) Total Blueprint compile time: 0.00 seconds
[2020.11.03-15.36.28:352][  0]LogAssetRegistry: Asset discovery search completed in 4.6907 seconds
[2020.11.03-15.36.28:356][  0]LogCollectionManager: Fixed up redirectors for 0 collections in 0.000003 seconds (updated 0 objects)
[2020.11.03-15.36.28:358][  0]LogContentStreaming: Texture pool size now 1000 MB
[2020.11.03-15.36.29:281][ 85]LogSlate: Took 0.000231 seconds to synchronously load lazily loaded font '../../../Engine/Content/Slate/Fonts/Roboto-Light.ttf' (167K)
[2020.11.03-15.36.30:982][230]LogAssetEditorSubsystem: Opening Asset editor for Blueprint /Game/Tank/New_Tank/New_Tank_BP.New_Tank_BP
[2020.11.03-15.36.31:161][230]LogContentBrowser: Native class hierarchy updated for 'BlueprintGraph' in 0.0006 seconds. Added 125 classes and 0 folders.
[2020.11.03-15.36.32:214][230]LogAssetEditorSubsystem: Opening Asset editor for Blueprint /Game/Blueprints/TankAIController_BP.TankAIController_BP
[2020.11.03-15.36.34:275][419]LogSlate: Took 0.000574 seconds to synchronously load lazily loaded font '../../../Engine/Content/Slate/Fonts/Roboto-BoldCondensed.ttf' (158K)
[2020.11.03-15.36.34:317][420]LogSlate: Took 0.000323 seconds to synchronously load lazily loaded font '../../../Engine/Content/Slate/Fonts/Roboto-Italic.ttf' (157K)
[2020.11.03-15.36.37:897][815]LogWorld: UWorld::CleanupWorld for World_2, bSessionEnded=true, bCleanupResources=true
[2020.11.03-15.36.37:898][815]LogSlate: InvalidateAllWidgets triggered.  All widgets were invalidated
[2020.11.03-15.36.37:989][815]LogAssetEditorSubsystem: Opening Asset editor for Blueprint /Game/Blueprints/TankAIController_BP.TankAIController_BP
[2020.11.03-15.36.40:486][ 34]LogRenderer: Reallocating scene render targets to support 1184x716 Format 10 NumSamples 1 (Frame:1).
[2020.11.03-15.37.13:002][125]LogOutputDevice: Warning: 

Script Stack (0 frames):

[2020.11.03-15.37.13:002][125]LogWindows: Windows GetLastError: The operation completed successfully. (0)
[2020.11.03-15.37.19:683][125]LogWindows: Error: === Critical error: ===
[2020.11.03-15.37.19:683][125]LogWindows: Error: 
[2020.11.03-15.37.19:684][125]LogWindows: Error: Fatal error: [File:D:/Build/++UE4/Sync/Engine/Source/Runtime/CoreUObject/Private/UObject/Obj.cpp] [Line: 204] 
[2020.11.03-15.37.19:684][125]LogWindows: Error: Renaming an object (TankTrack /Game/Level/BattleGround.BattleGround:PersistentLevel.New_Tank_BP_2.Left_Track1) on top of an existing object (TankTrack /Game/Level/BattleGround.BattleGround:PersistentLevel.New_Tank_BP_2.LeftTrack_REMOVED_8F2DCA0742B728B7EED14EB167D1767F) is not allowed
[2020.11.03-15.37.19:684][125]LogWindows: Error: 
[2020.11.03-15.37.19:684][125]LogWindows: Error: 
[2020.11.03-15.37.19:684][125]LogWindows: Error: [Callstack] 0x00007ff88f353e49 KERNELBASE.dll!UnknownFunction []
[2020.11.03-15.37.19:684][125]LogWindows: Error: [Callstack] 0x00007ff83503ec66 UE4Editor-Core.dll!ReportAssert() [D:\Build\++UE4\Sync\Engine\Source\Runtime\Core\Private\Windows\WindowsPlatformCrashContext.cpp:1541]
[2020.11.03-15.37.19:684][125]LogWindows: Error: [Callstack] 0x00007ff835042048 UE4Editor-Core.dll!FWindowsErrorOutputDevice::Serialize() [D:\Build\++UE4\Sync\Engine\Source\Runtime\Core\Private\Windows\WindowsErrorOutputDevice.cpp:78]
[2020.11.03-15.37.19:684][125]LogWindows: Error: [Callstack] 0x00007ff834dce52d UE4Editor-Core.dll!FOutputDevice::LogfImpl() [D:\Build\++UE4\Sync\Engine\Source\Runtime\Core\Private\Misc\OutputDevice.cpp:61]
[2020.11.03-15.37.19:684][125]LogWindows: Error: [Callstack] 0x00007ff824d513ad UE4Editor-CoreUObject.dll!UObject::Rename() [D:\Build\++UE4\Sync\Engine\Source\Runtime\CoreUObject\Private\UObject\Obj.cpp:204]
[2020.11.03-15.37.19:684][125]LogWindows: Error: [Callstack] 0x00007ff81f266093 UE4Editor-Engine.dll!UActorComponent::Rename() [D:\Build\++UE4\Sync\Engine\Source\Runtime\Engine\Private\Components\ActorComponent.cpp:388]
[2020.11.03-15.37.19:684][125]LogWindows: Error: [Callstack] 0x00007ff81cebc149 UE4Editor-Kismet.dll!<lambda_c3b652aca074cec5bb73109736ba4ca9>::operator()() [D:\Build\++UE4\Sync\Engine\Source\Editor\Kismet\Private\SSCSEditor.cpp:5964]
[2020.11.03-15.37.19:684][125]LogWindows: Error: [Callstack] 0x00007ff81cf7053d UE4Editor-Kismet.dll!SSCSEditor::RemoveComponentNode() [D:\Build\++UE4\Sync\Engine\Source\Editor\Kismet\Private\SSCSEditor.cpp:5976]
[2020.11.03-15.37.19:684][125]LogWindows: Error: [Callstack] 0x00007ff81cf4a9ac UE4Editor-Kismet.dll!SSCSEditor::OnDeleteNodes() [D:\Build\++UE4\Sync\Engine\Source\Editor\Kismet\Private\SSCSEditor.cpp:5855]
[2020.11.03-15.37.19:684][125]LogWindows: Error: [Callstack] 0x00007ff81cf0deee UE4Editor-Kismet.dll!TBaseSPMethodDelegateInstance<0,SSCSEditor,0,void __cdecl(void)>::ExecuteIfSafe() [D:\Build\++UE4\Sync\Engine\Source\Runtime\Core\Public\Delegates\DelegateInstancesImpl.h:374]
[2020.11.03-15.37.19:684][125]LogWindows: Error: [Callstack] 0x00007ff823b3f238 UE4Editor-Slate.dll!FUICommandList::ExecuteAction() [D:\Build\++UE4\Sync\Engine\Source\Runtime\Slate\Private\Framework\Commands\UICommandList.cpp:102]
[2020.11.03-15.37.19:684][125]LogWindows: Error: [Callstack] 0x00007ff823c2ab51 UE4Editor-Slate.dll!SMenuEntryBlock::OnClicked() [D:\Build\++UE4\Sync\Engine\Source\Runtime\Slate\Private\Framework\MultiBox\SMenuEntryBlock.cpp:1059]
[2020.11.03-15.37.19:684][125]LogWindows: Error: [Callstack] 0x00007ff823c31320 UE4Editor-Slate.dll!SMenuEntryBlock::OnMenuItemButtonClicked() [D:\Build\++UE4\Sync\Engine\Source\Runtime\Slate\Private\Framework\MultiBox\SMenuEntryBlock.cpp:1019]
[2020.11.03-15.37.19:684][125]LogWindows: Error: [Callstack] 0x00007ff823c0a937 UE4Editor-Slate.dll!TBaseSPMethodDelegateInstance<0,SMenuEntryBlock,0,FReply __cdecl(void)>::Execute() [D:\Build\++UE4\Sync\Engine\Source\Runtime\Core\Public\Delegates\DelegateInstancesImpl.h:298]
[2020.11.03-15.37.19:684][125]LogWindows: Error: [Callstack] 0x00007ff823ca207e UE4Editor-Slate.dll!SButton::ExecuteOnClick() [D:\Build\++UE4\Sync\Engine\Source\Runtime\Slate\Private\Widgets\Input\SButton.cpp:385]
[2020.11.03-15.37.19:684][125]LogWindows: Error: [Callstack] 0x00007ff823cbb27e UE4Editor-Slate.dll!SButton::OnMouseButtonUp() [D:\Build\++UE4\Sync\Engine\Source\Runtime\Slate\Private\Widgets\Input\SButton.cpp:304]
[2020.11.03-15.37.19:684][125]LogWindows: Error: [Callstack] 0x00007ff823c32a95 UE4Editor-Slate.dll!SMenuEntryButton::OnMouseButtonUp() [D:\Build\++UE4\Sync\Engine\Source\Runtime\Slate\Private\Framework\MultiBox\SMenuEntryBlock.cpp:386]
[2020.11.03-15.37.19:684][125]LogWindows: Error: [Callstack] 0x00007ff823b02dc8 UE4Editor-Slate.dll!FEventRouter::Route<FReply,FEventRouter::FToLeafmostPolicy,FPointerEvent,<lambda_cc5aea9e7377b04ce85c30c65ec3889b> >() [D:\Build\++UE4\Sync\Engine\Source\Runtime\Slate\Private\Framework\Application\SlateApplication.cpp:372]
[2020.11.03-15.37.19:684][125]LogWindows: Error: [Callstack] 0x00007ff823b869cf UE4Editor-Slate.dll!FSlateApplication::RoutePointerUpEvent() [D:\Build\++UE4\Sync\Engine\Source\Runtime\Slate\Private\Framework\Application\SlateApplication.cpp:4675]
[2020.11.03-15.37.19:684][125]LogWindows: Error: [Callstack] 0x00007ff823b6f4b2 UE4Editor-Slate.dll!FSlateApplication::ProcessMouseButtonUpEvent() [D:\Build\++UE4\Sync\Engine\Source\Runtime\Slate\Private\Framework\Application\SlateApplication.cpp:5198]
[2020.11.03-15.37.19:684][125]LogWindows: Error: [Callstack] 0x00007ff823b62392 UE4Editor-Slate.dll!FSlateApplication::OnMouseUp() [D:\Build\++UE4\Sync\Engine\Source\Runtime\Slate\Private\Framework\Application\SlateApplication.cpp:5166]
[2020.11.03-15.37.19:684][125]LogWindows: Error: [Callstack] 0x00007ff834637f88 UE4Editor-ApplicationCore.dll!FWindowsApplication::ProcessDeferredMessage() [D:\Build\++UE4\Sync\Engine\Source\Runtime\ApplicationCore\Private\Windows\WindowsApplication.cpp:2140]
[2020.11.03-15.37.19:684][125]LogWindows: Error: [Callstack] 0x00007ff834625c87 UE4Editor-ApplicationCore.dll!FWindowsApplication::DeferMessage() [D:\Build\++UE4\Sync\Engine\Source\Runtime\ApplicationCore\Private\Windows\WindowsApplication.cpp:2592]
[2020.11.03-15.37.19:684][125]LogWindows: Error: [Callstack] 0x00007ff83463a619 UE4Editor-ApplicationCore.dll!FWindowsApplication::ProcessMessage() [D:\Build\++UE4\Sync\Engine\Source\Runtime\ApplicationCore\Private\Windows\WindowsApplication.cpp:1816]
[2020.11.03-15.37.19:684][125]LogWindows: Error: [Callstack] 0x00007ff8346217d0 UE4Editor-ApplicationCore.dll!FWindowsApplication::AppWndProc() [D:\Build\++UE4\Sync\Engine\Source\Runtime\ApplicationCore\Private\Windows\WindowsApplication.cpp:852]
[2020.11.03-15.37.19:684][125]LogWindows: Error: [Callstack] 0x00007ff890dce6d8 USER32.dll!UnknownFunction []
[2020.11.03-15.37.19:684][125]LogWindows: Error: [Callstack] 0x00007ff890dce119 USER32.dll!UnknownFunction []
[2020.11.03-15.37.19:684][125]LogWindows: Error: [Callstack] 0x00007ff83463bb34 UE4Editor-ApplicationCore.dll!FWindowsPlatformApplicationMisc::PumpMessages() [D:\Build\++UE4\Sync\Engine\Source\Runtime\ApplicationCore\Private\Windows\WindowsPlatformApplicationMisc.cpp:130]
[2020.11.03-15.37.19:684][125]LogWindows: Error: [Callstack] 0x00007ff6aa7a68c4 UE4Editor.exe!FEngineLoop::Tick() [D:\Build\++UE4\Sync\Engine\Source\Runtime\Launch\Private\LaunchEngineLoop.cpp:4762]
[2020.11.03-15.37.19:684][125]LogWindows: Error: [Callstack] 0x00007ff6aa7bba7c UE4Editor.exe!GuardedMain() [D:\Build\++UE4\Sync\Engine\Source\Runtime\Launch\Private\Launch.cpp:169]
[2020.11.03-15.37.19:684][125]LogWindows: Error: [Callstack] 0x00007ff6aa7bbb5a UE4Editor.exe!GuardedMainWrapper() [D:\Build\++UE4\Sync\Engine\Source\Runtime\Launch\Private\Windows\LaunchWindows.cpp:137]
[2020.11.03-15.37.19:684][125]LogWindows: Error: [Callstack] 0x00007ff6aa7ce31d UE4Editor.exe!WinMain() [D:\Build\++UE4\Sync\Engine\Source\Runtime\Launch\Private\Windows\LaunchWindows.cpp:268]
[2020.11.03-15.37.19:684][125]LogWindows: Error: [Callstack] 0x00007ff6aa7d145a UE4Editor.exe!__scrt_common_main_seh() [d:\agent\_work\5\s\src\vctools\crt\vcstartup\src\startup\exe_common.inl:288]
[2020.11.03-15.37.19:684][125]LogWindows: Error: [Callstack] 0x00007ff88fa57034 KERNEL32.DLL!UnknownFunction []
[2020.11.03-15.37.19:684][125]LogWindows: Error: [Callstack] 0x00007ff8919bcec1 ntdll.dll!UnknownFunction []
[2020.11.03-15.37.19:684][125]LogWindows: Error: 
[2020.11.03-15.37.19:700][125]LogExit: Executing StaticShutdownAfterError
[2020.11.03-15.37.19:705][125]LogWindows: FPlatformMisc::RequestExit(1)
[2020.11.03-15.37.19:705][125]LogCore: Engine exit requested (reason: Win RequestExit)
[2020.11.03-15.37.19:714][125]Log file closed, 11/03/20 18:37:19
