Log file open, 10/21/20 12:25:09
LogInit: Display: Running engine for game: BattleTank
LogPlatformFile: Not using cached read wrapper
LogTaskGraph: Started task graph with 5 named threads and 23 total threads with 3 sets of task threads.
LogStats: Stats thread started at 1.180083
LogD3D11RHI: Loaded GFSDK_Aftermath_Lib.x64.dll
LogICUInternationalization: ICU TimeZone Detection - Raw Offset: +3:00, Platform Override: ''
LogPluginManager: Mounting plugin Paper2D
LogPluginManager: Mounting plugin AISupport
LogPluginManager: Mounting plugin LightPropagationVolume
LogPluginManager: Mounting plugin CameraShakePreviewer
LogPluginManager: Mounting plugin ActorLayerUtilities
LogPluginManager: Mounting plugin AnimationSharing
LogPluginManager: Mounting plugin CLionSourceCodeAccess
LogPluginManager: Mounting plugin CodeLiteSourceCodeAccess
LogPluginManager: Mounting plugin GitSourceControl
LogPluginManager: Mounting plugin KDevelopSourceCodeAccess
LogPluginManager: Mounting plugin NullSourceCodeAccess
LogPluginManager: Mounting plugin PerforceSourceControl
LogPluginManager: Mounting plugin PlasticSourceControl
LogPluginManager: Mounting plugin RiderSourceCodeAccess
LogPluginManager: Mounting plugin SubversionSourceControl
LogPluginManager: Mounting plugin UObjectPlugin
LogPluginManager: Mounting plugin VisualStudioCodeSourceCodeAccess
LogPluginManager: Mounting plugin VisualStudioSourceCodeAccess
LogPluginManager: Mounting plugin XCodeSourceCodeAccess
LogPluginManager: Mounting plugin AssetManagerEditor
LogPluginManager: Mounting plugin CryptoKeys
LogPluginManager: Mounting plugin CurveEditorTools
LogPluginManager: Mounting plugin DataValidation
LogPluginManager: Mounting plugin EditorScriptingUtilities
LogPluginManager: Mounting plugin FacialAnimation
LogPluginManager: Mounting plugin GameplayTagsEditor
LogPluginManager: Mounting plugin GeometryMode
LogPluginManager: Mounting plugin MacGraphicsSwitching
LogPluginManager: Mounting plugin MaterialAnalyzer
LogPluginManager: Mounting plugin MobileLauncherProfileWizard
LogPluginManager: Mounting plugin PluginBrowser
LogPluginManager: Mounting plugin SpeedTreeImporter
LogPluginManager: Mounting plugin DatasmithContent
LogPluginManager: Mounting plugin VariantManagerContent
LogPluginManager: Mounting plugin AlembicImporter
LogPluginManager: Mounting plugin AutomationUtils
LogPluginManager: Mounting plugin BackChannel
LogPluginManager: Mounting plugin ChaosCloth
LogPluginManager: Mounting plugin ChaosClothEditor
LogPluginManager: Mounting plugin ChaosEditor
LogPluginManager: Mounting plugin ChaosNiagara
LogPluginManager: Mounting plugin ChaosSolverPlugin
LogPluginManager: Mounting plugin CharacterAI
LogPluginManager: Mounting plugin GeometryCache
LogPluginManager: Mounting plugin GeometryCollectionPlugin
LogPluginManager: Mounting plugin GeometryProcessing
LogPluginManager: Mounting plugin PlanarCut
LogPluginManager: Mounting plugin PlatformCrypto
LogPluginManager: Mounting plugin ProxyLODPlugin
LogPluginManager: Mounting plugin SkeletalReduction
LogPluginManager: Mounting plugin Niagara
LogPluginManager: Mounting plugin MagicLeap
LogPluginManager: Mounting plugin MagicLeapLightEstimation
LogPluginManager: Mounting plugin MagicLeapMedia
LogPluginManager: Mounting plugin MagicLeapPassableWorld
LogPluginManager: Mounting plugin MLSDK
LogPluginManager: Mounting plugin AndroidMedia
LogPluginManager: Mounting plugin AvfMedia
LogPluginManager: Mounting plugin ImgMedia
LogPluginManager: Mounting plugin MediaCompositing
LogPluginManager: Mounting plugin MediaPlayerEditor
LogPluginManager: Mounting plugin WebMMedia
LogPluginManager: Mounting plugin WmfMedia
LogPluginManager: Mounting plugin MeshPainting
LogPluginManager: Mounting plugin TcpMessaging
LogPluginManager: Mounting plugin UdpMessaging
LogPluginManager: Mounting plugin ActorSequence
LogPluginManager: Mounting plugin LevelSequenceEditor
LogPluginManager: Mounting plugin MatineeToLevelSequence
LogPluginManager: Mounting plugin MovieRenderPipeline
LogPluginManager: Mounting plugin TemplateSequence
LogPluginManager: Mounting plugin NetcodeUnitTest
LogPluginManager: Mounting plugin NUTUnrealEngine4
LogPluginManager: Mounting plugin OnlineSubsystemGooglePlay
LogPluginManager: Mounting plugin OnlineSubsystemIOS
LogPluginManager: Mounting plugin OnlineSubsystem
LogPluginManager: Mounting plugin OnlineSubsystemNull
LogPluginManager: Mounting plugin OnlineSubsystemUtils
LogPluginManager: Mounting plugin LauncherChunkInstaller
LogPluginManager: Mounting plugin AndroidDeviceProfileSelector
LogPluginManager: Mounting plugin AndroidMoviePlayer
LogPluginManager: Mounting plugin AndroidPermission
LogPluginManager: Mounting plugin AppleImageUtils
LogPluginManager: Mounting plugin AppleMoviePlayer
LogPluginManager: Mounting plugin ArchVisCharacter
LogPluginManager: Mounting plugin AssetTags
LogPluginManager: Mounting plugin AudioCapture
LogPluginManager: Mounting plugin CableComponent
LogPluginManager: Mounting plugin CustomMeshComponent
LogPluginManager: Mounting plugin EditableMesh
LogPluginManager: Mounting plugin ExampleDeviceProfileSelector
LogPluginManager: Mounting plugin GoogleCloudMessaging
LogPluginManager: Mounting plugin GooglePAD
LogPluginManager: Mounting plugin IOSDeviceProfileSelector
LogPluginManager: Mounting plugin LinuxDeviceProfileSelector
LogPluginManager: Mounting plugin LocationServicesBPLibrary
LogPluginManager: Mounting plugin MobilePatchingUtils
LogPluginManager: Mounting plugin OculusVR
LogPluginManager: Mounting plugin PhysXVehicles
LogPluginManager: Mounting plugin PostSplashScreen
LogPluginManager: Mounting plugin ProceduralMeshComponent
LogPluginManager: Mounting plugin RuntimePhysXCooking
LogPluginManager: Mounting plugin SignificanceManager
LogPluginManager: Mounting plugin SoundFields
LogPluginManager: Mounting plugin SteamVR
LogPluginManager: Mounting plugin Synthesis
LogPluginManager: Mounting plugin WebMMoviePlayer
LogPluginManager: Mounting plugin WindowsMoviePlayer
LogPluginManager: Mounting plugin ScreenshotTools
LogInit: Using libcurl 7.55.1-DEV
LogInit:  - built for x86_64-pc-win32
LogInit:  - supports SSL with OpenSSL/1.1.1
LogInit:  - supports HTTP deflate (compression) using libz 1.2.8
LogInit:  - other features:
LogInit:      CURL_VERSION_SSL
LogInit:      CURL_VERSION_LIBZ
LogInit:      CURL_VERSION_IPV6
LogInit:      CURL_VERSION_ASYNCHDNS
LogInit:      CURL_VERSION_LARGEFILE
LogInit:      CURL_VERSION_IDN
LogInit:  CurlRequestOptions (configurable via config and command line):
LogInit:  - bVerifyPeer = true  - Libcurl will verify peer certificate
LogInit:  - bUseHttpProxy = false  - Libcurl will NOT use HTTP proxy
LogInit:  - bDontReuseConnections = false  - Libcurl will reuse connections
LogInit:  - MaxHostConnections = 16  - Libcurl will limit the number of connections to a host
LogInit:  - LocalHostAddr = Default
LogInit:  - BufferSize = 65536
LogOnline: OSS: Creating online subsystem instance for: NULL
LogInit: WinSock: version 1.1 (2.2), MaxSocks=32767, MaxUdp=65467
LogOnline: OSS: TryLoadSubsystemAndSetDefault: Loaded subsystem for module [NULL]
LogInit: Build: ++UE4+Release-4.25-CL-13942748
LogInit: Engine Version: 4.25.3-13942748+++UE4+Release-4.25
LogInit: Compatible Engine Version: 4.25.0-13144385+++UE4+Release-4.25
LogInit: Net CL: 13144385
LogInit: OS: Windows 10 (Release 2004) (), CPU: Intel(R) Core(TM) i7-6700HQ CPU @ 2.60GHz, GPU: Intel(R) HD Graphics 530
LogInit: Compiled (64-bit): Jul 25 2020 02:07:48
LogInit: Compiled with Visual C++: 19.24.28315.00
LogInit: Build Configuration: Development
LogInit: Branch Name: ++UE4+Release-4.25
LogInit: Command Line: 
LogInit: Base Directory: C:/Program Files/Epic Games/UE_4.25/Engine/Binaries/Win64/
LogInit: Allocator: TBB
LogInit: Installed Engine Build: 1
LogDevObjectVersion: Number of dev versions registered: 26
LogDevObjectVersion:   Dev-Blueprints (B0D832E4-1F89-4F0D-ACCF-7EB736FD4AA2): 10
LogDevObjectVersion:   Dev-Build (E1C64328-A22C-4D53-A36C-8E866417BD8C): 0
LogDevObjectVersion:   Dev-Core (375EC13C-06E4-48FB-B500-84F0262A717E): 4
LogDevObjectVersion:   Dev-Editor (E4B068ED-F494-42E9-A231-DA0B2E46BB41): 38
LogDevObjectVersion:   Dev-Framework (CFFC743F-43B0-4480-9391-14DF171D2073): 37
LogDevObjectVersion:   Dev-Mobile (B02B49B5-BB20-44E9-A304-32B752E40360): 2
LogDevObjectVersion:   Dev-Networking (A4E4105C-59A1-49B5-A7C5-40C4547EDFEE): 0
LogDevObjectVersion:   Dev-Online (39C831C9-5AE6-47DC-9A44-9C173E1C8E7C): 0
LogDevObjectVersion:   Dev-Physics (78F01B33-EBEA-4F98-B9B4-84EACCB95AA2): 4
LogDevObjectVersion:   Dev-Platform (6631380F-2D4D-43E0-8009-CF276956A95A): 0
LogDevObjectVersion:   Dev-Rendering (12F88B9F-8875-4AFC-A67C-D90C383ABD29): 43
LogDevObjectVersion:   Dev-Sequencer (7B5AE74C-D270-4C10-A958-57980B212A5A): 12
LogDevObjectVersion:   Dev-VR (D7296918-1DD6-4BDD-9DE2-64A83CC13884): 3
LogDevObjectVersion:   Dev-LoadTimes (C2A15278-BFE7-4AFE-6C17-90FF531DF755): 1
LogDevObjectVersion:   Private-Geometry (6EACA3D4-40EC-4CC1-B786-8BED09428FC5): 3
LogDevObjectVersion:   Dev-AnimPhys (29E575DD-E0A3-4627-9D10-D276232CDCEA): 17
LogDevObjectVersion:   Dev-Anim (AF43A65D-7FD3-4947-9873-3E8ED9C1BB05): 7
LogDevObjectVersion:   Dev-ReflectionCapture (6B266CEC-1EC7-4B8F-A30B-E4D90942FC07): 1
LogDevObjectVersion:   Dev-Automation (0DF73D61-A23F-47EA-B727-89E90C41499A): 1
LogDevObjectVersion:   FortniteMain (601D1886-AC64-4F84-AA16-D3DE0DEAC7D6): 31
LogDevObjectVersion:   Dev-Enterprise (9DFFBCD6-494F-0158-E221-12823C92A888): 10
LogDevObjectVersion:   Dev-Niagara (F2AED0AC-9AFE-416F-8664-AA7FFA26D6FC): 1
LogDevObjectVersion:   Dev-Destruction (174F1F0B-B4C6-45A5-B13F-2EE8D0FB917D): 10
LogDevObjectVersion:   Dev-Physics-Ext (35F94A83-E258-406C-A318-09F59610247C): 37
LogDevObjectVersion:   Dev-PhysicsMaterial-Chaos (B68FC16E-8B1B-42E2-B453-215C058844FE): 1
LogDevObjectVersion:   Dev-CineCamera (B2E18506-4273-CFC2-A54E-F4BB758BBA07): 1
LogInit: Presizing for max 25165824 objects, including 0 objects not considered by GC, pre-allocating 0 bytes for permanent pool.
LogConfig: Applying CVar settings from Section [/Script/Engine.StreamingSettings] File [C:/Users/TarmaDSho/Desktop/BattleTank/BattleTank/Saved/Config/Windows/Engine.ini]
LogConfig: Setting CVar [[s.MinBulkDataSizeForAsyncLoading:131072]]
LogConfig: Setting CVar [[s.AsyncLoadingThreadEnabled:0]]
LogConfig: Setting CVar [[s.EventDrivenLoaderEnabled:1]]
LogConfig: Setting CVar [[s.WarnIfTimeLimitExceeded:0]]
LogConfig: Setting CVar [[s.TimeLimitExceededMultiplier:1.5]]
LogConfig: Setting CVar [[s.TimeLimitExceededMinTime:0.005]]
LogConfig: Setting CVar [[s.UseBackgroundLevelStreaming:1]]
LogConfig: Setting CVar [[s.PriorityAsyncLoadingExtraTime:15.0]]
LogConfig: Setting CVar [[s.LevelStreamingActorsUpdateTimeLimit:5.0]]
LogConfig: Setting CVar [[s.PriorityLevelStreamingActorsUpdateExtraTime:5.0]]
LogConfig: Setting CVar [[s.LevelStreamingComponentsRegistrationGranularity:10]]
LogConfig: Setting CVar [[s.UnregisterComponentsTimeLimit:1.0]]
LogConfig: Setting CVar [[s.LevelStreamingComponentsUnregistrationGranularity:5]]
LogConfig: Setting CVar [[s.FlushStreamingOnExit:1]]
LogInit: Object subsystem initialized
LogConfig: Setting CVar [[con.DebugEarlyDefault:1]]
LogConfig: Setting CVar [[r.setres:1280x720]]
[2020.10.21-09.25.11:213][  0]LogConfig: Setting CVar [[r.VSync:0]]
[2020.10.21-09.25.11:213][  0]LogConfig: Setting CVar [[r.RHICmdBypass:0]]
[2020.10.21-09.25.11:213][  0]LogConfig: Applying CVar settings from Section [/Script/Engine.RendererSettings] File [C:/Users/TarmaDSho/Desktop/BattleTank/BattleTank/Saved/Config/Windows/Engine.ini]
[2020.10.21-09.25.11:213][  0]LogConfig: Setting CVar [[r.GPUCrashDebugging:0]]
[2020.10.21-09.25.11:213][  0]LogConfig: Applying CVar settings from Section [/Script/Engine.RendererOverrideSettings] File [C:/Users/TarmaDSho/Desktop/BattleTank/BattleTank/Saved/Config/Windows/Engine.ini]
[2020.10.21-09.25.11:214][  0]LogConfig: Applying CVar settings from Section [/Script/Engine.StreamingSettings] File [C:/Users/TarmaDSho/Desktop/BattleTank/BattleTank/Saved/Config/Windows/Engine.ini]
[2020.10.21-09.25.11:214][  0]LogConfig: Setting CVar [[s.MinBulkDataSizeForAsyncLoading:131072]]
[2020.10.21-09.25.11:214][  0]LogConfig: Setting CVar [[s.AsyncLoadingThreadEnabled:0]]
[2020.10.21-09.25.11:214][  0]LogConfig: Setting CVar [[s.EventDrivenLoaderEnabled:1]]
[2020.10.21-09.25.11:214][  0]LogConfig: Setting CVar [[s.WarnIfTimeLimitExceeded:0]]
[2020.10.21-09.25.11:214][  0]LogConfig: Setting CVar [[s.TimeLimitExceededMultiplier:1.5]]
[2020.10.21-09.25.11:214][  0]LogConfig: Setting CVar [[s.TimeLimitExceededMinTime:0.005]]
[2020.10.21-09.25.11:214][  0]LogConfig: Setting CVar [[s.UseBackgroundLevelStreaming:1]]
[2020.10.21-09.25.11:214][  0]LogConfig: Setting CVar [[s.PriorityAsyncLoadingExtraTime:15.0]]
[2020.10.21-09.25.11:214][  0]LogConfig: Setting CVar [[s.LevelStreamingActorsUpdateTimeLimit:5.0]]
[2020.10.21-09.25.11:214][  0]LogConfig: Setting CVar [[s.PriorityLevelStreamingActorsUpdateExtraTime:5.0]]
[2020.10.21-09.25.11:214][  0]LogConfig: Setting CVar [[s.LevelStreamingComponentsRegistrationGranularity:10]]
[2020.10.21-09.25.11:214][  0]LogConfig: Setting CVar [[s.UnregisterComponentsTimeLimit:1.0]]
[2020.10.21-09.25.11:214][  0]LogConfig: Setting CVar [[s.LevelStreamingComponentsUnregistrationGranularity:5]]
[2020.10.21-09.25.11:214][  0]LogConfig: Setting CVar [[s.FlushStreamingOnExit:1]]
[2020.10.21-09.25.11:214][  0]LogConfig: Applying CVar settings from Section [/Script/Engine.GarbageCollectionSettings] File [C:/Users/TarmaDSho/Desktop/BattleTank/BattleTank/Saved/Config/Windows/Engine.ini]
[2020.10.21-09.25.11:214][  0]LogConfig: Setting CVar [[gc.MaxObjectsNotConsideredByGC:1]]
[2020.10.21-09.25.11:214][  0]LogConfig: Setting CVar [[gc.SizeOfPermanentObjectPool:0]]
[2020.10.21-09.25.11:214][  0]LogConfig: Setting CVar [[gc.FlushStreamingOnGC:0]]
[2020.10.21-09.25.11:214][  0]LogConfig: Setting CVar [[gc.NumRetriesBeforeForcingGC:10]]
[2020.10.21-09.25.11:214][  0]LogConfig: Setting CVar [[gc.AllowParallelGC:1]]
[2020.10.21-09.25.11:214][  0]LogConfig: Setting CVar [[gc.TimeBetweenPurgingPendingKillObjects:61.1]]
[2020.10.21-09.25.11:214][  0]LogConfig: Setting CVar [[gc.MaxObjectsInEditor:25165824]]
[2020.10.21-09.25.11:214][  0]LogConfig: Setting CVar [[gc.IncrementalBeginDestroyEnabled:1]]
[2020.10.21-09.25.11:214][  0]LogConfig: Setting CVar [[gc.CreateGCClusters:1]]
[2020.10.21-09.25.11:214][  0]LogConfig: Setting CVar [[gc.MinGCClusterSize:5]]
[2020.10.21-09.25.11:214][  0]LogConfig: Setting CVar [[gc.ActorClusteringEnabled:0]]
[2020.10.21-09.25.11:214][  0]LogConfig: Setting CVar [[gc.BlueprintClusteringEnabled:0]]
[2020.10.21-09.25.11:214][  0]LogConfig: Setting CVar [[gc.UseDisregardForGCOnDedicatedServers:0]]
[2020.10.21-09.25.11:214][  0]LogConfig: Applying CVar settings from Section [/Script/Engine.NetworkSettings] File [C:/Users/TarmaDSho/Desktop/BattleTank/BattleTank/Saved/Config/Windows/Engine.ini]
[2020.10.21-09.25.11:214][  0]LogConfig: Applying CVar settings from Section [/Script/UnrealEd.CookerSettings] File [C:/Users/TarmaDSho/Desktop/BattleTank/BattleTank/Saved/Config/Windows/Engine.ini]
[2020.10.21-09.25.11:221][  0]LogConfig: Applying CVar settings from Section [ViewDistanceQuality@3] File [C:/Users/TarmaDSho/Desktop/BattleTank/BattleTank/Saved/Config/Windows/Scalability.ini]
[2020.10.21-09.25.11:221][  0]LogConfig: Setting CVar [[r.SkeletalMeshLODBias:0]]
[2020.10.21-09.25.11:221][  0]LogConfig: Setting CVar [[r.ViewDistanceScale:1.0]]
[2020.10.21-09.25.11:221][  0]LogConfig: Applying CVar settings from Section [AntiAliasingQuality@3] File [C:/Users/TarmaDSho/Desktop/BattleTank/BattleTank/Saved/Config/Windows/Scalability.ini]
[2020.10.21-09.25.11:221][  0]LogConfig: Setting CVar [[r.PostProcessAAQuality:4]]
[2020.10.21-09.25.11:221][  0]LogConfig: Applying CVar settings from Section [ShadowQuality@3] File [C:/Users/TarmaDSho/Desktop/BattleTank/BattleTank/Saved/Config/Windows/Scalability.ini]
[2020.10.21-09.25.11:221][  0]LogConfig: Setting CVar [[r.LightFunctionQuality:1]]
[2020.10.21-09.25.11:221][  0]LogConfig: Setting CVar [[r.ShadowQuality:5]]
[2020.10.21-09.25.11:221][  0]LogConfig: Setting CVar [[r.Shadow.CSM.MaxCascades:10]]
[2020.10.21-09.25.11:221][  0]LogConfig: Setting CVar [[r.Shadow.MaxResolution:2048]]
[2020.10.21-09.25.11:221][  0]LogConfig: Setting CVar [[r.Shadow.MaxCSMResolution:2048]]
[2020.10.21-09.25.11:221][  0]LogConfig: Setting CVar [[r.Shadow.RadiusThreshold:0.01]]
[2020.10.21-09.25.11:221][  0]LogConfig: Setting CVar [[r.Shadow.DistanceScale:1.0]]
[2020.10.21-09.25.11:221][  0]LogConfig: Setting CVar [[r.Shadow.CSM.TransitionScale:1.0]]
[2020.10.21-09.25.11:221][  0]LogConfig: Setting CVar [[r.Shadow.PreShadowResolutionFactor:1.0]]
[2020.10.21-09.25.11:221][  0]LogConfig: Setting CVar [[r.DistanceFieldShadowing:1]]
[2020.10.21-09.25.11:221][  0]LogConfig: Setting CVar [[r.DistanceFieldAO:1]]
[2020.10.21-09.25.11:221][  0]LogConfig: Setting CVar [[r.AOQuality:2]]
[2020.10.21-09.25.11:221][  0]LogConfig: Setting CVar [[r.VolumetricFog:1]]
[2020.10.21-09.25.11:221][  0]LogConfig: Setting CVar [[r.VolumetricFog.GridPixelSize:8]]
[2020.10.21-09.25.11:221][  0]LogConfig: Setting CVar [[r.VolumetricFog.GridSizeZ:128]]
[2020.10.21-09.25.11:221][  0]LogConfig: Setting CVar [[r.VolumetricFog.HistoryMissSupersampleCount:4]]
[2020.10.21-09.25.11:221][  0]LogConfig: Setting CVar [[r.LightMaxDrawDistanceScale:1]]
[2020.10.21-09.25.11:221][  0]LogConfig: Setting CVar [[r.CapsuleShadows:1]]
[2020.10.21-09.25.11:221][  0]LogConfig: Applying CVar settings from Section [PostProcessQuality@3] File [C:/Users/TarmaDSho/Desktop/BattleTank/BattleTank/Saved/Config/Windows/Scalability.ini]
[2020.10.21-09.25.11:221][  0]LogConfig: Setting CVar [[r.MotionBlurQuality:4]]
[2020.10.21-09.25.11:221][  0]LogConfig: Setting CVar [[r.AmbientOcclusionMipLevelFactor:0.4]]
[2020.10.21-09.25.11:221][  0]LogConfig: Setting CVar [[r.AmbientOcclusionMaxQuality:100]]
[2020.10.21-09.25.11:221][  0]LogConfig: Setting CVar [[r.AmbientOcclusionLevels:-1]]
[2020.10.21-09.25.11:221][  0]LogConfig: Setting CVar [[r.AmbientOcclusionRadiusScale:1.0]]
[2020.10.21-09.25.11:221][  0]LogConfig: Setting CVar [[r.DepthOfFieldQuality:2]]
[2020.10.21-09.25.11:221][  0]LogConfig: Setting CVar [[r.RenderTargetPoolMin:400]]
[2020.10.21-09.25.11:221][  0]LogConfig: Setting CVar [[r.LensFlareQuality:2]]
[2020.10.21-09.25.11:221][  0]LogConfig: Setting CVar [[r.SceneColorFringeQuality:1]]
[2020.10.21-09.25.11:221][  0]LogConfig: Setting CVar [[r.EyeAdaptationQuality:2]]
[2020.10.21-09.25.11:221][  0]LogConfig: Setting CVar [[r.BloomQuality:5]]
[2020.10.21-09.25.11:221][  0]LogConfig: Setting CVar [[r.FastBlurThreshold:100]]
[2020.10.21-09.25.11:221][  0]LogConfig: Setting CVar [[r.Upscale.Quality:3]]
[2020.10.21-09.25.11:221][  0]LogConfig: Setting CVar [[r.Tonemapper.GrainQuantization:1]]
[2020.10.21-09.25.11:221][  0]LogConfig: Setting CVar [[r.LightShaftQuality:1]]
[2020.10.21-09.25.11:221][  0]LogConfig: Setting CVar [[r.Filter.SizeScale:1]]
[2020.10.21-09.25.11:221][  0]LogConfig: Setting CVar [[r.Tonemapper.Quality:5]]
[2020.10.21-09.25.11:221][  0]LogConfig: Setting CVar [[r.DOF.Gather.AccumulatorQuality:1        ; higher gathering accumulator quality]]
[2020.10.21-09.25.11:221][  0]LogConfig: Setting CVar [[r.DOF.Gather.PostfilterMethod:1          ; Median3x3 postfilering method]]
[2020.10.21-09.25.11:221][  0]LogConfig: Setting CVar [[r.DOF.Gather.EnableBokehSettings:0       ; no bokeh simulation when gathering]]
[2020.10.21-09.25.11:222][  0]LogConfig: Setting CVar [[r.DOF.Gather.RingCount:4                 ; medium number of samples when gathering]]
[2020.10.21-09.25.11:222][  0]LogConfig: Setting CVar [[r.DOF.Scatter.ForegroundCompositing:1    ; additive foreground scattering]]
[2020.10.21-09.25.11:222][  0]LogConfig: Setting CVar [[r.DOF.Scatter.BackgroundCompositing:2    ; additive background scattering]]
[2020.10.21-09.25.11:222][  0]LogConfig: Setting CVar [[r.DOF.Scatter.EnableBokehSettings:1      ; bokeh simulation when scattering]]
[2020.10.21-09.25.11:222][  0]LogConfig: Setting CVar [[r.DOF.Scatter.MaxSpriteRatio:0.1         ; only a maximum of 10% of scattered bokeh]]
[2020.10.21-09.25.11:222][  0]LogConfig: Setting CVar [[r.DOF.Recombine.Quality:1                ; cheap slight out of focus]]
[2020.10.21-09.25.11:222][  0]LogConfig: Setting CVar [[r.DOF.Recombine.EnableBokehSettings:0    ; no bokeh simulation on slight out of focus]]
[2020.10.21-09.25.11:222][  0]LogConfig: Setting CVar [[r.DOF.TemporalAAQuality:1                ; more stable temporal accumulation]]
[2020.10.21-09.25.11:222][  0]LogConfig: Setting CVar [[r.DOF.Kernel.MaxForegroundRadius:0.025]]
[2020.10.21-09.25.11:222][  0]LogConfig: Setting CVar [[r.DOF.Kernel.MaxBackgroundRadius:0.025]]
[2020.10.21-09.25.11:222][  0]LogConfig: Applying CVar settings from Section [TextureQuality@3] File [C:/Users/TarmaDSho/Desktop/BattleTank/BattleTank/Saved/Config/Windows/Scalability.ini]
[2020.10.21-09.25.11:222][  0]LogConfig: Setting CVar [[r.Streaming.MipBias:0]]
[2020.10.21-09.25.11:222][  0]LogConfig: Setting CVar [[r.Streaming.AmortizeCPUToGPUCopy:0]]
[2020.10.21-09.25.11:222][  0]LogConfig: Setting CVar [[r.Streaming.MaxNumTexturesToStreamPerFrame:0]]
[2020.10.21-09.25.11:222][  0]LogConfig: Setting CVar [[r.Streaming.Boost:1]]
[2020.10.21-09.25.11:222][  0]LogConfig: Setting CVar [[r.MaxAnisotropy:8]]
[2020.10.21-09.25.11:222][  0]LogConfig: Setting CVar [[r.VT.MaxAnisotropy:8]]
[2020.10.21-09.25.11:222][  0]LogConfig: Setting CVar [[r.Streaming.LimitPoolSizeToVRAM:0]]
[2020.10.21-09.25.11:222][  0]LogConfig: Setting CVar [[r.Streaming.PoolSize:1000]]
[2020.10.21-09.25.11:222][  0]LogConfig: Setting CVar [[r.Streaming.MaxEffectiveScreenSize:0]]
[2020.10.21-09.25.11:222][  0]LogConfig: Applying CVar settings from Section [EffectsQuality@3] File [C:/Users/TarmaDSho/Desktop/BattleTank/BattleTank/Saved/Config/Windows/Scalability.ini]
[2020.10.21-09.25.11:222][  0]LogConfig: Setting CVar [[r.TranslucencyLightingVolumeDim:64]]
[2020.10.21-09.25.11:222][  0]LogConfig: Setting CVar [[r.RefractionQuality:2]]
[2020.10.21-09.25.11:222][  0]LogConfig: Setting CVar [[r.SSR.Quality:3]]
[2020.10.21-09.25.11:222][  0]LogConfig: Setting CVar [[r.SSR.HalfResSceneColor:0]]
[2020.10.21-09.25.11:222][  0]LogConfig: Setting CVar [[r.SceneColorFormat:4]]
[2020.10.21-09.25.11:222][  0]LogConfig: Setting CVar [[r.DetailMode:2]]
[2020.10.21-09.25.11:222][  0]LogConfig: Setting CVar [[r.TranslucencyVolumeBlur:1]]
[2020.10.21-09.25.11:222][  0]LogConfig: Setting CVar [[r.MaterialQualityLevel:1 ; High quality]]
[2020.10.21-09.25.11:222][  0]LogConfig: Setting CVar [[r.SSS.Scale:1]]
[2020.10.21-09.25.11:222][  0]LogConfig: Setting CVar [[r.SSS.SampleSet:2]]
[2020.10.21-09.25.11:222][  0]LogConfig: Setting CVar [[r.SSS.Quality:1]]
[2020.10.21-09.25.11:222][  0]LogConfig: Setting CVar [[r.SSS.HalfRes:0]]
[2020.10.21-09.25.11:222][  0]LogConfig: Setting CVar [[r.SSGI.Quality:3]]
[2020.10.21-09.25.11:222][  0]LogConfig: Setting CVar [[r.EmitterSpawnRateScale:1.0]]
[2020.10.21-09.25.11:222][  0]LogConfig: Setting CVar [[r.ParticleLightQuality:2]]
[2020.10.21-09.25.11:222][  0]LogConfig: Setting CVar [[r.SkyAtmosphere.AerialPerspectiveLUT.FastApplyOnOpaque:1 ; Always have FastSkyLUT 1 in this case to avoid wrong sky]]
[2020.10.21-09.25.11:222][  0]LogConfig: Setting CVar [[r.SkyAtmosphere.AerialPerspectiveLUT.SampleCountPerSlice:1]]
[2020.10.21-09.25.11:222][  0]LogConfig: Setting CVar [[r.SkyAtmosphere.AerialPerspectiveLUT.DepthResolution:16.0]]
[2020.10.21-09.25.11:222][  0]LogConfig: Setting CVar [[r.SkyAtmosphere.FastSkyLUT:1]]
[2020.10.21-09.25.11:222][  0]LogConfig: Setting CVar [[r.SkyAtmosphere.FastSkyLUT.SampleCountMin:4.0]]
[2020.10.21-09.25.11:222][  0]LogConfig: Setting CVar [[r.SkyAtmosphere.FastSkyLUT.SampleCountMax:32.0]]
[2020.10.21-09.25.11:222][  0]LogConfig: Setting CVar [[r.SkyAtmosphere.SampleCountMin:4.0]]
[2020.10.21-09.25.11:222][  0]LogConfig: Setting CVar [[r.SkyAtmosphere.SampleCountMax:32.0]]
[2020.10.21-09.25.11:222][  0]LogConfig: Setting CVar [[r.SkyAtmosphere.TransmittanceLUT.UseSmallFormat:0]]
[2020.10.21-09.25.11:222][  0]LogConfig: Setting CVar [[r.SkyAtmosphere.TransmittanceLUT.SampleCount:10.0]]
[2020.10.21-09.25.11:222][  0]LogConfig: Setting CVar [[r.SkyAtmosphere.MultiScatteringLUT.SampleCount:15.0]]
[2020.10.21-09.25.11:222][  0]LogConfig: Applying CVar settings from Section [FoliageQuality@3] File [C:/Users/TarmaDSho/Desktop/BattleTank/BattleTank/Saved/Config/Windows/Scalability.ini]
[2020.10.21-09.25.11:222][  0]LogConfig: Setting CVar [[foliage.DensityScale:1.0]]
[2020.10.21-09.25.11:222][  0]LogConfig: Setting CVar [[grass.DensityScale:1.0]]
[2020.10.21-09.25.11:222][  0]LogConfig: Applying CVar settings from Section [ShadingQuality@3] File [C:/Users/TarmaDSho/Desktop/BattleTank/BattleTank/Saved/Config/Windows/Scalability.ini]
[2020.10.21-09.25.11:222][  0]LogConfig: Setting CVar [[r.HairStrands.SkyLighting.SampleCount:16]]
[2020.10.21-09.25.11:222][  0]LogConfig: Setting CVar [[r.HairStrands.SkyLighting.JitterIntegration:0]]
[2020.10.21-09.25.11:222][  0]LogConfig: Setting CVar [[r.HairStrands.SkyAO.SampleCount:16]]
[2020.10.21-09.25.11:222][  0]LogConfig: Setting CVar [[r.HairStrands.DeepShadow.SuperSampling:0]]
[2020.10.21-09.25.11:222][  0]LogConfig: Setting CVar [[r.HairStrands.VisibilityPPLL:0]]
[2020.10.21-09.25.11:222][  0]LogConfig: Setting CVar [[r.HairStrands.RasterizationScale:0.5]]
[2020.10.21-09.25.11:223][  0]LogConfig: Setting CVar [[r.HairStrands.VelocityRasterizationScale:1]]
[2020.10.21-09.25.11:223][  0]LogInit: Selected Device Profile: [Windows]
[2020.10.21-09.25.11:223][  0]LogInit: Applying CVar settings loaded from the selected device profile: [Windows]
[2020.10.21-09.25.11:224][  0]LogHAL: Display: Platform has ~ 24 GB [25663389696 / 34359738368 / 24], which maps to Larger [LargestMinGB=32, LargerMinGB=12, DefaultMinGB=8, SmallerMinGB=6, SmallestMinGB=0)
[2020.10.21-09.25.11:224][  0]LogInit: Going up to parent DeviceProfile []
[2020.10.21-09.25.11:225][  0]LogConfig: Applying CVar settings from Section [ViewDistanceQuality@3] File [C:/Users/TarmaDSho/Desktop/BattleTank/BattleTank/Saved/Config/Windows/Scalability.ini]
[2020.10.21-09.25.11:225][  0]LogConfig: Setting CVar [[r.SkeletalMeshLODBias:0]]
[2020.10.21-09.25.11:225][  0]LogConfig: Setting CVar [[r.ViewDistanceScale:1.0]]
[2020.10.21-09.25.11:225][  0]LogConfig: Applying CVar settings from Section [AntiAliasingQuality@3] File [C:/Users/TarmaDSho/Desktop/BattleTank/BattleTank/Saved/Config/Windows/Scalability.ini]
[2020.10.21-09.25.11:225][  0]LogConfig: Setting CVar [[r.PostProcessAAQuality:4]]
[2020.10.21-09.25.11:225][  0]LogConfig: Applying CVar settings from Section [ShadowQuality@3] File [C:/Users/TarmaDSho/Desktop/BattleTank/BattleTank/Saved/Config/Windows/Scalability.ini]
[2020.10.21-09.25.11:225][  0]LogConfig: Setting CVar [[r.LightFunctionQuality:1]]
[2020.10.21-09.25.11:225][  0]LogConfig: Setting CVar [[r.ShadowQuality:5]]
[2020.10.21-09.25.11:225][  0]LogConfig: Setting CVar [[r.Shadow.CSM.MaxCascades:10]]
[2020.10.21-09.25.11:225][  0]LogConfig: Setting CVar [[r.Shadow.MaxResolution:2048]]
[2020.10.21-09.25.11:225][  0]LogConfig: Setting CVar [[r.Shadow.MaxCSMResolution:2048]]
[2020.10.21-09.25.11:225][  0]LogConfig: Setting CVar [[r.Shadow.RadiusThreshold:0.01]]
[2020.10.21-09.25.11:225][  0]LogConfig: Setting CVar [[r.Shadow.DistanceScale:1.0]]
[2020.10.21-09.25.11:225][  0]LogConfig: Setting CVar [[r.Shadow.CSM.TransitionScale:1.0]]
[2020.10.21-09.25.11:225][  0]LogConfig: Setting CVar [[r.Shadow.PreShadowResolutionFactor:1.0]]
[2020.10.21-09.25.11:225][  0]LogConfig: Setting CVar [[r.DistanceFieldShadowing:1]]
[2020.10.21-09.25.11:225][  0]LogConfig: Setting CVar [[r.DistanceFieldAO:1]]
[2020.10.21-09.25.11:225][  0]LogConfig: Setting CVar [[r.AOQuality:2]]
[2020.10.21-09.25.11:225][  0]LogConfig: Setting CVar [[r.VolumetricFog:1]]
[2020.10.21-09.25.11:225][  0]LogConfig: Setting CVar [[r.VolumetricFog.GridPixelSize:8]]
[2020.10.21-09.25.11:225][  0]LogConfig: Setting CVar [[r.VolumetricFog.GridSizeZ:128]]
[2020.10.21-09.25.11:225][  0]LogConfig: Setting CVar [[r.VolumetricFog.HistoryMissSupersampleCount:4]]
[2020.10.21-09.25.11:225][  0]LogConfig: Setting CVar [[r.LightMaxDrawDistanceScale:1]]
[2020.10.21-09.25.11:225][  0]LogConfig: Setting CVar [[r.CapsuleShadows:1]]
[2020.10.21-09.25.11:225][  0]LogConfig: Applying CVar settings from Section [PostProcessQuality@3] File [C:/Users/TarmaDSho/Desktop/BattleTank/BattleTank/Saved/Config/Windows/Scalability.ini]
[2020.10.21-09.25.11:225][  0]LogConfig: Setting CVar [[r.MotionBlurQuality:4]]
[2020.10.21-09.25.11:225][  0]LogConfig: Setting CVar [[r.AmbientOcclusionMipLevelFactor:0.4]]
[2020.10.21-09.25.11:225][  0]LogConfig: Setting CVar [[r.AmbientOcclusionMaxQuality:100]]
[2020.10.21-09.25.11:225][  0]LogConfig: Setting CVar [[r.AmbientOcclusionLevels:-1]]
[2020.10.21-09.25.11:225][  0]LogConfig: Setting CVar [[r.AmbientOcclusionRadiusScale:1.0]]
[2020.10.21-09.25.11:225][  0]LogConfig: Setting CVar [[r.DepthOfFieldQuality:2]]
[2020.10.21-09.25.11:225][  0]LogConfig: Setting CVar [[r.RenderTargetPoolMin:400]]
[2020.10.21-09.25.11:225][  0]LogConfig: Setting CVar [[r.LensFlareQuality:2]]
[2020.10.21-09.25.11:225][  0]LogConfig: Setting CVar [[r.SceneColorFringeQuality:1]]
[2020.10.21-09.25.11:225][  0]LogConfig: Setting CVar [[r.EyeAdaptationQuality:2]]
[2020.10.21-09.25.11:225][  0]LogConfig: Setting CVar [[r.BloomQuality:5]]
[2020.10.21-09.25.11:225][  0]LogConfig: Setting CVar [[r.FastBlurThreshold:100]]
[2020.10.21-09.25.11:225][  0]LogConfig: Setting CVar [[r.Upscale.Quality:3]]
[2020.10.21-09.25.11:225][  0]LogConfig: Setting CVar [[r.Tonemapper.GrainQuantization:1]]
[2020.10.21-09.25.11:225][  0]LogConfig: Setting CVar [[r.LightShaftQuality:1]]
[2020.10.21-09.25.11:225][  0]LogConfig: Setting CVar [[r.Filter.SizeScale:1]]
[2020.10.21-09.25.11:225][  0]LogConfig: Setting CVar [[r.Tonemapper.Quality:5]]
[2020.10.21-09.25.11:226][  0]LogConfig: Setting CVar [[r.DOF.Gather.AccumulatorQuality:1        ; higher gathering accumulator quality]]
[2020.10.21-09.25.11:226][  0]LogConfig: Setting CVar [[r.DOF.Gather.PostfilterMethod:1          ; Median3x3 postfilering method]]
[2020.10.21-09.25.11:226][  0]LogConfig: Setting CVar [[r.DOF.Gather.EnableBokehSettings:0       ; no bokeh simulation when gathering]]
[2020.10.21-09.25.11:226][  0]LogConfig: Setting CVar [[r.DOF.Gather.RingCount:4                 ; medium number of samples when gathering]]
[2020.10.21-09.25.11:226][  0]LogConfig: Setting CVar [[r.DOF.Scatter.ForegroundCompositing:1    ; additive foreground scattering]]
[2020.10.21-09.25.11:226][  0]LogConfig: Setting CVar [[r.DOF.Scatter.BackgroundCompositing:2    ; additive background scattering]]
[2020.10.21-09.25.11:226][  0]LogConfig: Setting CVar [[r.DOF.Scatter.EnableBokehSettings:1      ; bokeh simulation when scattering]]
[2020.10.21-09.25.11:226][  0]LogConfig: Setting CVar [[r.DOF.Scatter.MaxSpriteRatio:0.1         ; only a maximum of 10% of scattered bokeh]]
[2020.10.21-09.25.11:226][  0]LogConfig: Setting CVar [[r.DOF.Recombine.Quality:1                ; cheap slight out of focus]]
[2020.10.21-09.25.11:226][  0]LogConfig: Setting CVar [[r.DOF.Recombine.EnableBokehSettings:0    ; no bokeh simulation on slight out of focus]]
[2020.10.21-09.25.11:226][  0]LogConfig: Setting CVar [[r.DOF.TemporalAAQuality:1                ; more stable temporal accumulation]]
[2020.10.21-09.25.11:226][  0]LogConfig: Setting CVar [[r.DOF.Kernel.MaxForegroundRadius:0.025]]
[2020.10.21-09.25.11:226][  0]LogConfig: Setting CVar [[r.DOF.Kernel.MaxBackgroundRadius:0.025]]
[2020.10.21-09.25.11:226][  0]LogConfig: Applying CVar settings from Section [TextureQuality@3] File [C:/Users/TarmaDSho/Desktop/BattleTank/BattleTank/Saved/Config/Windows/Scalability.ini]
[2020.10.21-09.25.11:226][  0]LogConfig: Setting CVar [[r.Streaming.MipBias:0]]
[2020.10.21-09.25.11:226][  0]LogConfig: Setting CVar [[r.Streaming.AmortizeCPUToGPUCopy:0]]
[2020.10.21-09.25.11:226][  0]LogConfig: Setting CVar [[r.Streaming.MaxNumTexturesToStreamPerFrame:0]]
[2020.10.21-09.25.11:226][  0]LogConfig: Setting CVar [[r.Streaming.Boost:1]]
[2020.10.21-09.25.11:226][  0]LogConfig: Setting CVar [[r.MaxAnisotropy:8]]
[2020.10.21-09.25.11:226][  0]LogConfig: Setting CVar [[r.VT.MaxAnisotropy:8]]
[2020.10.21-09.25.11:226][  0]LogConfig: Setting CVar [[r.Streaming.LimitPoolSizeToVRAM:0]]
[2020.10.21-09.25.11:226][  0]LogConfig: Setting CVar [[r.Streaming.PoolSize:1000]]
[2020.10.21-09.25.11:226][  0]LogConfig: Setting CVar [[r.Streaming.MaxEffectiveScreenSize:0]]
[2020.10.21-09.25.11:226][  0]LogConfig: Applying CVar settings from Section [EffectsQuality@3] File [C:/Users/TarmaDSho/Desktop/BattleTank/BattleTank/Saved/Config/Windows/Scalability.ini]
[2020.10.21-09.25.11:226][  0]LogConfig: Setting CVar [[r.TranslucencyLightingVolumeDim:64]]
[2020.10.21-09.25.11:226][  0]LogConfig: Setting CVar [[r.RefractionQuality:2]]
[2020.10.21-09.25.11:226][  0]LogConfig: Setting CVar [[r.SSR.Quality:3]]
[2020.10.21-09.25.11:226][  0]LogConfig: Setting CVar [[r.SSR.HalfResSceneColor:0]]
[2020.10.21-09.25.11:226][  0]LogConfig: Setting CVar [[r.SceneColorFormat:4]]
[2020.10.21-09.25.11:226][  0]LogConfig: Setting CVar [[r.DetailMode:2]]
[2020.10.21-09.25.11:226][  0]LogConfig: Setting CVar [[r.TranslucencyVolumeBlur:1]]
[2020.10.21-09.25.11:226][  0]LogConfig: Setting CVar [[r.MaterialQualityLevel:1 ; High quality]]
[2020.10.21-09.25.11:226][  0]LogConfig: Setting CVar [[r.SSS.Scale:1]]
[2020.10.21-09.25.11:226][  0]LogConfig: Setting CVar [[r.SSS.SampleSet:2]]
[2020.10.21-09.25.11:226][  0]LogConfig: Setting CVar [[r.SSS.Quality:1]]
[2020.10.21-09.25.11:226][  0]LogConfig: Setting CVar [[r.SSS.HalfRes:0]]
[2020.10.21-09.25.11:226][  0]LogConfig: Setting CVar [[r.SSGI.Quality:3]]
[2020.10.21-09.25.11:226][  0]LogConfig: Setting CVar [[r.EmitterSpawnRateScale:1.0]]
[2020.10.21-09.25.11:226][  0]LogConfig: Setting CVar [[r.ParticleLightQuality:2]]
[2020.10.21-09.25.11:226][  0]LogConfig: Setting CVar [[r.SkyAtmosphere.AerialPerspectiveLUT.FastApplyOnOpaque:1 ; Always have FastSkyLUT 1 in this case to avoid wrong sky]]
[2020.10.21-09.25.11:226][  0]LogConfig: Setting CVar [[r.SkyAtmosphere.AerialPerspectiveLUT.SampleCountPerSlice:1]]
[2020.10.21-09.25.11:226][  0]LogConfig: Setting CVar [[r.SkyAtmosphere.AerialPerspectiveLUT.DepthResolution:16.0]]
[2020.10.21-09.25.11:226][  0]LogConfig: Setting CVar [[r.SkyAtmosphere.FastSkyLUT:1]]
[2020.10.21-09.25.11:226][  0]LogConfig: Setting CVar [[r.SkyAtmosphere.FastSkyLUT.SampleCountMin:4.0]]
[2020.10.21-09.25.11:226][  0]LogConfig: Setting CVar [[r.SkyAtmosphere.FastSkyLUT.SampleCountMax:32.0]]
[2020.10.21-09.25.11:226][  0]LogConfig: Setting CVar [[r.SkyAtmosphere.SampleCountMin:4.0]]
[2020.10.21-09.25.11:226][  0]LogConfig: Setting CVar [[r.SkyAtmosphere.SampleCountMax:32.0]]
[2020.10.21-09.25.11:226][  0]LogConfig: Setting CVar [[r.SkyAtmosphere.TransmittanceLUT.UseSmallFormat:0]]
[2020.10.21-09.25.11:226][  0]LogConfig: Setting CVar [[r.SkyAtmosphere.TransmittanceLUT.SampleCount:10.0]]
[2020.10.21-09.25.11:226][  0]LogConfig: Setting CVar [[r.SkyAtmosphere.MultiScatteringLUT.SampleCount:15.0]]
[2020.10.21-09.25.11:226][  0]LogConfig: Applying CVar settings from Section [FoliageQuality@3] File [C:/Users/TarmaDSho/Desktop/BattleTank/BattleTank/Saved/Config/Windows/Scalability.ini]
[2020.10.21-09.25.11:226][  0]LogConfig: Setting CVar [[foliage.DensityScale:1.0]]
[2020.10.21-09.25.11:226][  0]LogConfig: Setting CVar [[grass.DensityScale:1.0]]
[2020.10.21-09.25.11:226][  0]LogConfig: Applying CVar settings from Section [ShadingQuality@3] File [C:/Users/TarmaDSho/Desktop/BattleTank/BattleTank/Saved/Config/Windows/Scalability.ini]
[2020.10.21-09.25.11:226][  0]LogConfig: Setting CVar [[r.HairStrands.SkyLighting.SampleCount:16]]
[2020.10.21-09.25.11:226][  0]LogConfig: Setting CVar [[r.HairStrands.SkyLighting.JitterIntegration:0]]
[2020.10.21-09.25.11:226][  0]LogConfig: Setting CVar [[r.HairStrands.SkyAO.SampleCount:16]]
[2020.10.21-09.25.11:226][  0]LogConfig: Setting CVar [[r.HairStrands.DeepShadow.SuperSampling:0]]
[2020.10.21-09.25.11:226][  0]LogConfig: Setting CVar [[r.HairStrands.VisibilityPPLL:0]]
[2020.10.21-09.25.11:226][  0]LogConfig: Setting CVar [[r.HairStrands.RasterizationScale:0.5]]
[2020.10.21-09.25.11:226][  0]LogConfig: Setting CVar [[r.HairStrands.VelocityRasterizationScale:1]]
[2020.10.21-09.25.11:227][  0]LogConfig: Applying CVar settings from Section [Startup] File [../../../Engine/Config/ConsoleVariables.ini]
[2020.10.21-09.25.11:233][  0]LogConfig: Setting CVar [[net.UseAdaptiveNetUpdateFrequency:0]]
[2020.10.21-09.25.11:233][  0]LogConfig: Setting CVar [[p.chaos.AllowCreatePhysxBodies:1]]
[2020.10.21-09.25.11:233][  0]LogConfig: Setting CVar [[fx.SkipVectorVMBackendOptimizations:1]]
[2020.10.21-09.25.11:233][  0]LogConfig: Applying CVar settings from Section [ConsoleVariables] File [C:/Users/TarmaDSho/Desktop/BattleTank/BattleTank/Saved/Config/Windows/Engine.ini]
[2020.10.21-09.25.11:233][  0]LogInit: Computer: DESKTOP-MQFRF93
[2020.10.21-09.25.11:233][  0]LogInit: User: TarmaDSho
[2020.10.21-09.25.11:233][  0]LogInit: CPU Page size=4096, Cores=4
[2020.10.21-09.25.11:233][  0]LogInit: High frequency timer resolution =10.000000 MHz
[2020.10.21-09.25.11:233][  0]LogMemory: Memory total: Physical=23.9GB (24GB approx)
[2020.10.21-09.25.11:233][  0]LogMemory: Platform Memory Stats for Windows
[2020.10.21-09.25.11:233][  0]LogMemory: Process Physical Memory: 119.55 MB used, 119.55 MB peak
[2020.10.21-09.25.11:233][  0]LogMemory: Process Virtual Memory: 102.06 MB used, 102.06 MB peak
[2020.10.21-09.25.11:233][  0]LogMemory: Physical Memory: 5639.01 MB used,  18835.50 MB free, 24474.52 MB total
[2020.10.21-09.25.11:233][  0]LogMemory: Virtual Memory: 5151.42 MB used,  134212576.00 MB free, 134217728.00 MB total
[2020.10.21-09.25.11:241][  0]LogWindows: WindowsPlatformFeatures enabled
[2020.10.21-09.25.11:568][  0]LogInit: Physics initialised using underlying interface: PhysX
[2020.10.21-09.25.11:572][  0]LogInit: Using OS detected language (en-US).
[2020.10.21-09.25.11:572][  0]LogInit: Using OS detected locale (tr-TR).
[2020.10.21-09.25.11:604][  0]LogTextLocalizationManager: No specific localization for 'en-US' exists, so the 'en' localization will be used.
[2020.10.21-09.25.12:247][  0]LogInit: Setting process to per monitor DPI aware
[2020.10.21-09.25.12:602][  0]LogSlate: New Slate User Created.  User Index 0, Is Virtual User: 0
[2020.10.21-09.25.12:602][  0]LogSlate: Slate User Registered.  User Index 0, Is Virtual User: 0
[2020.10.21-09.25.17:615][  0]LogHMD: Failed to initialize OpenVR with code 110
[2020.10.21-09.25.17:615][  0]LogD3D11RHI: D3D11 min allowed feature level: 11_0
[2020.10.21-09.25.17:615][  0]LogD3D11RHI: D3D11 max allowed feature level: 11_0
[2020.10.21-09.25.17:615][  0]LogD3D11RHI: D3D11 adapters:
[2020.10.21-09.25.18:271][  0]LogD3D11RHI:    0. 'NVIDIA GeForce GTX 960M' (Feature Level 11_0)
[2020.10.21-09.25.18:271][  0]LogD3D11RHI:       4055/0/12237 MB DedicatedVideo/DedicatedSystem/SharedSystem, Outputs:1, VendorId:0x10de
[2020.10.21-09.25.18:303][  0]LogD3D11RHI:    1. 'Intel(R) HD Graphics 530' (Feature Level 11_0)
[2020.10.21-09.25.18:303][  0]LogD3D11RHI:       128/0/12237 MB DedicatedVideo/DedicatedSystem/SharedSystem, Outputs:0, VendorId:0x8086
[2020.10.21-09.25.18:308][  0]LogD3D11RHI:    2. 'Microsoft Basic Render Driver' (Feature Level 11_0)
[2020.10.21-09.25.18:309][  0]LogD3D11RHI:       0/0/12237 MB DedicatedVideo/DedicatedSystem/SharedSystem, Outputs:0, VendorId:0x1414
[2020.10.21-09.25.18:309][  0]LogD3D11RHI: Chosen D3D11 Adapter: 0
[2020.10.21-09.25.18:318][  0]LogD3D11RHI: Creating new Direct3DDevice
[2020.10.21-09.25.18:318][  0]LogD3D11RHI:     GPU DeviceId: 0x139b (for the marketing name, search the web for "GPU Device Id")
[2020.10.21-09.25.18:318][  0]LogWindows: EnumDisplayDevices:
[2020.10.21-09.25.18:318][  0]LogWindows:    0. 'Intel(R) HD Graphics 530' (P:0 D:0)
[2020.10.21-09.25.18:319][  0]LogWindows:    1. 'Intel(R) HD Graphics 530' (P:1 D:1)
[2020.10.21-09.25.18:319][  0]LogWindows:    2. 'Intel(R) HD Graphics 530' (P:0 D:0)
[2020.10.21-09.25.18:319][  0]LogWindows: DebugString: PrimaryIsNotTheChoosenAdapter PrimaryIsNotTheChoosenAdapter PrimaryIsNotTheChoosenAdapter FoundDriverCount:0 
[2020.10.21-09.25.18:319][  0]LogD3D11RHI:     Adapter Name: NVIDIA GeForce GTX 960M
[2020.10.21-09.25.18:319][  0]LogD3D11RHI:   Driver Version: Unknown (internal:Unknown, unified:Unknown)
[2020.10.21-09.25.18:319][  0]LogD3D11RHI:      Driver Date: Unknown
[2020.10.21-09.25.18:320][  0]LogRHI: Texture pool is 2839 MB (70% of 4055 MB)
[2020.10.21-09.25.18:402][  0]LogD3D11RHI: RHI has support for 64 bit atomics
[2020.10.21-09.25.18:407][  0]LogD3D11RHI: [Aftermath] Enabled and primed
[2020.10.21-09.25.18:407][  0]LogD3D11RHI: Async texture creation enabled
[2020.10.21-09.25.18:474][  0]LogD3D11RHI: GPU Timing Frequency: 1000.000000 (Debug: 2 1)
[2020.10.21-09.25.18:952][  0]LogTargetPlatformManager: Display: Loaded TargetPlatform 'AllDesktop'
[2020.10.21-09.25.18:982][  0]LogTargetPlatformManager: Display: Loaded TargetPlatform 'Android'
[2020.10.21-09.25.18:982][  0]LogTargetPlatformManager: Display: Loaded TargetPlatform 'Android_ASTC'
[2020.10.21-09.25.18:982][  0]LogTargetPlatformManager: Display: Loaded TargetPlatform 'Android_DXT'
[2020.10.21-09.25.18:982][  0]LogTargetPlatformManager: Display: Loaded TargetPlatform 'Android_ETC2'
[2020.10.21-09.25.18:982][  0]LogTargetPlatformManager: Display: Loaded TargetPlatform 'AndroidClient'
[2020.10.21-09.25.18:982][  0]LogTargetPlatformManager: Display: Loaded TargetPlatform 'Android_ASTCClient'
[2020.10.21-09.25.18:982][  0]LogTargetPlatformManager: Display: Loaded TargetPlatform 'Android_DXTClient'
[2020.10.21-09.25.18:982][  0]LogTargetPlatformManager: Display: Loaded TargetPlatform 'Android_ETC2Client'
[2020.10.21-09.25.18:982][  0]LogTargetPlatformManager: Display: Loaded TargetPlatform 'Android_Multi'
[2020.10.21-09.25.18:982][  0]LogTargetPlatformManager: Display: Loaded TargetPlatform 'Android_MultiClient'
[2020.10.21-09.25.19:032][  0]LogTargetPlatformManager: Display: Loaded TargetPlatform 'IOSClient'
[2020.10.21-09.25.19:032][  0]LogTargetPlatformManager: Display: Loaded TargetPlatform 'IOS'
[2020.10.21-09.25.19:056][  0]LogTargetPlatformManager: Display: Loaded TargetPlatform 'Linux'
[2020.10.21-09.25.19:072][  0]LogTargetPlatformManager: Display: Loaded TargetPlatform 'LinuxNoEditor'
[2020.10.21-09.25.19:089][  0]LogTargetPlatformManager: Display: Loaded TargetPlatform 'LinuxClient'
[2020.10.21-09.25.19:104][  0]LogTargetPlatformManager: Display: Loaded TargetPlatform 'LinuxServer'
[2020.10.21-09.25.19:116][  0]LogTargetPlatformManager: Display: Loaded TargetPlatform 'LinuxAArch64NoEditor'
[2020.10.21-09.25.19:128][  0]LogTargetPlatformManager: Display: Loaded TargetPlatform 'LinuxAArch64Client'
[2020.10.21-09.25.19:140][  0]LogTargetPlatformManager: Display: Loaded TargetPlatform 'LinuxAArch64Server'
[2020.10.21-09.25.19:188][  0]LogTargetPlatformManager: Display: Loaded TargetPlatform 'Lumin'
[2020.10.21-09.25.19:188][  0]LogTargetPlatformManager: Display: Loaded TargetPlatform 'LuminClient'
[2020.10.21-09.25.19:210][  0]LogTargetPlatformManager: Display: Loaded TargetPlatform 'TVOSClient'
[2020.10.21-09.25.19:210][  0]LogTargetPlatformManager: Display: Loaded TargetPlatform 'TVOS'
[2020.10.21-09.25.19:224][  0]LogTargetPlatformManager: Display: Loaded TargetPlatform 'WindowsNoEditor'
[2020.10.21-09.25.19:237][  0]LogTargetPlatformManager: Display: Loaded TargetPlatform 'Windows'
[2020.10.21-09.25.19:249][  0]LogTargetPlatformManager: Display: Loaded TargetPlatform 'WindowsClient'
[2020.10.21-09.25.19:261][  0]LogTargetPlatformManager: Display: Loaded TargetPlatform 'WindowsServer'
[2020.10.21-09.25.19:261][  0]LogTargetPlatformManager: Display: Building Assets For Windows
[2020.10.21-09.25.19:312][  0]LogAudioDebug: Display: Lib vorbis DLL was dynamically loaded.
[2020.10.21-09.25.19:478][  0]LogShaderCompilers: Guid format shader working directory is -14 characters bigger than the processId version (../../../../../../Users/TarmaDSho/Desktop/BattleTank/BattleTank/Intermediate/Shaders/WorkingDirectory/10228/).
[2020.10.21-09.25.19:478][  0]LogShaderCompilers: Cleaned the shader compiler working directory 'C:/Users/TarmaDSho/AppData/Local/Temp/UnrealShaderWorkingDir/35EA460F42DAD23CE95D64AA0DF8C344/'.
[2020.10.21-09.25.19:481][  0]LogXGEController: Cleaning working directory: C:/Users/TarmaDSho/AppData/Local/Temp/UnrealXGEWorkingDir/
[2020.10.21-09.25.19:482][  0]LogShaderCompilers: Display: Using XGE Shader Compiler (Interception Interface).
[2020.10.21-09.25.24:493][  0]LogDerivedDataCache: Display: Max Cache Size: 512 MB
[2020.10.21-09.25.24:711][  0]LogDerivedDataCache: Loaded boot cache 0.22s 75MB C:/Users/TarmaDSho/AppData/Local/UnrealEngine/4.25/DerivedDataCache/Boot.ddc.
[2020.10.21-09.25.24:711][  0]LogDerivedDataCache: Display: Loaded Boot cache: C:/Users/TarmaDSho/AppData/Local/UnrealEngine/4.25/DerivedDataCache/Boot.ddc
[2020.10.21-09.25.24:711][  0]LogDerivedDataCache: FDerivedDataBackendGraph:  Pak pak cache file ../../../../../../Users/TarmaDSho/Desktop/BattleTank/BattleTank/DerivedDataCache/DDC.ddp not found, will not use a pak cache.
[2020.10.21-09.25.24:711][  0]LogDerivedDataCache: Unable to find inner node Pak for hierarchical cache Hierarchy.
[2020.10.21-09.25.24:711][  0]LogDerivedDataCache: FDerivedDataBackendGraph:  CompressedPak pak cache file ../../../../../../Users/TarmaDSho/Desktop/BattleTank/BattleTank/DerivedDataCache/Compressed.ddp not found, will not use a pak cache.
[2020.10.21-09.25.24:711][  0]LogDerivedDataCache: Unable to find inner node CompressedPak for hierarchical cache Hierarchy.
[2020.10.21-09.25.24:744][  0]LogDerivedDataCache: Display: Pak cache opened for reading ../../../Engine/DerivedDataCache/Compressed.ddp.
[2020.10.21-09.25.24:745][  0]LogDerivedDataCache: FDerivedDataBackendGraph:  EnterprisePak pak cache file ../../../Enterprise/DerivedDataCache/Compressed.ddp not found, will not use a pak cache.
[2020.10.21-09.25.24:745][  0]LogDerivedDataCache: Unable to find inner node EnterprisePak for hierarchical cache Hierarchy.
[2020.10.21-09.25.24:747][  0]LogDerivedDataCache: Using Local data cache path C:/Users/TarmaDSho/AppData/Local/UnrealEngine/Common/DerivedDataCache: Writable
[2020.10.21-09.25.24:747][  0]LogDerivedDataCache: Shared data cache path not found in *engine.ini, will not use an Shared cache.
[2020.10.21-09.25.24:747][  0]LogDerivedDataCache: Unable to find inner node Shared for hierarchical cache Hierarchy.
[2020.10.21-09.25.24:861][  0]LogSlate: Using FreeType 2.10.0
[2020.10.21-09.25.24:893][  0]LogSlate: SlateFontServices - WITH_FREETYPE: 1, WITH_HARFBUZZ: 1
[2020.10.21-09.25.24:960][  0]LogAssetRegistry: FAssetRegistry took 0.0060 seconds to start up
[2020.10.21-09.25.25:500][  0]LogInit: Selected Device Profile: [Windows]
[2020.10.21-09.25.25:934][  0]LogMeshReduction: Using QuadricMeshReduction for automatic static mesh reduction
[2020.10.21-09.25.25:934][  0]LogMeshReduction: Using SimplygonMeshReduction for automatic skeletal mesh reduction
[2020.10.21-09.25.25:934][  0]LogMeshReduction: Using ProxyLODMeshReduction for automatic mesh merging
[2020.10.21-09.25.25:934][  0]LogMeshReduction: No distributed automatic mesh merging module available
[2020.10.21-09.25.25:934][  0]LogMeshMerging: No distributed automatic mesh merging module available
[2020.10.21-09.25.26:024][  0]LogNetVersion: BattleTank 1.0.0, NetCL: 13144385, EngineNetVer: 14, GameNetVer: 0 (Checksum: 1276994627)
[2020.10.21-09.25.27:958][  0]LogAISub: UAISubsystem::UAISubsystem AISubsystem (00000135D481C800), frame # 0
[2020.10.21-09.25.27:958][  0]LogAISub: UAISubsystem::UAISubsystem AIPerceptionSystem (00000135D7F41E40), frame # 0
[2020.10.21-09.25.27:963][  0]LogAISub: UAISubsystem::UAISubsystem EnvQueryManager (00000135D7F53200), frame # 0
[2020.10.21-09.25.28:085][  0]LogPackageLocalizationCache: Processed 19 localized package path(s) for 1 prioritized culture(s) in 0.085185 seconds
[2020.10.21-09.25.28:092][  0]LogUObjectArray: 15917 objects as part of root set at end of initial load.
[2020.10.21-09.25.28:092][  0]LogUObjectAllocator: 3965568 out of 0 bytes used by permanent object pool.
[2020.10.21-09.25.28:092][  0]LogUObjectArray: CloseDisregardForGC: 0/0 objects in disregard for GC pool
[2020.10.21-09.25.29:297][  0]LogTcpMessaging: Initializing TcpMessaging bridge
[2020.10.21-09.25.29:308][  0]LogUdpMessaging: Initializing bridge on interface 0.0.0.0:0 to multicast group 230.0.0.1:6666.
[2020.10.21-09.25.29:512][  0]SourceControl: Source control is disabled
[2020.10.21-09.25.29:512][  0]SourceControl: Source control is disabled
[2020.10.21-09.25.29:524][  0]SourceControl: Source control is disabled
[2020.10.21-09.25.29:531][  0]SourceControl: Source control is disabled
[2020.10.21-09.25.29:545][  0]SourceControl: Source control is disabled
[2020.10.21-09.25.30:084][  0]LogAndroidPermission: UAndroidPermissionCallbackProxy::GetInstance
[2020.10.21-09.25.30:119][  0]LogAudioCaptureCore: Display: No Audio Capture implementations found. Audio input will be silent.
[2020.10.21-09.25.30:119][  0]LogAudioCaptureCore: Display: No Audio Capture implementations found. Audio input will be silent.
[2020.10.21-09.25.30:237][  0]LogOcInput: OculusInput pre-init called
[2020.10.21-09.25.30:257][  0]LogWindows: Failed to load 'OVRPlugin.dll' (GetLastError=126)
[2020.10.21-09.25.30:257][  0]LogWindows: File 'OVRPlugin.dll' does not exist
[2020.10.21-09.25.30:440][  0]LogEngine: Initializing Engine...
[2020.10.21-09.25.30:444][  0]LogHMD: Failed to initialize OpenVR with code 110
[2020.10.21-09.25.30:444][  0]LogMagicLeap: Warning: VR disabled because ZI is not enabled.  To enable, in the editor, Edit -> Project Settings -> Plugins -> Magic Leap Plugin -> Enable Zero Iteration
[2020.10.21-09.25.30:447][  0]LogStats: UGameplayTagsManager::InitializeManager -  0.001 s
[2020.10.21-09.25.30:844][  0]LogInit: Initializing FReadOnlyCVARCache
[2020.10.21-09.25.30:905][  0]LogAIModule: Creating AISystem for world Untitled
[2020.10.21-09.25.30:905][  0]LogAISub: UAISubsystem::UAISubsystem EnvQueryManager (00000135DB8F9200), frame # 0
[2020.10.21-09.25.30:906][  0]LogAISub: UAISubsystem::UAISubsystem AIPerceptionSystem (00000135DB925580), frame # 0
[2020.10.21-09.25.30:924][  0]LogAudioMixer: Display: Audio Mixer Platform Settings:
[2020.10.21-09.25.30:924][  0]LogAudioMixer: Display: 	Sample Rate:						  48000
[2020.10.21-09.25.30:924][  0]LogAudioMixer: Display: 	Callback Buffer Frame Size Requested: 1024
[2020.10.21-09.25.30:924][  0]LogAudioMixer: Display: 	Callback Buffer Frame Size To Use:	  1024
[2020.10.21-09.25.30:924][  0]LogAudioMixer: Display: 	Number of buffers to queue:			  2
[2020.10.21-09.25.30:924][  0]LogAudioMixer: Display: 	Max Channels (voices):				  32
[2020.10.21-09.25.30:924][  0]LogAudioMixer: Display: 	Number of Async Source Workers:		  0
[2020.10.21-09.25.30:924][  0]LogAudio: Display: AudioDevice MaxSources: 32
[2020.10.21-09.25.30:926][  0]LogAudio: Display: Using built-in audio occlusion.
[2020.10.21-09.25.30:926][  0]LogAudioMixer: Display: Initializing audio mixer.
[2020.10.21-09.25.30:959][  0]LogAudioMixer: Display: 0: FrontLeft
[2020.10.21-09.25.30:959][  0]LogAudioMixer: Display: 1: FrontRight
[2020.10.21-09.25.31:010][  0]LogAudioMixer: Display: Using Audio Device LG TV (Intel(R) Display Audio)
[2020.10.21-09.25.31:014][  0]LogAudioMixer: Display: Initializing Sound Submixes...
[2020.10.21-09.25.31:046][  0]LogAudioMixer: Display: Creating Master Submix 'MasterSubmixDefault'
[2020.10.21-09.25.31:046][  0]LogAudioMixer: Display: Creating Master Submix 'MasterReverbSubmixDefault'
[2020.10.21-09.25.31:048][  0]LogAudioMixer: Display: Creating Master Submix 'MasterEQSubmixDefault'
[2020.10.21-09.25.31:049][  0]LogInit: FAudioDevice initialized.
[2020.10.21-09.25.31:051][  0]LogNetVersion: Set ProjectVersion to 1.0.0.0. Version Checksum will be recalculated on next use.
[2020.10.21-09.25.31:135][  0]LogDerivedDataCache: Saved boot cache 0.09s 75MB C:/Users/TarmaDSho/AppData/Local/UnrealEngine/4.25/DerivedDataCache/Boot.ddc.
[2020.10.21-09.25.31:140][  0]LogInit: Texture streaming: Enabled
[2020.10.21-09.25.31:177][  0]LogEngineSessionManager: EngineSessionManager initialized
[2020.10.21-09.25.31:177][  0]LogEditorSessionSummary: Verbose: Initializing EditorSessionSummaryWriter for editor session tracking
[2020.10.21-09.25.31:179][  0]LogEditorSessionSummary: EditorSessionSummaryWriter initialized
[2020.10.21-09.25.31:471][  0]LogInit: Transaction tracking system initialized
[2020.10.21-09.25.31:528][  0]BlueprintLog: New page: Editor Load
[2020.10.21-09.25.31:760][  0]LocalizationService: Localization service is disabled
[2020.10.21-09.25.32:465][  0]LogCook: Display: Max memory allowance for cook 16384mb min free memory 0mb
[2020.10.21-09.25.32:466][  0]LogCook: Display: Mobile HDR setting 1
[2020.10.21-09.25.32:538][  0]LogFileCache: Scanning file cache for directory 'C:/Users/TarmaDSho/Desktop/BattleTank/BattleTank/Content/' took 0.01s
[2020.10.21-09.25.33:155][  0]SourceControl: Source control is disabled
[2020.10.21-09.25.33:155][  0]LogUnrealEdMisc: Loading editor; pre map load, took 32.041
[2020.10.21-09.25.33:157][  0]Cmd: MAP LOAD FILE="../../../../../../Users/TarmaDSho/Desktop/BattleTank/BattleTank/Content/Level/BattleGround.umap" TEMPLATE=0 SHOWPROGRESS=1 FEATURELEVEL=3
[2020.10.21-09.25.33:157][  0]LightingResults: New page: Lighting Build
[2020.10.21-09.25.33:166][  0]LogWorld: UWorld::CleanupWorld for Untitled, bSessionEnded=true, bCleanupResources=true
[2020.10.21-09.25.33:166][  0]LogSlate: InvalidateAllWidgets triggered.  All widgets were invalidated
[2020.10.21-09.25.33:167][  0]MapCheck: New page: Map Check
[2020.10.21-09.25.33:167][  0]LightingResults: New page: Lighting Build
[2020.10.21-09.25.33:186][  0]LogAISub: UAISubsystem::~UAISubsystem EnvQueryManager (00000135DB8F9200), frame # 0
[2020.10.21-09.25.33:186][  0]LogAISub: UAISubsystem::~UAISubsystem AIPerceptionSystem (00000135DB925580), frame # 0
[2020.10.21-09.25.33:187][  0]LogUObjectHash: Compacting FUObjectHashTables data took   0.80ms
[2020.10.21-09.25.36:000][  0]LogAIModule: Creating AISystem for world BattleGround
[2020.10.21-09.25.36:000][  0]LogAISub: UAISubsystem::UAISubsystem EnvQueryManager (00000135C9751000), frame # 0
[2020.10.21-09.25.36:000][  0]LogAISub: UAISubsystem::UAISubsystem AIPerceptionSystem (00000135C9549580), frame # 0
[2020.10.21-09.25.38:461][  0]LogEditorServer: Finished looking for orphan Actors (0.000 secs)
[2020.10.21-09.25.38:486][  0]LogUObjectHash: Compacting FUObjectHashTables data took   1.07ms
[2020.10.21-09.25.38:486][  0]Cmd: MAP CHECKDEP NOCLEARLOG
[2020.10.21-09.25.38:488][  0]MapCheck: Map check complete: 0 Error(s), 0 Warning(s), took 1,822ms to complete.
[2020.10.21-09.25.38:488][  0]LogFileHelpers: Loading map 'BattleGround' took 5.331
[2020.10.21-09.25.38:513][  0]LogUnrealEdMisc: Total Editor Startup Time, took 37.398
[2020.10.21-09.25.38:703][  0]LogCollectionManager: Loaded 0 collections in 0.004021 seconds
[2020.10.21-09.25.38:739][  0]LogFileCache: Scanning file cache for directory 'C:/Users/TarmaDSho/Desktop/BattleTank/BattleTank/Saved/Collections/' took 0.00s
[2020.10.21-09.25.38:739][  0]LogFileCache: Scanning file cache for directory 'C:/Users/TarmaDSho/Desktop/BattleTank/BattleTank/Content/Developers/TarmaDSho/Collections/' took 0.00s
[2020.10.21-09.25.38:739][  0]LogFileCache: Scanning file cache for directory 'C:/Users/TarmaDSho/Desktop/BattleTank/BattleTank/Content/Collections/' took 0.00s
[2020.10.21-09.25.38:740][  0]LogContentBrowser: Native class hierarchy populated in 0.0139 seconds. Added 3437 classes and 824 folders.
[2020.10.21-09.25.38:750][  0]LogContentBrowser: Native class hierarchy updated for 'WidgetCarousel' in 0.0005 seconds. Added 0 classes and 0 folders.
[2020.10.21-09.25.39:213][  0]LogContentBrowser: Native class hierarchy updated for 'AddContentDialog' in 0.0004 seconds. Added 0 classes and 0 folders.
[2020.10.21-09.25.39:310][  0]LogSlate: Updating window title bar state: overlay mode, drag disabled, window buttons hidden, title bar hidden
[2020.10.21-09.25.39:373][  0]LogSlate: Updating window title bar state: overlay mode, drag disabled, window buttons hidden, title bar hidden
[2020.10.21-09.25.39:387][  0]LogSlate: Updating window title bar state: overlay mode, drag disabled, window buttons hidden, title bar hidden
[2020.10.21-09.25.39:402][  0]LogSlate: Updating window title bar state: overlay mode, drag disabled, window buttons hidden, title bar hidden
[2020.10.21-09.25.39:447][  0]LogContentBrowser: Native class hierarchy updated for 'SceneOutliner' in 0.0006 seconds. Added 2 classes and 0 folders.
[2020.10.21-09.25.40:589][  0]LogSlate: Took 0.007479 seconds to synchronously load lazily loaded font '../../../Engine/Content/Slate/Fonts/Roboto-Regular.ttf' (155K)
[2020.10.21-09.25.40:598][  0]LogSlate: Took 0.006486 seconds to synchronously load lazily loaded font '../../../Engine/Content/Editor/Slate/Fonts/FontAwesome.ttf' (139K)
[2020.10.21-09.25.40:605][  0]LogSlate: Took 0.006806 seconds to synchronously load lazily loaded font '../../../Engine/Content/Slate/Fonts/Roboto-Bold.ttf' (160K)
[2020.10.21-09.25.40:621][  0]LogSlate: Took 0.008699 seconds to synchronously load lazily loaded font '../../../Engine/Content/Slate/Fonts/DroidSansMono.ttf' (77K)
[2020.10.21-09.25.40:693][  0]LogSlate: Took 0.006113 seconds to synchronously load lazily loaded font '../../../Engine/Content/Slate/Fonts/Roboto-Light.ttf' (167K)
[2020.10.21-09.25.40:816][  0]LogRenderer: Reallocating scene render targets to support 1192x676 Format 10 NumSamples 1 (Frame:1).
[2020.10.21-09.25.40:988][  0]LogContentBrowser: Native class hierarchy updated for 'HierarchicalLODOutliner' in 0.0004 seconds. Added 0 classes and 0 folders.
[2020.10.21-09.25.40:989][  0]LogLoad: (Engine Initialization) Total time: 39.87 seconds
[2020.10.21-09.25.40:989][  0]LogLoad: (Engine Initialization) Total Blueprint compile time: 0.00 seconds
[2020.10.21-09.25.41:185][  0]LogContentStreaming: Texture pool size now 1000 MB
[2020.10.21-09.25.41:263][  1]LogAssetRegistry: Asset discovery search completed in 16.3047 seconds
[2020.10.21-09.25.41:271][  1]LogCollectionManager: Fixed up redirectors for 0 collections in 0.000003 seconds (updated 0 objects)
[2020.10.21-09.25.42:298][  5]LogSlate: Took 0.000227 seconds to synchronously load lazily loaded font '../../../Engine/Content/Slate/Fonts/Roboto-Light.ttf' (167K)
[2020.10.21-09.25.42:324][  5]LogAssetEditorSubsystem: Opening Asset editor for Blueprint /Game/Tank/New_Tank/New_Tank_BP.New_Tank_BP
[2020.10.21-09.25.42:896][  5]LogContentBrowser: Native class hierarchy updated for 'BlueprintGraph' in 0.0007 seconds. Added 125 classes and 0 folders.
[2020.10.21-09.25.44:165][  5]LogSlate: Took 0.009238 seconds to synchronously load lazily loaded font '../../../Engine/Content/Slate/Fonts/Roboto-BoldCondensed.ttf' (158K)
[2020.10.21-09.25.44:470][  6]LogSlate: Took 0.008432 seconds to synchronously load lazily loaded font '../../../Engine/Content/Slate/Fonts/Roboto-Italic.ttf' (157K)
[2020.10.21-09.45.42:908][129]Cmd: OBJ SAVEPACKAGE PACKAGE="/Game/Tank/New_Tank/New_Tank_BP" FILE="../../../../../../Users/TarmaDSho/Desktop/BattleTank/BattleTank/Content/Tank/New_Tank/New_Tank_BP.uasset" SILENT=true
[2020.10.21-09.45.42:970][129]LogSavePackage: Moving '../../../../../../Users/TarmaDSho/Desktop/BattleTank/BattleTank/Saved/New_Tank_BP0EB00BB6423C2FEC22E1848D38958A70.tmp' to '../../../../../../Users/TarmaDSho/Desktop/BattleTank/BattleTank/Content/Tank/New_Tank/New_Tank_BP.uasset'
[2020.10.21-09.45.42:989][129]AssetCheck: New page: Asset Save: New_Tank_BP
[2020.10.21-09.45.42:989][129]LogContentValidation: Display: Validating Blueprint /Game/Tank/New_Tank/New_Tank_BP.New_Tank_BP
[2020.10.21-09.45.47:893][675]Cmd: OBJ SAVEPACKAGE PACKAGE="/Game/Level/BattleGround" FILE="../../../../../../Users/TarmaDSho/Desktop/BattleTank/BattleTank/Content/Level/BattleGround.umap" SILENT=true AUTOSAVING=false KEEPDIRTY=false
[2020.10.21-09.45.47:925][675]LogUObjectHash: Compacting FUObjectHashTables data took   2.20ms
[2020.10.21-09.45.48:386][675]LogSavePackage: Moving '../../../../../../Users/TarmaDSho/Desktop/BattleTank/BattleTank/Saved/BattleGround144E7C1B4AD27DD28DC971A894A01BAF.tmp' to '../../../../../../Users/TarmaDSho/Desktop/BattleTank/BattleTank/Content/Level/BattleGround.umap'
[2020.10.21-09.45.48:438][675]Cmd: OBJ SAVEPACKAGE PACKAGE="/Game/Level/BattleGround_BuiltData" FILE="../../../../../../Users/TarmaDSho/Desktop/BattleTank/BattleTank/Content/Level/BattleGround_BuiltData.uasset" SILENT=true
[2020.10.21-09.45.49:165][675]LogSavePackage: Moving '../../../../../../Users/TarmaDSho/Desktop/BattleTank/BattleTank/Saved/BattleGround_BuiltDataCCC5FEB1450EB3E69D3B9E84EE8E360C.tmp' to '../../../../../../Users/TarmaDSho/Desktop/BattleTank/BattleTank/Content/Level/BattleGround_BuiltData.uasset'
[2020.10.21-09.45.49:212][675]AssetCheck: New page: Asset Save: multiple assets
[2020.10.21-09.45.49:212][675]LogContentValidation: Display: Validating World /Game/Level/BattleGround.BattleGround
[2020.10.21-09.45.49:212][675]LogContentValidation: Display: Validating MapBuildDataRegistry /Game/Level/BattleGround_BuiltData.BattleGround_BuiltData
[2020.10.21-09.46.25:492][874]Cmd: OBJ SAVEPACKAGE PACKAGE="/Game/Tank/New_Tank/New_Tank_BP" FILE="../../../../../../Users/TarmaDSho/Desktop/BattleTank/BattleTank/Content/Tank/New_Tank/New_Tank_BP.uasset" SILENT=true
[2020.10.21-09.46.25:529][874]LogSavePackage: Moving '../../../../../../Users/TarmaDSho/Desktop/BattleTank/BattleTank/Saved/New_Tank_BP6F4A7D114DFFC2D6CA60CEBEAA062F34.tmp' to '../../../../../../Users/TarmaDSho/Desktop/BattleTank/BattleTank/Content/Tank/New_Tank/New_Tank_BP.uasset'
[2020.10.21-09.46.25:545][874]AssetCheck: New page: Asset Save: New_Tank_BP
[2020.10.21-09.46.25:545][874]LogContentValidation: Display: Validating Blueprint /Game/Tank/New_Tank/New_Tank_BP.New_Tank_BP
[2020.10.21-09.46.27:926][136]Cmd: OBJ SAVEPACKAGE PACKAGE="/Game/Level/BattleGround" FILE="../../../../../../Users/TarmaDSho/Desktop/BattleTank/BattleTank/Content/Level/BattleGround.umap" SILENT=true AUTOSAVING=false KEEPDIRTY=false
[2020.10.21-09.46.27:951][136]LogUObjectHash: Compacting FUObjectHashTables data took   0.60ms
[2020.10.21-09.46.28:386][136]LogSavePackage: Moving '../../../../../../Users/TarmaDSho/Desktop/BattleTank/BattleTank/Saved/BattleGround3FA8558B4B2B2D67A0FB048EA9483F65.tmp' to '../../../../../../Users/TarmaDSho/Desktop/BattleTank/BattleTank/Content/Level/BattleGround.umap'
[2020.10.21-09.46.28:434][136]Cmd: OBJ SAVEPACKAGE PACKAGE="/Game/Level/BattleGround_BuiltData" FILE="../../../../../../Users/TarmaDSho/Desktop/BattleTank/BattleTank/Content/Level/BattleGround_BuiltData.uasset" SILENT=true
[2020.10.21-09.46.28:961][136]LogSavePackage: Moving '../../../../../../Users/TarmaDSho/Desktop/BattleTank/BattleTank/Saved/BattleGround_BuiltData580457214FF1141C405AFCA62DEA5A4D.tmp' to '../../../../../../Users/TarmaDSho/Desktop/BattleTank/BattleTank/Content/Level/BattleGround_BuiltData.uasset'
[2020.10.21-09.46.28:979][136]AssetCheck: New page: Asset Save: multiple assets
[2020.10.21-09.46.28:979][136]LogContentValidation: Display: Validating World /Game/Level/BattleGround.BattleGround
[2020.10.21-09.46.28:979][136]LogContentValidation: Display: Validating MapBuildDataRegistry /Game/Level/BattleGround_BuiltData.BattleGround_BuiltData
[2020.10.21-09.46.31:576][385]LogOutputDevice: Warning: 

Script Stack (0 frames):

[2020.10.21-09.46.31:576][385]LogWindows: Windows GetLastError: The operation completed successfully. (0)
[2020.10.21-09.46.48:687][385]LogWindows: Error: === Critical error: ===
[2020.10.21-09.46.48:687][385]LogWindows: Error: 
[2020.10.21-09.46.48:687][385]LogWindows: Error: Fatal error: [File:D:/Build/++UE4+Licensee/Sync/Engine/Source/Runtime/CoreUObject/Private/UObject/Obj.cpp] [Line: 204] 
[2020.10.21-09.46.48:687][385]LogWindows: Error: Renaming an object (TankTrack /Game/Tank/New_Tank/New_Tank_BP.New_Tank_BP_C:LeftTrack_GEN_VARIABLE) on top of an existing object (TankTrack /Game/Tank/New_Tank/New_Tank_BP.New_Tank_BP_C:Left_Track_REMOVED_F5035AD54833709043AFAF8F8296640B) is not allowed
[2020.10.21-09.46.48:687][385]LogWindows: Error: 
[2020.10.21-09.46.48:687][385]LogWindows: Error: 
[2020.10.21-09.46.48:687][385]LogWindows: Error: [Callstack] 0x00007ffe00803e49 KERNELBASE.dll!UnknownFunction []
[2020.10.21-09.46.48:687][385]LogWindows: Error: [Callstack] 0x00007ffdb0cfe9e6 UE4Editor-Core.dll!ReportAssert() [D:\Build\++UE4+Licensee\Sync\Engine\Source\Runtime\Core\Private\Windows\WindowsPlatformCrashContext.cpp:1541]
[2020.10.21-09.46.48:687][385]LogWindows: Error: [Callstack] 0x00007ffdb0d01dc8 UE4Editor-Core.dll!FWindowsErrorOutputDevice::Serialize() [D:\Build\++UE4+Licensee\Sync\Engine\Source\Runtime\Core\Private\Windows\WindowsErrorOutputDevice.cpp:78]
[2020.10.21-09.46.48:687][385]LogWindows: Error: [Callstack] 0x00007ffdb0a8e53d UE4Editor-Core.dll!FOutputDevice::LogfImpl() [D:\Build\++UE4+Licensee\Sync\Engine\Source\Runtime\Core\Private\Misc\OutputDevice.cpp:61]
[2020.10.21-09.46.48:687][385]LogWindows: Error: [Callstack] 0x00007ffdb33313dd UE4Editor-CoreUObject.dll!UObject::Rename() [D:\Build\++UE4+Licensee\Sync\Engine\Source\Runtime\CoreUObject\Private\UObject\Obj.cpp:204]
[2020.10.21-09.46.48:687][385]LogWindows: Error: [Callstack] 0x00007ffd9dfa50d3 UE4Editor-Engine.dll!UActorComponent::Rename() [D:\Build\++UE4+Licensee\Sync\Engine\Source\Runtime\Engine\Private\Components\ActorComponent.cpp:388]
[2020.10.21-09.46.48:688][385]LogWindows: Error: [Callstack] 0x00007ffd9d2dbd99 UE4Editor-Kismet.dll!<lambda_c3b652aca074cec5bb73109736ba4ca9>::operator()() [D:\Build\++UE4+Licensee\Sync\Engine\Source\Editor\Kismet\Private\SSCSEditor.cpp:5964]
[2020.10.21-09.46.48:688][385]LogWindows: Error: [Callstack] 0x00007ffd9d39016d UE4Editor-Kismet.dll!SSCSEditor::RemoveComponentNode() [D:\Build\++UE4+Licensee\Sync\Engine\Source\Editor\Kismet\Private\SSCSEditor.cpp:5976]
[2020.10.21-09.46.48:688][385]LogWindows: Error: [Callstack] 0x00007ffd9d36a5dc UE4Editor-Kismet.dll!SSCSEditor::OnDeleteNodes() [D:\Build\++UE4+Licensee\Sync\Engine\Source\Editor\Kismet\Private\SSCSEditor.cpp:5855]
[2020.10.21-09.46.48:688][385]LogWindows: Error: [Callstack] 0x00007ffd9d32db3e UE4Editor-Kismet.dll!TBaseSPMethodDelegateInstance<0,SSCSEditor,0,void __cdecl(void)>::ExecuteIfSafe() [D:\Build\++UE4+Licensee\Sync\Engine\Source\Runtime\Core\Public\Delegates\DelegateInstancesImpl.h:374]
[2020.10.21-09.46.48:688][385]LogWindows: Error: [Callstack] 0x00007ffdaee02dc1 UE4Editor-Slate.dll!FUICommandList::ConditionalProcessCommandBindings() [D:\Build\++UE4+Licensee\Sync\Engine\Source\Runtime\Slate\Private\Framework\Commands\UICommandList.cpp:220]
[2020.10.21-09.46.48:688][385]LogWindows: Error: [Callstack] 0x00007ffdaee3b54a UE4Editor-Slate.dll!FUICommandList::ProcessCommandBindings() [D:\Build\++UE4+Licensee\Sync\Engine\Source\Runtime\Slate\Private\Framework\Commands\UICommandList.cpp:164]
[2020.10.21-09.46.48:688][385]LogWindows: Error: [Callstack] 0x00007ffd9d37499b UE4Editor-Kismet.dll!SSCSEditor::OnKeyDown() [D:\Build\++UE4+Licensee\Sync\Engine\Source\Editor\Kismet\Private\SSCSEditor.cpp:3884]
[2020.10.21-09.46.48:688][385]LogWindows: Error: [Callstack] 0x00007ffdaedd061b UE4Editor-Slate.dll!FEventRouter::Route<FReply,FEventRouter::FBubblePolicy,FKeyEvent,<lambda_348e43676c71ef9c842236ae8e30eb35> >() [D:\Build\++UE4+Licensee\Sync\Engine\Source\Runtime\Slate\Private\Framework\Application\SlateApplication.cpp:372]
[2020.10.21-09.46.48:688][385]LogWindows: Error: [Callstack] 0x00007ffdaee3d561 UE4Editor-Slate.dll!FSlateApplication::ProcessKeyDownEvent() [D:\Build\++UE4+Licensee\Sync\Engine\Source\Runtime\Slate\Private\Framework\Application\SlateApplication.cpp:4204]
[2020.10.21-09.46.48:688][385]LogWindows: Error: [Callstack] 0x00007ffdaee30f16 UE4Editor-Slate.dll!FSlateApplication::OnKeyDown() [D:\Build\++UE4+Licensee\Sync\Engine\Source\Runtime\Slate\Private\Framework\Application\SlateApplication.cpp:4112]
[2020.10.21-09.46.48:688][385]LogWindows: Error: [Callstack] 0x00007ffddde47c25 UE4Editor-ApplicationCore.dll!FWindowsApplication::ProcessDeferredMessage() [D:\Build\++UE4+Licensee\Sync\Engine\Source\Runtime\ApplicationCore\Private\Windows\WindowsApplication.cpp:1968]
[2020.10.21-09.46.48:688][385]LogWindows: Error: [Callstack] 0x00007ffddde35c87 UE4Editor-ApplicationCore.dll!FWindowsApplication::DeferMessage() [D:\Build\++UE4+Licensee\Sync\Engine\Source\Runtime\ApplicationCore\Private\Windows\WindowsApplication.cpp:2585]
[2020.10.21-09.46.48:688][385]LogWindows: Error: [Callstack] 0x00007ffddde4a609 UE4Editor-ApplicationCore.dll!FWindowsApplication::ProcessMessage() [D:\Build\++UE4+Licensee\Sync\Engine\Source\Runtime\ApplicationCore\Private\Windows\WindowsApplication.cpp:1809]
[2020.10.21-09.46.48:688][385]LogWindows: Error: [Callstack] 0x00007ffddde317d0 UE4Editor-ApplicationCore.dll!FWindowsApplication::AppWndProc() [D:\Build\++UE4+Licensee\Sync\Engine\Source\Runtime\ApplicationCore\Private\Windows\WindowsApplication.cpp:852]
[2020.10.21-09.46.48:688][385]LogWindows: Error: [Callstack] 0x00007ffe0117e6d8 USER32.dll!UnknownFunction []
[2020.10.21-09.46.48:688][385]LogWindows: Error: [Callstack] 0x00007ffe0117e119 USER32.dll!UnknownFunction []
[2020.10.21-09.46.48:688][385]LogWindows: Error: [Callstack] 0x00007ffddde4bb24 UE4Editor-ApplicationCore.dll!FWindowsPlatformApplicationMisc::PumpMessages() [D:\Build\++UE4+Licensee\Sync\Engine\Source\Runtime\ApplicationCore\Private\Windows\WindowsPlatformApplicationMisc.cpp:130]
[2020.10.21-09.46.48:688][385]LogWindows: Error: [Callstack] 0x00007ff7b36f68c4 UE4Editor.exe!FEngineLoop::Tick() [D:\Build\++UE4+Licensee\Sync\Engine\Source\Runtime\Launch\Private\LaunchEngineLoop.cpp:4762]
[2020.10.21-09.46.48:688][385]LogWindows: Error: [Callstack] 0x00007ff7b370ba7c UE4Editor.exe!GuardedMain() [D:\Build\++UE4+Licensee\Sync\Engine\Source\Runtime\Launch\Private\Launch.cpp:169]
[2020.10.21-09.46.48:688][385]LogWindows: Error: [Callstack] 0x00007ff7b370bb5a UE4Editor.exe!GuardedMainWrapper() [D:\Build\++UE4+Licensee\Sync\Engine\Source\Runtime\Launch\Private\Windows\LaunchWindows.cpp:137]
[2020.10.21-09.46.48:688][385]LogWindows: Error: [Callstack] 0x00007ff7b371e31d UE4Editor.exe!WinMain() [D:\Build\++UE4+Licensee\Sync\Engine\Source\Runtime\Launch\Private\Windows\LaunchWindows.cpp:268]
[2020.10.21-09.46.48:688][385]LogWindows: Error: [Callstack] 0x00007ff7b372145a UE4Editor.exe!__scrt_common_main_seh() [d:\agent\_work\5\s\src\vctools\crt\vcstartup\src\startup\exe_common.inl:288]
[2020.10.21-09.46.48:688][385]LogWindows: Error: [Callstack] 0x00007ffe01347034 KERNEL32.DLL!UnknownFunction []
[2020.10.21-09.46.48:688][385]LogWindows: Error: [Callstack] 0x00007ffe02c9cec1 ntdll.dll!UnknownFunction []
[2020.10.21-09.46.48:688][385]LogWindows: Error: 
[2020.10.21-09.46.48:713][385]LogExit: Executing StaticShutdownAfterError
[2020.10.21-09.46.48:722][385]LogWindows: FPlatformMisc::RequestExit(1)
[2020.10.21-09.46.48:722][385]LogCore: Engine exit requested (reason: Win RequestExit)
[2020.10.21-09.46.48:731][385]Log file closed, 10/21/20 12:46:48
